{"Y:\\workspace\\learnproject\\ShnurAA_214371_RIOPK_Server\\src\\server.ts": {"path":"Y:\\workspace\\learnproject\\ShnurAA_214371_RIOPK_Server\\src\\server.ts","statementMap":{"0":{"start":{"line":2,"column":0},"end":{"line":2,"column":26}},"1":{"start":{"line":3,"column":0},"end":{"line":3,"column":46}},"2":{"start":{"line":5,"column":0},"end":{"line":5,"column":51}},"3":{"start":{"line":6,"column":0},"end":{"line":6,"column":45}},"4":{"start":{"line":7,"column":0},"end":{"line":7,"column":70}},"5":{"start":{"line":9,"column":20},"end":{"line":24,"column":1}},"6":{"start":{"line":10,"column":4},"end":{"line":23,"column":5}},"7":{"start":{"line":11,"column":8},"end":{"line":11,"column":26}},"8":{"start":{"line":13,"column":8},"end":{"line":19,"column":11}},"9":{"start":{"line":14,"column":12},"end":{"line":14,"column":65}},"10":{"start":{"line":15,"column":12},"end":{"line":17,"column":14}},"11":{"start":{"line":18,"column":12},"end":{"line":18,"column":54}},"12":{"start":{"line":21,"column":8},"end":{"line":21,"column":56}},"13":{"start":{"line":22,"column":8},"end":{"line":22,"column":24}},"14":{"start":{"line":26,"column":0},"end":{"line":26,"column":14}}},"fnMap":{"0":{"name":"(anonymous_1)","decl":{"start":{"line":9,"column":20},"end":{"line":9,"column":25}},"loc":{"start":{"line":9,"column":31},"end":{"line":24,"column":1}}},"1":{"name":"(anonymous_2)","decl":{"start":{"line":13,"column":32},"end":{"line":13,"column":35}},"loc":{"start":{"line":13,"column":37},"end":{"line":19,"column":9}}}},"branchMap":{},"s":{"0":0,"1":0,"2":0,"3":0,"4":0,"5":0,"6":0,"7":0,"8":0,"9":0,"10":0,"11":0,"12":0,"13":0,"14":0},"f":{"0":0,"1":0},"b":{}}
,"Y:\\workspace\\learnproject\\ShnurAA_214371_RIOPK_Server\\src\\swagger.config.ts": {"path":"Y:\\workspace\\learnproject\\ShnurAA_214371_RIOPK_Server\\src\\swagger.config.ts","statementMap":{"0":{"start":{"line":2,"column":0},"end":{"line":2,"column":41}},"1":{"start":{"line":3,"column":0},"end":{"line":3,"column":20}},"2":{"start":{"line":4,"column":0},"end":{"line":4,"column":24}},"3":{"start":{"line":5,"column":0},"end":{"line":5,"column":45}},"4":{"start":{"line":13,"column":4},"end":{"line":39,"column":5}},"5":{"start":{"line":19,"column":32},"end":{"line":19,"column":74}},"6":{"start":{"line":22,"column":8},"end":{"line":27,"column":9}},"7":{"start":{"line":23,"column":12},"end":{"line":25,"column":14}},"8":{"start":{"line":26,"column":12},"end":{"line":26,"column":27}},"9":{"start":{"line":30,"column":35},"end":{"line":30,"column":76}},"10":{"start":{"line":32,"column":32},"end":{"line":32,"column":62}},"11":{"start":{"line":34,"column":8},"end":{"line":34,"column":50}},"12":{"start":{"line":36,"column":8},"end":{"line":36,"column":74}},"13":{"start":{"line":38,"column":8},"end":{"line":38,"column":23}},"14":{"start":{"line":43,"column":38},"end":{"line":125,"column":2}},"15":{"start":{"line":129,"column":0},"end":{"line":137,"column":1}},"16":{"start":{"line":131,"column":4},"end":{"line":131,"column":40}},"17":{"start":{"line":132,"column":4},"end":{"line":132,"column":56}},"18":{"start":{"line":135,"column":4},"end":{"line":135,"column":59}},"19":{"start":{"line":140,"column":0},"end":{"line":140,"column":27}}},"fnMap":{"0":{"name":"getPackageVersion","decl":{"start":{"line":12,"column":9},"end":{"line":12,"column":26}},"loc":{"start":{"line":12,"column":26},"end":{"line":40,"column":1}}}},"branchMap":{"0":{"loc":{"start":{"line":22,"column":8},"end":{"line":27,"column":9}},"type":"if","locations":[{"start":{"line":22,"column":8},"end":{"line":27,"column":9}}]},"1":{"loc":{"start":{"line":34,"column":15},"end":{"line":34,"column":49}},"type":"binary-expr","locations":[{"start":{"line":34,"column":15},"end":{"line":34,"column":38}},{"start":{"line":34,"column":42},"end":{"line":34,"column":49}}]}},"s":{"0":1,"1":1,"2":1,"3":1,"4":1,"5":1,"6":1,"7":0,"8":0,"9":1,"10":1,"11":1,"12":0,"13":0,"14":1,"15":1,"16":1,"17":1,"18":0,"19":1},"f":{"0":1},"b":{"0":[0],"1":[1,0]}}
,"Y:\\workspace\\learnproject\\ShnurAA_214371_RIOPK_Server\\src\\application\\dtos\\auth\\login-response.dto.ts": {"path":"Y:\\workspace\\learnproject\\ShnurAA_214371_RIOPK_Server\\src\\application\\dtos\\auth\\login-response.dto.ts","statementMap":{"0":{"start":{"line":2,"column":0},"end":{"line":2,"column":54}},"1":{"start":{"line":3,"column":0},"end":{"line":3,"column":49}},"2":{"start":{"line":21,"column":4},"end":{"line":21,"column":null}},"3":{"start":{"line":25,"column":4},"end":{"line":25,"column":null}},"4":{"start":{"line":19,"column":0},"end":{"line":19,"column":13}},"5":{"start":{"line":24,"column":16},"end":{"line":24,"column":31}}},"fnMap":{"0":{"name":"(anonymous_2)","decl":{"start":{"line":19,"column":0},"end":{"line":19,"column":13}},"loc":{"start":{"line":19,"column":0},"end":{"line":26,"column":1}}},"1":{"name":"(anonymous_3)","decl":{"start":{"line":24,"column":10},"end":{"line":24,"column":13}},"loc":{"start":{"line":24,"column":16},"end":{"line":24,"column":31}}}},"branchMap":{},"s":{"0":2,"1":2,"2":5,"3":5,"4":2,"5":3},"f":{"0":3,"1":3},"b":{}}
,"Y:\\workspace\\learnproject\\ShnurAA_214371_RIOPK_Server\\src\\application\\dtos\\auth\\login-user.dto.ts": {"path":"Y:\\workspace\\learnproject\\ShnurAA_214371_RIOPK_Server\\src\\application\\dtos\\auth\\login-user.dto.ts","statementMap":{"0":{"start":{"line":2,"column":0},"end":{"line":2,"column":64}},"1":{"start":{"line":29,"column":4},"end":{"line":29,"column":null}},"2":{"start":{"line":33,"column":4},"end":{"line":33,"column":null}},"3":{"start":{"line":25,"column":0},"end":{"line":25,"column":13}}},"fnMap":{"0":{"name":"(anonymous_2)","decl":{"start":{"line":25,"column":0},"end":{"line":25,"column":13}},"loc":{"start":{"line":25,"column":0},"end":{"line":34,"column":1}}}},"branchMap":{},"s":{"0":1,"1":10,"2":10,"3":1},"f":{"0":9},"b":{}}
,"Y:\\workspace\\learnproject\\ShnurAA_214371_RIOPK_Server\\src\\application\\dtos\\auth\\register-user.dto.ts": {"path":"Y:\\workspace\\learnproject\\ShnurAA_214371_RIOPK_Server\\src\\application\\dtos\\auth\\register-user.dto.ts","statementMap":{"0":{"start":{"line":2,"column":0},"end":{"line":2,"column":75}},"1":{"start":{"line":35,"column":4},"end":{"line":35,"column":null}},"2":{"start":{"line":39,"column":4},"end":{"line":39,"column":null}},"3":{"start":{"line":44,"column":4},"end":{"line":44,"column":null}},"4":{"start":{"line":31,"column":0},"end":{"line":31,"column":13}}},"fnMap":{"0":{"name":"(anonymous_2)","decl":{"start":{"line":31,"column":0},"end":{"line":31,"column":13}},"loc":{"start":{"line":31,"column":0},"end":{"line":45,"column":1}}}},"branchMap":{},"s":{"0":1,"1":14,"2":14,"3":14,"4":1},"f":{"0":13},"b":{}}
,"Y:\\workspace\\learnproject\\ShnurAA_214371_RIOPK_Server\\src\\application\\dtos\\auth\\user-response.dto.ts": {"path":"Y:\\workspace\\learnproject\\ShnurAA_214371_RIOPK_Server\\src\\application\\dtos\\auth\\user-response.dto.ts","statementMap":{"0":{"start":{"line":3,"column":0},"end":{"line":3,"column":52}},"1":{"start":{"line":46,"column":4},"end":{"line":46,"column":null}},"2":{"start":{"line":49,"column":4},"end":{"line":49,"column":null}},"3":{"start":{"line":51,"column":4},"end":{"line":51,"column":null}},"4":{"start":{"line":53,"column":4},"end":{"line":53,"column":null}},"5":{"start":{"line":55,"column":4},"end":{"line":55,"column":null}},"6":{"start":{"line":57,"column":4},"end":{"line":57,"column":null}},"7":{"start":{"line":59,"column":4},"end":{"line":59,"column":null}},"8":{"start":{"line":44,"column":0},"end":{"line":44,"column":13}}},"fnMap":{"0":{"name":"(anonymous_2)","decl":{"start":{"line":44,"column":0},"end":{"line":44,"column":13}},"loc":{"start":{"line":44,"column":0},"end":{"line":60,"column":1}}}},"branchMap":{},"s":{"0":3,"1":16,"2":16,"3":16,"4":16,"5":16,"6":16,"7":16,"8":3},"f":{"0":13},"b":{}}
,"Y:\\workspace\\learnproject\\ShnurAA_214371_RIOPK_Server\\src\\application\\dtos\\reports\\dashboard-summary.dto.ts": {"path":"Y:\\workspace\\learnproject\\ShnurAA_214371_RIOPK_Server\\src\\application\\dtos\\reports\\dashboard-summary.dto.ts","statementMap":{"0":{"start":{"line":2,"column":0},"end":{"line":2,"column":49}},"1":{"start":{"line":33,"column":4},"end":{"line":33,"column":null}},"2":{"start":{"line":36,"column":4},"end":{"line":36,"column":null}},"3":{"start":{"line":39,"column":4},"end":{"line":39,"column":null}},"4":{"start":{"line":71,"column":4},"end":{"line":71,"column":null}},"5":{"start":{"line":74,"column":4},"end":{"line":74,"column":null}},"6":{"start":{"line":78,"column":4},"end":{"line":78,"column":null}},"7":{"start":{"line":69,"column":0},"end":{"line":69,"column":13}},"8":{"start":{"line":77,"column":16},"end":{"line":77,"column":30}}},"fnMap":{"0":{"name":"(anonymous_2)","decl":{"start":{"line":30,"column":0},"end":{"line":30,"column":6}},"loc":{"start":{"line":30,"column":0},"end":{"line":40,"column":1}}},"1":{"name":"(anonymous_3)","decl":{"start":{"line":69,"column":0},"end":{"line":69,"column":13}},"loc":{"start":{"line":69,"column":0},"end":{"line":79,"column":1}}},"2":{"name":"(anonymous_4)","decl":{"start":{"line":77,"column":10},"end":{"line":77,"column":13}},"loc":{"start":{"line":77,"column":16},"end":{"line":77,"column":30}}}},"branchMap":{},"s":{"0":1,"1":1,"2":1,"3":1,"4":1,"5":1,"6":1,"7":1,"8":0},"f":{"0":0,"1":0,"2":0},"b":{}}
,"Y:\\workspace\\learnproject\\ShnurAA_214371_RIOPK_Server\\src\\application\\dtos\\users\\update-user.dto.ts": {"path":"Y:\\workspace\\learnproject\\ShnurAA_214371_RIOPK_Server\\src\\application\\dtos\\users\\update-user.dto.ts","statementMap":{"0":{"start":{"line":2,"column":0},"end":{"line":2,"column":null}},"1":{"start":{"line":13,"column":31},"end":{"line":13,"column":62}},"2":{"start":{"line":44,"column":4},"end":{"line":44,"column":null}},"3":{"start":{"line":52,"column":4},"end":{"line":52,"column":null}},"4":{"start":{"line":40,"column":0},"end":{"line":40,"column":13}}},"fnMap":{"0":{"name":"(anonymous_2)","decl":{"start":{"line":40,"column":0},"end":{"line":40,"column":13}},"loc":{"start":{"line":40,"column":0},"end":{"line":55,"column":1}}}},"branchMap":{},"s":{"0":1,"1":1,"2":1,"3":1,"4":1},"f":{"0":0},"b":{}}
,"Y:\\workspace\\learnproject\\ShnurAA_214371_RIOPK_Server\\src\\application\\errors\\AppError.ts": {"path":"Y:\\workspace\\learnproject\\ShnurAA_214371_RIOPK_Server\\src\\application\\errors\\AppError.ts","statementMap":{"0":{"start":{"line":11,"column":8},"end":{"line":11,"column":23}},"1":{"start":{"line":3,"column":20},"end":{"line":3,"column":null}},"2":{"start":{"line":4,"column":20},"end":{"line":4,"column":44}},"3":{"start":{"line":12,"column":8},"end":{"line":12,"column":37}},"4":{"start":{"line":13,"column":8},"end":{"line":13,"column":43}},"5":{"start":{"line":16,"column":8},"end":{"line":16,"column":56}},"6":{"start":{"line":19,"column":8},"end":{"line":19,"column":56}},"7":{"start":{"line":2,"column":0},"end":{"line":2,"column":13}}},"fnMap":{"0":{"name":"(anonymous_0)","decl":{"start":{"line":6,"column":4},"end":{"line":6,"column":null}},"loc":{"start":{"line":9,"column":37},"end":{"line":20,"column":5}}}},"branchMap":{"0":{"loc":{"start":{"line":8,"column":8},"end":{"line":8,"column":32}},"type":"default-arg","locations":[{"start":{"line":8,"column":29},"end":{"line":8,"column":32}}]},"1":{"loc":{"start":{"line":9,"column":8},"end":{"line":9,"column":37}},"type":"default-arg","locations":[{"start":{"line":9,"column":33},"end":{"line":9,"column":37}}]}},"s":{"0":15,"1":15,"2":15,"3":15,"4":15,"5":15,"6":15,"7":3},"f":{"0":15},"b":{"0":[0],"1":[15]}}
,"Y:\\workspace\\learnproject\\ShnurAA_214371_RIOPK_Server\\src\\application\\interfaces\\IJwtService.ts": {"path":"Y:\\workspace\\learnproject\\ShnurAA_214371_RIOPK_Server\\src\\application\\interfaces\\IJwtService.ts","statementMap":{"0":{"start":{"line":17,"column":13},"end":{"line":17,"column":53}}},"fnMap":{},"branchMap":{},"s":{"0":3},"f":{},"b":{}}
,"Y:\\workspace\\learnproject\\ShnurAA_214371_RIOPK_Server\\src\\application\\interfaces\\IPasswordHasher.ts": {"path":"Y:\\workspace\\learnproject\\ShnurAA_214371_RIOPK_Server\\src\\application\\interfaces\\IPasswordHasher.ts","statementMap":{"0":{"start":{"line":6,"column":13},"end":{"line":6,"column":61}}},"fnMap":{},"branchMap":{},"s":{"0":3},"f":{},"b":{}}
,"Y:\\workspace\\learnproject\\ShnurAA_214371_RIOPK_Server\\src\\application\\use-cases\\auth\\login-user.use-case.ts": {"path":"Y:\\workspace\\learnproject\\ShnurAA_214371_RIOPK_Server\\src\\application\\use-cases\\auth\\login-user.use-case.ts","statementMap":{"0":{"start":{"line":2,"column":0},"end":{"line":2,"column":46}},"1":{"start":{"line":4,"column":0},"end":{"line":4,"column":70}},"2":{"start":{"line":5,"column":0},"end":{"line":5,"column":68}},"3":{"start":{"line":6,"column":0},"end":{"line":6,"column":null}},"4":{"start":{"line":10,"column":0},"end":{"line":10,"column":null}},"5":{"start":{"line":14,"column":0},"end":{"line":14,"column":null}},"6":{"start":{"line":19,"column":0},"end":{"line":19,"column":49}},"7":{"start":{"line":20,"column":0},"end":{"line":20,"column":52}},"8":{"start":{"line":23,"column":7},"end":{"line":86,"column":null}},"9":{"start":{"line":25,"column":8},"end":{"line":26,"column":null}},"10":{"start":{"line":27,"column":8},"end":{"line":28,"column":null}},"11":{"start":{"line":29,"column":8},"end":{"line":30,"column":null}},"12":{"start":{"line":41,"column":21},"end":{"line":41,"column":70}},"13":{"start":{"line":42,"column":8},"end":{"line":45,"column":9}},"14":{"start":{"line":44,"column":12},"end":{"line":44,"column":65}},"15":{"start":{"line":48,"column":32},"end":{"line":50,"column":null}},"16":{"start":{"line":52,"column":8},"end":{"line":54,"column":9}},"17":{"start":{"line":53,"column":12},"end":{"line":53,"column":65}},"18":{"start":{"line":57,"column":39},"end":{"line":61,"column":10}},"19":{"start":{"line":62,"column":28},"end":{"line":62,"column":66}},"20":{"start":{"line":66,"column":29},"end":{"line":68,"column":10}},"21":{"start":{"line":71,"column":37},"end":{"line":74,"column":10}},"22":{"start":{"line":76,"column":30},"end":{"line":81,"column":null}},"23":{"start":{"line":84,"column":8},"end":{"line":84,"column":29}},"24":{"start":{"line":23,"column":13},"end":{"line":23,"column":29}},"25":{"start":{"line":23,"column":13},"end":{"line":86,"column":null}}},"fnMap":{"0":{"name":"(anonymous_4)","decl":{"start":{"line":24,"column":4},"end":{"line":24,"column":null}},"loc":{"start":{"line":30,"column":39},"end":{"line":31,"column":8}}},"1":{"name":"(anonymous_5)","decl":{"start":{"line":39,"column":4},"end":{"line":39,"column":9}},"loc":{"start":{"line":39,"column":36},"end":{"line":85,"column":5}}}},"branchMap":{"0":{"loc":{"start":{"line":42,"column":8},"end":{"line":45,"column":9}},"type":"if","locations":[{"start":{"line":42,"column":8},"end":{"line":45,"column":9}}]},"1":{"loc":{"start":{"line":52,"column":8},"end":{"line":54,"column":9}},"type":"if","locations":[{"start":{"line":52,"column":8},"end":{"line":54,"column":9}}]}},"s":{"0":2,"1":2,"2":2,"3":2,"4":2,"5":2,"6":2,"7":2,"8":2,"9":7,"10":7,"11":7,"12":7,"13":7,"14":2,"15":5,"16":5,"17":2,"18":3,"19":3,"20":3,"21":3,"22":3,"23":3,"24":2,"25":2},"f":{"0":7,"1":7},"b":{"0":[2],"1":[2]}}
,"Y:\\workspace\\learnproject\\ShnurAA_214371_RIOPK_Server\\src\\application\\use-cases\\auth\\register-user.use-case.ts": {"path":"Y:\\workspace\\learnproject\\ShnurAA_214371_RIOPK_Server\\src\\application\\use-cases\\auth\\register-user.use-case.ts","statementMap":{"0":{"start":{"line":2,"column":0},"end":{"line":2,"column":46}},"1":{"start":{"line":4,"column":0},"end":{"line":4,"column":68}},"2":{"start":{"line":5,"column":0},"end":{"line":5,"column":null}},"3":{"start":{"line":9,"column":0},"end":{"line":9,"column":null}},"4":{"start":{"line":13,"column":0},"end":{"line":13,"column":49}},"5":{"start":{"line":15,"column":0},"end":{"line":15,"column":52}},"6":{"start":{"line":18,"column":7},"end":{"line":62,"column":null}},"7":{"start":{"line":20,"column":8},"end":{"line":21,"column":null}},"8":{"start":{"line":22,"column":8},"end":{"line":23,"column":null}},"9":{"start":{"line":34,"column":29},"end":{"line":34,"column":78}},"10":{"start":{"line":35,"column":8},"end":{"line":40,"column":9}},"11":{"start":{"line":36,"column":12},"end":{"line":39,"column":14}},"12":{"start":{"line":43,"column":29},"end":{"line":43,"column":74}},"13":{"start":{"line":47,"column":24},"end":{"line":52,"column":10}},"14":{"start":{"line":56,"column":29},"end":{"line":58,"column":10}},"15":{"start":{"line":60,"column":8},"end":{"line":60,"column":28}},"16":{"start":{"line":18,"column":13},"end":{"line":18,"column":32}},"17":{"start":{"line":18,"column":13},"end":{"line":62,"column":null}}},"fnMap":{"0":{"name":"(anonymous_4)","decl":{"start":{"line":19,"column":4},"end":{"line":19,"column":null}},"loc":{"start":{"line":23,"column":47},"end":{"line":24,"column":8}}},"1":{"name":"(anonymous_5)","decl":{"start":{"line":32,"column":4},"end":{"line":32,"column":9}},"loc":{"start":{"line":32,"column":39},"end":{"line":61,"column":5}}}},"branchMap":{"0":{"loc":{"start":{"line":35,"column":8},"end":{"line":40,"column":9}},"type":"if","locations":[{"start":{"line":35,"column":8},"end":{"line":40,"column":9}}]}},"s":{"0":2,"1":2,"2":2,"3":2,"4":2,"5":2,"6":2,"7":7,"8":7,"9":8,"10":8,"11":3,"12":5,"13":5,"14":5,"15":5,"16":2,"17":2},"f":{"0":7,"1":8},"b":{"0":[3]}}
,"Y:\\workspace\\learnproject\\ShnurAA_214371_RIOPK_Server\\src\\application\\use-cases\\data-uploads\\process-invoice-upload.use-case.ts": {"path":"Y:\\workspace\\learnproject\\ShnurAA_214371_RIOPK_Server\\src\\application\\use-cases\\data-uploads\\process-invoice-upload.use-case.ts","statementMap":{"0":{"start":{"line":2,"column":0},"end":{"line":2,"column":46}},"1":{"start":{"line":3,"column":0},"end":{"line":3,"column":20}},"2":{"start":{"line":4,"column":0},"end":{"line":4,"column":29}},"3":{"start":{"line":5,"column":0},"end":{"line":5,"column":null}},"4":{"start":{"line":10,"column":0},"end":{"line":10,"column":null}},"5":{"start":{"line":19,"column":0},"end":{"line":19,"column":49}},"6":{"start":{"line":21,"column":0},"end":{"line":21,"column":52}},"7":{"start":{"line":68,"column":7},"end":{"line":424,"column":null}},"8":{"start":{"line":78,"column":8},"end":{"line":79,"column":null}},"9":{"start":{"line":80,"column":8},"end":{"line":81,"column":null}},"10":{"start":{"line":69,"column":12},"end":{"line":69,"column":null}},"11":{"start":{"line":70,"column":12},"end":{"line":70,"column":null}},"12":{"start":{"line":71,"column":12},"end":{"line":71,"column":null}},"13":{"start":{"line":72,"column":12},"end":{"line":72,"column":null}},"14":{"start":{"line":73,"column":12},"end":{"line":73,"column":null}},"15":{"start":{"line":74,"column":12},"end":{"line":74,"column":49}},"16":{"start":{"line":90,"column":8},"end":{"line":90,"column":26}},"17":{"start":{"line":91,"column":8},"end":{"line":91,"column":36}},"18":{"start":{"line":92,"column":24},"end":{"line":92,"column":25}},"19":{"start":{"line":95,"column":8},"end":{"line":142,"column":9}},"20":{"start":{"line":96,"column":32},"end":{"line":96,"column":66}},"21":{"start":{"line":97,"column":32},"end":{"line":97,"column":64}},"22":{"start":{"line":99,"column":12},"end":{"line":103,"column":14}},"23":{"start":{"line":100,"column":16},"end":{"line":101,"column":null}},"24":{"start":{"line":105,"column":34},"end":{"line":105,"column":50}},"25":{"start":{"line":106,"column":12},"end":{"line":106,"column":45}},"26":{"start":{"line":107,"column":34},"end":{"line":107,"column":65}},"27":{"start":{"line":109,"column":12},"end":{"line":129,"column":13}},"28":{"start":{"line":110,"column":16},"end":{"line":127,"column":17}},"29":{"start":{"line":112,"column":20},"end":{"line":112,"column":64}},"30":{"start":{"line":115,"column":39},"end":{"line":115,"column":69}},"31":{"start":{"line":117,"column":20},"end":{"line":118,"column":77}},"32":{"start":{"line":117,"column":48},"end":{"line":117,"column":77}},"33":{"start":{"line":118,"column":25},"end":{"line":118,"column":77}},"34":{"start":{"line":118,"column":56},"end":{"line":118,"column":77}},"35":{"start":{"line":119,"column":20},"end":{"line":122,"column":22}},"36":{"start":{"line":123,"column":20},"end":{"line":123,"column":44}},"37":{"start":{"line":124,"column":20},"end":{"line":126,"column":22}},"38":{"start":{"line":128,"column":16},"end":{"line":128,"column":34}},"39":{"start":{"line":131,"column":12},"end":{"line":131,"column":50}},"40":{"start":{"line":134,"column":31},"end":{"line":134,"column":67}},"41":{"start":{"line":135,"column":12},"end":{"line":136,"column":69}},"42":{"start":{"line":135,"column":40},"end":{"line":135,"column":69}},"43":{"start":{"line":136,"column":17},"end":{"line":136,"column":69}},"44":{"start":{"line":136,"column":48},"end":{"line":136,"column":69}},"45":{"start":{"line":137,"column":12},"end":{"line":137,"column":66}},"46":{"start":{"line":138,"column":12},"end":{"line":138,"column":79}},"47":{"start":{"line":140,"column":12},"end":{"line":140,"column":38}},"48":{"start":{"line":141,"column":12},"end":{"line":141,"column":41}},"49":{"start":{"line":147,"column":8},"end":{"line":147,"column":39}},"50":{"start":{"line":148,"column":8},"end":{"line":148,"column":38}},"51":{"start":{"line":149,"column":8},"end":{"line":149,"column":38}},"52":{"start":{"line":150,"column":8},"end":{"line":150,"column":34}},"53":{"start":{"line":151,"column":8},"end":{"line":151,"column":28}},"54":{"start":{"line":155,"column":8},"end":{"line":163,"column":10}},"55":{"start":{"line":169,"column":8},"end":{"line":205,"column":11}},"56":{"start":{"line":170,"column":12},"end":{"line":204,"column":15}},"57":{"start":{"line":175,"column":44},"end":{"line":182,"column":22}},"58":{"start":{"line":183,"column":42},"end":{"line":183,"column":61}},"59":{"start":{"line":184,"column":20},"end":{"line":193,"column":21}},"60":{"start":{"line":186,"column":54},"end":{"line":186,"column":79}},"61":{"start":{"line":188,"column":24},"end":{"line":192,"column":26}},"62":{"start":{"line":194,"column":20},"end":{"line":198,"column":22}},"63":{"start":{"line":195,"column":24},"end":{"line":196,"column":null}},"64":{"start":{"line":196,"column":37},"end":{"line":196,"column":77}},"65":{"start":{"line":199,"column":20},"end":{"line":199,"column":37}},"66":{"start":{"line":202,"column":20},"end":{"line":202,"column":79}},"67":{"start":{"line":212,"column":30},"end":{"line":212,"column":73}},"68":{"start":{"line":215,"column":25},"end":{"line":218,"column":null}},"69":{"start":{"line":222,"column":8},"end":{"line":227,"column":9}},"70":{"start":{"line":224,"column":12},"end":{"line":226,"column":14}},"71":{"start":{"line":230,"column":12},"end":{"line":232,"column":null}},"72":{"start":{"line":234,"column":8},"end":{"line":238,"column":9}},"73":{"start":{"line":235,"column":12},"end":{"line":237,"column":14}},"74":{"start":{"line":240,"column":31},"end":{"line":248,"column":10}},"75":{"start":{"line":250,"column":8},"end":{"line":250,"column":60}},"76":{"start":{"line":251,"column":8},"end":{"line":251,"column":36}},"77":{"start":{"line":256,"column":33},"end":{"line":256,"column":35}},"78":{"start":{"line":257,"column":30},"end":{"line":257,"column":55}},"79":{"start":{"line":258,"column":29},"end":{"line":258,"column":53}},"80":{"start":{"line":259,"column":28},"end":{"line":259,"column":51}},"81":{"start":{"line":260,"column":29},"end":{"line":260,"column":50}},"82":{"start":{"line":261,"column":27},"end":{"line":261,"column":46}},"83":{"start":{"line":262,"column":31},"end":{"line":262,"column":54}},"84":{"start":{"line":263,"column":30},"end":{"line":263,"column":52}},"85":{"start":{"line":265,"column":8},"end":{"line":266,"column":67}},"86":{"start":{"line":266,"column":12},"end":{"line":266,"column":67}},"87":{"start":{"line":267,"column":8},"end":{"line":268,"column":66}},"88":{"start":{"line":268,"column":12},"end":{"line":268,"column":66}},"89":{"start":{"line":269,"column":8},"end":{"line":269,"column":79}},"90":{"start":{"line":269,"column":26},"end":{"line":269,"column":79}},"91":{"start":{"line":270,"column":8},"end":{"line":271,"column":68}},"92":{"start":{"line":271,"column":12},"end":{"line":271,"column":68}},"93":{"start":{"line":272,"column":8},"end":{"line":272,"column":74}},"94":{"start":{"line":272,"column":25},"end":{"line":272,"column":74}},"95":{"start":{"line":273,"column":8},"end":{"line":274,"column":65}},"96":{"start":{"line":274,"column":12},"end":{"line":274,"column":65}},"97":{"start":{"line":276,"column":28},"end":{"line":276,"column":79}},"98":{"start":{"line":277,"column":8},"end":{"line":278,"column":66}},"99":{"start":{"line":278,"column":12},"end":{"line":278,"column":66}},"100":{"start":{"line":280,"column":27},"end":{"line":280,"column":78}},"101":{"start":{"line":281,"column":8},"end":{"line":282,"column":70}},"102":{"start":{"line":282,"column":12},"end":{"line":282,"column":70}},"103":{"start":{"line":284,"column":26},"end":{"line":284,"column":54}},"104":{"start":{"line":285,"column":8},"end":{"line":286,"column":76}},"105":{"start":{"line":286,"column":12},"end":{"line":286,"column":76}},"106":{"start":{"line":288,"column":24},"end":{"line":288,"column":50}},"107":{"start":{"line":289,"column":8},"end":{"line":289,"column":79}},"108":{"start":{"line":289,"column":22},"end":{"line":289,"column":79}},"109":{"start":{"line":291,"column":8},"end":{"line":294,"column":14}},"110":{"start":{"line":292,"column":12},"end":{"line":294,"column":14}},"111":{"start":{"line":296,"column":8},"end":{"line":298,"column":9}},"112":{"start":{"line":297,"column":12},"end":{"line":297,"column":70}},"113":{"start":{"line":300,"column":8},"end":{"line":308,"column":10}},"114":{"start":{"line":313,"column":8},"end":{"line":313,"column":37}},"115":{"start":{"line":313,"column":25},"end":{"line":313,"column":37}},"116":{"start":{"line":314,"column":28},"end":{"line":314,"column":45}},"117":{"start":{"line":315,"column":29},"end":{"line":320,"column":10}},"118":{"start":{"line":316,"column":27},"end":{"line":316,"column":38}},"119":{"start":{"line":317,"column":27},"end":{"line":317,"column":61}},"120":{"start":{"line":318,"column":27},"end":{"line":318,"column":61}},"121":{"start":{"line":319,"column":27},"end":{"line":319,"column":61}},"122":{"start":{"line":321,"column":8},"end":{"line":326,"column":9}},"123":{"start":{"line":322,"column":12},"end":{"line":325,"column":26}},"124":{"start":{"line":323,"column":31},"end":{"line":323,"column":50}},"125":{"start":{"line":324,"column":16},"end":{"line":324,"column":51}},"126":{"start":{"line":324,"column":37},"end":{"line":324,"column":51}},"127":{"start":{"line":327,"column":8},"end":{"line":327,"column":20}},"128":{"start":{"line":337,"column":8},"end":{"line":345,"column":9}},"129":{"start":{"line":338,"column":12},"end":{"line":340,"column":14}},"130":{"start":{"line":342,"column":12},"end":{"line":344,"column":14}},"131":{"start":{"line":347,"column":8},"end":{"line":401,"column":9}},"132":{"start":{"line":349,"column":27},"end":{"line":351,"column":null}},"133":{"start":{"line":354,"column":12},"end":{"line":373,"column":13}},"134":{"start":{"line":355,"column":16},"end":{"line":359,"column":17}},"135":{"start":{"line":356,"column":20},"end":{"line":358,"column":22}},"136":{"start":{"line":360,"column":16},"end":{"line":360,"column":32}},"137":{"start":{"line":363,"column":36},"end":{"line":367,"column":18}},"138":{"start":{"line":368,"column":16},"end":{"line":368,"column":45}},"139":{"start":{"line":369,"column":16},"end":{"line":371,"column":18}},"140":{"start":{"line":372,"column":16},"end":{"line":372,"column":35}},"141":{"start":{"line":375,"column":12},"end":{"line":378,"column":14}},"142":{"start":{"line":380,"column":32},"end":{"line":380,"column":36}},"143":{"start":{"line":381,"column":12},"end":{"line":388,"column":13}},"144":{"start":{"line":382,"column":16},"end":{"line":385,"column":18}},"145":{"start":{"line":390,"column":12},"end":{"line":395,"column":13}},"146":{"start":{"line":391,"column":16},"end":{"line":393,"column":18}},"147":{"start":{"line":394,"column":16},"end":{"line":394,"column":37}},"148":{"start":{"line":398,"column":12},"end":{"line":400,"column":14}},"149":{"start":{"line":407,"column":8},"end":{"line":422,"column":9}},"150":{"start":{"line":408,"column":12},"end":{"line":411,"column":13}},"151":{"start":{"line":409,"column":16},"end":{"line":409,"column":40}},"152":{"start":{"line":410,"column":16},"end":{"line":410,"column":67}},"153":{"start":{"line":413,"column":31},"end":{"line":413,"column":70}},"154":{"start":{"line":414,"column":12},"end":{"line":417,"column":43}},"155":{"start":{"line":415,"column":16},"end":{"line":415,"column":51}},"156":{"start":{"line":416,"column":17},"end":{"line":417,"column":43}},"157":{"start":{"line":417,"column":16},"end":{"line":417,"column":43}},"158":{"start":{"line":418,"column":12},"end":{"line":421,"column":14}},"159":{"start":{"line":68,"column":13},"end":{"line":68,"column":40}},"160":{"start":{"line":68,"column":13},"end":{"line":424,"column":null}}},"fnMap":{"0":{"name":"(anonymous_5)","decl":{"start":{"line":76,"column":4},"end":{"line":76,"column":null}},"loc":{"start":{"line":81,"column":61},"end":{"line":83,"column":8}}},"1":{"name":"(anonymous_6)","decl":{"start":{"line":86,"column":4},"end":{"line":86,"column":9}},"loc":{"start":{"line":88,"column":22},"end":{"line":143,"column":5}}},"2":{"name":"(anonymous_7)","decl":{"start":{"line":99,"column":39},"end":{"line":99,"column":40}},"loc":{"start":{"line":100,"column":16},"end":{"line":101,"column":null}}},"3":{"name":"(anonymous_8)","decl":{"start":{"line":145,"column":12},"end":{"line":145,"column":22}},"loc":{"start":{"line":145,"column":22},"end":{"line":152,"column":5}}},"4":{"name":"(anonymous_9)","decl":{"start":{"line":153,"column":12},"end":{"line":153,"column":26}},"loc":{"start":{"line":153,"column":44},"end":{"line":164,"column":5}}},"5":{"name":"(anonymous_10)","decl":{"start":{"line":165,"column":12},"end":{"line":165,"column":20}},"loc":{"start":{"line":166,"column":27},"end":{"line":206,"column":5}}},"6":{"name":"(anonymous_11)","decl":{"start":{"line":169,"column":27},"end":{"line":169,"column":28}},"loc":{"start":{"line":169,"column":47},"end":{"line":205,"column":9}}},"7":{"name":"(anonymous_12)","decl":{"start":{"line":174,"column":26},"end":{"line":174,"column":27}},"loc":{"start":{"line":174,"column":74},"end":{"line":200,"column":17}}},"8":{"name":"(anonymous_13)","decl":{"start":{"line":186,"column":47},"end":{"line":186,"column":48}},"loc":{"start":{"line":186,"column":54},"end":{"line":186,"column":79}}},"9":{"name":"(anonymous_14)","decl":{"start":{"line":194,"column":55},"end":{"line":194,"column":56}},"loc":{"start":{"line":195,"column":24},"end":{"line":196,"column":null}}},"10":{"name":"(anonymous_15)","decl":{"start":{"line":196,"column":28},"end":{"line":196,"column":29}},"loc":{"start":{"line":196,"column":37},"end":{"line":196,"column":77}}},"11":{"name":"(anonymous_16)","decl":{"start":{"line":201,"column":23},"end":{"line":201,"column":24}},"loc":{"start":{"line":201,"column":40},"end":{"line":203,"column":17}}},"12":{"name":"(anonymous_17)","decl":{"start":{"line":208,"column":12},"end":{"line":208,"column":17}},"loc":{"start":{"line":210,"column":24},"end":{"line":252,"column":5}}},"13":{"name":"(anonymous_18)","decl":{"start":{"line":254,"column":12},"end":{"line":254,"column":35}},"loc":{"start":{"line":254,"column":76},"end":{"line":309,"column":5}}},"14":{"name":"(anonymous_19)","decl":{"start":{"line":311,"column":12},"end":{"line":311,"column":21}},"loc":{"start":{"line":311,"column":59},"end":{"line":328,"column":5}}},"15":{"name":"(anonymous_20)","decl":{"start":{"line":316,"column":12},"end":{"line":316,"column":13}},"loc":{"start":{"line":316,"column":27},"end":{"line":316,"column":38}}},"16":{"name":"(anonymous_21)","decl":{"start":{"line":317,"column":12},"end":{"line":317,"column":13}},"loc":{"start":{"line":317,"column":27},"end":{"line":317,"column":61}}},"17":{"name":"(anonymous_22)","decl":{"start":{"line":318,"column":12},"end":{"line":318,"column":13}},"loc":{"start":{"line":318,"column":27},"end":{"line":318,"column":61}}},"18":{"name":"(anonymous_23)","decl":{"start":{"line":319,"column":12},"end":{"line":319,"column":13}},"loc":{"start":{"line":319,"column":27},"end":{"line":319,"column":61}}},"19":{"name":"(anonymous_24)","decl":{"start":{"line":331,"column":12},"end":{"line":331,"column":17}},"loc":{"start":{"line":334,"column":24},"end":{"line":402,"column":5}}},"20":{"name":"(anonymous_25)","decl":{"start":{"line":405,"column":12},"end":{"line":405,"column":25}},"loc":{"start":{"line":405,"column":42},"end":{"line":423,"column":5}}}},"branchMap":{"0":{"loc":{"start":{"line":101,"column":44},"end":{"line":101,"column":79}},"type":"binary-expr","locations":[{"start":{"line":101,"column":44},"end":{"line":101,"column":55}},{"start":{"line":101,"column":59},"end":{"line":101,"column":79}}]},"1":{"loc":{"start":{"line":107,"column":34},"end":{"line":107,"column":65}},"type":"cond-expr","locations":[{"start":{"line":107,"column":60},"end":{"line":107,"column":61}},{"start":{"line":107,"column":64},"end":{"line":107,"column":65}}]},"2":{"loc":{"start":{"line":117,"column":20},"end":{"line":118,"column":77}},"type":"if","locations":[{"start":{"line":117,"column":20},"end":{"line":118,"column":77}},{"start":{"line":118,"column":25},"end":{"line":118,"column":77}}]},"3":{"loc":{"start":{"line":118,"column":25},"end":{"line":118,"column":77}},"type":"if","locations":[{"start":{"line":118,"column":25},"end":{"line":118,"column":77}}]},"4":{"loc":{"start":{"line":135,"column":12},"end":{"line":136,"column":69}},"type":"if","locations":[{"start":{"line":135,"column":12},"end":{"line":136,"column":69}},{"start":{"line":136,"column":17},"end":{"line":136,"column":69}}]},"5":{"loc":{"start":{"line":136,"column":17},"end":{"line":136,"column":69}},"type":"if","locations":[{"start":{"line":136,"column":17},"end":{"line":136,"column":69}}]},"6":{"loc":{"start":{"line":184,"column":20},"end":{"line":193,"column":21}},"type":"if","locations":[{"start":{"line":184,"column":20},"end":{"line":193,"column":21}}]},"7":{"loc":{"start":{"line":185,"column":24},"end":{"line":186,"column":80}},"type":"binary-expr","locations":[{"start":{"line":185,"column":24},"end":{"line":185,"column":38}},{"start":{"line":186,"column":24},"end":{"line":186,"column":80}}]},"8":{"loc":{"start":{"line":196,"column":37},"end":{"line":196,"column":77}},"type":"binary-expr","locations":[{"start":{"line":196,"column":37},"end":{"line":196,"column":48}},{"start":{"line":196,"column":52},"end":{"line":196,"column":77}}]},"9":{"loc":{"start":{"line":222,"column":8},"end":{"line":227,"column":9}},"type":"if","locations":[{"start":{"line":222,"column":8},"end":{"line":227,"column":9}}]},"10":{"loc":{"start":{"line":234,"column":8},"end":{"line":238,"column":9}},"type":"if","locations":[{"start":{"line":234,"column":8},"end":{"line":238,"column":9}}]},"11":{"loc":{"start":{"line":265,"column":8},"end":{"line":266,"column":67}},"type":"if","locations":[{"start":{"line":265,"column":8},"end":{"line":266,"column":67}}]},"12":{"loc":{"start":{"line":267,"column":8},"end":{"line":268,"column":66}},"type":"if","locations":[{"start":{"line":267,"column":8},"end":{"line":268,"column":66}}]},"13":{"loc":{"start":{"line":269,"column":8},"end":{"line":269,"column":79}},"type":"if","locations":[{"start":{"line":269,"column":8},"end":{"line":269,"column":79}}]},"14":{"loc":{"start":{"line":270,"column":8},"end":{"line":271,"column":68}},"type":"if","locations":[{"start":{"line":270,"column":8},"end":{"line":271,"column":68}}]},"15":{"loc":{"start":{"line":272,"column":8},"end":{"line":272,"column":74}},"type":"if","locations":[{"start":{"line":272,"column":8},"end":{"line":272,"column":74}}]},"16":{"loc":{"start":{"line":273,"column":8},"end":{"line":274,"column":65}},"type":"if","locations":[{"start":{"line":273,"column":8},"end":{"line":274,"column":65}}]},"17":{"loc":{"start":{"line":276,"column":39},"end":{"line":276,"column":78}},"type":"binary-expr","locations":[{"start":{"line":276,"column":39},"end":{"line":276,"column":72}},{"start":{"line":276,"column":76},"end":{"line":276,"column":78}}]},"18":{"loc":{"start":{"line":277,"column":8},"end":{"line":278,"column":66}},"type":"if","locations":[{"start":{"line":277,"column":8},"end":{"line":278,"column":66}}]},"19":{"loc":{"start":{"line":277,"column":12},"end":{"line":277,"column":50}},"type":"binary-expr","locations":[{"start":{"line":277,"column":12},"end":{"line":277,"column":30}},{"start":{"line":277,"column":34},"end":{"line":277,"column":50}}]},"20":{"loc":{"start":{"line":280,"column":38},"end":{"line":280,"column":77}},"type":"binary-expr","locations":[{"start":{"line":280,"column":38},"end":{"line":280,"column":70}},{"start":{"line":280,"column":74},"end":{"line":280,"column":77}}]},"21":{"loc":{"start":{"line":281,"column":8},"end":{"line":282,"column":70}},"type":"if","locations":[{"start":{"line":281,"column":8},"end":{"line":282,"column":70}}]},"22":{"loc":{"start":{"line":281,"column":12},"end":{"line":281,"column":47}},"type":"binary-expr","locations":[{"start":{"line":281,"column":12},"end":{"line":281,"column":29}},{"start":{"line":281,"column":33},"end":{"line":281,"column":47}}]},"23":{"loc":{"start":{"line":285,"column":8},"end":{"line":286,"column":76}},"type":"if","locations":[{"start":{"line":285,"column":8},"end":{"line":286,"column":76}}]},"24":{"loc":{"start":{"line":289,"column":8},"end":{"line":289,"column":79}},"type":"if","locations":[{"start":{"line":289,"column":8},"end":{"line":289,"column":79}}]},"25":{"loc":{"start":{"line":291,"column":8},"end":{"line":294,"column":14}},"type":"if","locations":[{"start":{"line":291,"column":8},"end":{"line":294,"column":14}}]},"26":{"loc":{"start":{"line":291,"column":12},"end":{"line":291,"column":55}},"type":"binary-expr","locations":[{"start":{"line":291,"column":12},"end":{"line":291,"column":21}},{"start":{"line":291,"column":25},"end":{"line":291,"column":32}},{"start":{"line":291,"column":36},"end":{"line":291,"column":55}}]},"27":{"loc":{"start":{"line":296,"column":8},"end":{"line":298,"column":9}},"type":"if","locations":[{"start":{"line":296,"column":8},"end":{"line":298,"column":9}}]},"28":{"loc":{"start":{"line":313,"column":8},"end":{"line":313,"column":37}},"type":"if","locations":[{"start":{"line":313,"column":8},"end":{"line":313,"column":37}}]},"29":{"loc":{"start":{"line":324,"column":16},"end":{"line":324,"column":51}},"type":"if","locations":[{"start":{"line":324,"column":16},"end":{"line":324,"column":51}}]},"30":{"loc":{"start":{"line":337,"column":8},"end":{"line":345,"column":9}},"type":"if","locations":[{"start":{"line":337,"column":8},"end":{"line":345,"column":9}}]},"31":{"loc":{"start":{"line":354,"column":12},"end":{"line":373,"column":13}},"type":"if","locations":[{"start":{"line":354,"column":12},"end":{"line":373,"column":13}},{"start":{"line":361,"column":19},"end":{"line":373,"column":13}}]},"32":{"loc":{"start":{"line":355,"column":16},"end":{"line":359,"column":17}},"type":"if","locations":[{"start":{"line":355,"column":16},"end":{"line":359,"column":17}}]},"33":{"loc":{"start":{"line":390,"column":12},"end":{"line":395,"column":13}},"type":"if","locations":[{"start":{"line":390,"column":12},"end":{"line":395,"column":13}}]},"34":{"loc":{"start":{"line":399,"column":118},"end":{"line":399,"column":140}},"type":"binary-expr","locations":[{"start":{"line":399,"column":118},"end":{"line":399,"column":131}},{"start":{"line":399,"column":135},"end":{"line":399,"column":140}}]},"35":{"loc":{"start":{"line":408,"column":12},"end":{"line":411,"column":13}},"type":"if","locations":[{"start":{"line":408,"column":12},"end":{"line":411,"column":13}}]},"36":{"loc":{"start":{"line":414,"column":12},"end":{"line":417,"column":43}},"type":"if","locations":[{"start":{"line":414,"column":12},"end":{"line":417,"column":43}},{"start":{"line":416,"column":17},"end":{"line":417,"column":43}}]},"37":{"loc":{"start":{"line":416,"column":17},"end":{"line":417,"column":43}},"type":"if","locations":[{"start":{"line":416,"column":17},"end":{"line":417,"column":43}}]}},"s":{"0":1,"1":1,"2":1,"3":1,"4":1,"5":1,"6":1,"7":1,"8":0,"9":0,"10":0,"11":0,"12":0,"13":0,"14":0,"15":0,"16":0,"17":0,"18":0,"19":0,"20":0,"21":0,"22":0,"23":0,"24":0,"25":0,"26":0,"27":0,"28":0,"29":0,"30":0,"31":0,"32":0,"33":0,"34":0,"35":0,"36":0,"37":0,"38":0,"39":0,"40":0,"41":0,"42":0,"43":0,"44":0,"45":0,"46":0,"47":0,"48":0,"49":0,"50":0,"51":0,"52":0,"53":0,"54":0,"55":0,"56":0,"57":0,"58":0,"59":0,"60":0,"61":0,"62":0,"63":0,"64":0,"65":0,"66":0,"67":0,"68":0,"69":0,"70":0,"71":0,"72":0,"73":0,"74":0,"75":0,"76":0,"77":0,"78":0,"79":0,"80":0,"81":0,"82":0,"83":0,"84":0,"85":0,"86":0,"87":0,"88":0,"89":0,"90":0,"91":0,"92":0,"93":0,"94":0,"95":0,"96":0,"97":0,"98":0,"99":0,"100":0,"101":0,"102":0,"103":0,"104":0,"105":0,"106":0,"107":0,"108":0,"109":0,"110":0,"111":0,"112":0,"113":0,"114":0,"115":0,"116":0,"117":0,"118":0,"119":0,"120":0,"121":0,"122":0,"123":0,"124":0,"125":0,"126":0,"127":0,"128":0,"129":0,"130":0,"131":0,"132":0,"133":0,"134":0,"135":0,"136":0,"137":0,"138":0,"139":0,"140":0,"141":0,"142":0,"143":0,"144":0,"145":0,"146":0,"147":0,"148":0,"149":0,"150":0,"151":0,"152":0,"153":0,"154":0,"155":0,"156":0,"157":0,"158":0,"159":1,"160":1},"f":{"0":0,"1":0,"2":0,"3":0,"4":0,"5":0,"6":0,"7":0,"8":0,"9":0,"10":0,"11":0,"12":0,"13":0,"14":0,"15":0,"16":0,"17":0,"18":0,"19":0,"20":0},"b":{"0":[0,0],"1":[0,0],"2":[0,0],"3":[0],"4":[0,0],"5":[0],"6":[0],"7":[0,0],"8":[0,0],"9":[0],"10":[0],"11":[0],"12":[0],"13":[0],"14":[0],"15":[0],"16":[0],"17":[0,0],"18":[0],"19":[0,0],"20":[0,0],"21":[0],"22":[0,0],"23":[0],"24":[0],"25":[0],"26":[0,0,0],"27":[0],"28":[0],"29":[0],"30":[0],"31":[0,0],"32":[0],"33":[0],"34":[0,0],"35":[0],"36":[0,0],"37":[0]}}
,"Y:\\workspace\\learnproject\\ShnurAA_214371_RIOPK_Server\\src\\application\\use-cases\\reports\\get-dashboard-summary.use-case.ts": {"path":"Y:\\workspace\\learnproject\\ShnurAA_214371_RIOPK_Server\\src\\application\\use-cases\\reports\\get-dashboard-summary.use-case.ts","statementMap":{"0":{"start":{"line":2,"column":0},"end":{"line":2,"column":46}},"1":{"start":{"line":3,"column":0},"end":{"line":3,"column":null}},"2":{"start":{"line":7,"column":0},"end":{"line":7,"column":79}},"3":{"start":{"line":8,"column":0},"end":{"line":8,"column":52}},"4":{"start":{"line":11,"column":7},"end":{"line":26,"column":null}},"5":{"start":{"line":13,"column":8},"end":{"line":14,"column":null}},"6":{"start":{"line":18,"column":28},"end":{"line":18,"column":78}},"7":{"start":{"line":20,"column":27},"end":{"line":22,"column":10}},"8":{"start":{"line":24,"column":8},"end":{"line":24,"column":26}},"9":{"start":{"line":11,"column":13},"end":{"line":11,"column":39}},"10":{"start":{"line":11,"column":13},"end":{"line":26,"column":null}}},"fnMap":{"0":{"name":"(anonymous_4)","decl":{"start":{"line":12,"column":4},"end":{"line":12,"column":null}},"loc":{"start":{"line":14,"column":53},"end":{"line":15,"column":8}}},"1":{"name":"(anonymous_5)","decl":{"start":{"line":17,"column":4},"end":{"line":17,"column":9}},"loc":{"start":{"line":17,"column":17},"end":{"line":25,"column":5}}}},"branchMap":{},"s":{"0":1,"1":1,"2":1,"3":1,"4":1,"5":0,"6":0,"7":0,"8":0,"9":1,"10":1},"f":{"0":0,"1":0},"b":{}}
,"Y:\\workspace\\learnproject\\ShnurAA_214371_RIOPK_Server\\src\\application\\use-cases\\users\\delete-user.use-case.ts": {"path":"Y:\\workspace\\learnproject\\ShnurAA_214371_RIOPK_Server\\src\\application\\use-cases\\users\\delete-user.use-case.ts","statementMap":{"0":{"start":{"line":2,"column":0},"end":{"line":2,"column":46}},"1":{"start":{"line":3,"column":0},"end":{"line":3,"column":null}},"2":{"start":{"line":7,"column":0},"end":{"line":7,"column":49}},"3":{"start":{"line":10,"column":7},"end":{"line":37,"column":null}},"4":{"start":{"line":12,"column":8},"end":{"line":13,"column":null}},"5":{"start":{"line":22,"column":8},"end":{"line":35,"column":9}},"6":{"start":{"line":24,"column":31},"end":{"line":24,"column":71}},"7":{"start":{"line":25,"column":12},"end":{"line":25,"column":30}},"8":{"start":{"line":27,"column":12},"end":{"line":30,"column":14}},"9":{"start":{"line":31,"column":12},"end":{"line":33,"column":13}},"10":{"start":{"line":32,"column":16},"end":{"line":32,"column":28}},"11":{"start":{"line":34,"column":12},"end":{"line":34,"column":71}},"12":{"start":{"line":10,"column":13},"end":{"line":10,"column":30}},"13":{"start":{"line":10,"column":13},"end":{"line":37,"column":null}}},"fnMap":{"0":{"name":"(anonymous_4)","decl":{"start":{"line":11,"column":4},"end":{"line":11,"column":null}},"loc":{"start":{"line":13,"column":47},"end":{"line":14,"column":8}}},"1":{"name":"(anonymous_5)","decl":{"start":{"line":21,"column":4},"end":{"line":21,"column":9}},"loc":{"start":{"line":21,"column":32},"end":{"line":36,"column":5}}}},"branchMap":{"0":{"loc":{"start":{"line":31,"column":12},"end":{"line":33,"column":13}},"type":"if","locations":[{"start":{"line":31,"column":12},"end":{"line":33,"column":13}}]}},"s":{"0":1,"1":1,"2":1,"3":1,"4":0,"5":0,"6":0,"7":0,"8":0,"9":0,"10":0,"11":0,"12":1,"13":1},"f":{"0":0,"1":0},"b":{"0":[0]}}
,"Y:\\workspace\\learnproject\\ShnurAA_214371_RIOPK_Server\\src\\application\\use-cases\\users\\get-user-by-id.use-case.ts": {"path":"Y:\\workspace\\learnproject\\ShnurAA_214371_RIOPK_Server\\src\\application\\use-cases\\users\\get-user-by-id.use-case.ts","statementMap":{"0":{"start":{"line":2,"column":0},"end":{"line":2,"column":46}},"1":{"start":{"line":3,"column":0},"end":{"line":3,"column":null}},"2":{"start":{"line":7,"column":0},"end":{"line":7,"column":68}},"3":{"start":{"line":8,"column":0},"end":{"line":8,"column":52}},"4":{"start":{"line":9,"column":0},"end":{"line":9,"column":49}},"5":{"start":{"line":12,"column":7},"end":{"line":48,"column":null}},"6":{"start":{"line":14,"column":8},"end":{"line":15,"column":null}},"7":{"start":{"line":24,"column":8},"end":{"line":46,"column":9}},"8":{"start":{"line":25,"column":25},"end":{"line":25,"column":67}},"9":{"start":{"line":27,"column":12},"end":{"line":29,"column":13}},"10":{"start":{"line":28,"column":16},"end":{"line":28,"column":28}},"11":{"start":{"line":32,"column":28},"end":{"line":34,"column":14}},"12":{"start":{"line":36,"column":12},"end":{"line":36,"column":27}},"13":{"start":{"line":38,"column":12},"end":{"line":41,"column":14}},"14":{"start":{"line":42,"column":12},"end":{"line":44,"column":13}},"15":{"start":{"line":43,"column":16},"end":{"line":43,"column":28}},"16":{"start":{"line":45,"column":12},"end":{"line":45,"column":78}},"17":{"start":{"line":12,"column":13},"end":{"line":12,"column":31}},"18":{"start":{"line":12,"column":13},"end":{"line":48,"column":null}}},"fnMap":{"0":{"name":"(anonymous_4)","decl":{"start":{"line":13,"column":4},"end":{"line":13,"column":null}},"loc":{"start":{"line":15,"column":47},"end":{"line":16,"column":8}}},"1":{"name":"(anonymous_5)","decl":{"start":{"line":23,"column":4},"end":{"line":23,"column":9}},"loc":{"start":{"line":23,"column":32},"end":{"line":47,"column":5}}}},"branchMap":{"0":{"loc":{"start":{"line":27,"column":12},"end":{"line":29,"column":13}},"type":"if","locations":[{"start":{"line":27,"column":12},"end":{"line":29,"column":13}}]},"1":{"loc":{"start":{"line":42,"column":12},"end":{"line":44,"column":13}},"type":"if","locations":[{"start":{"line":42,"column":12},"end":{"line":44,"column":13}}]}},"s":{"0":1,"1":1,"2":1,"3":1,"4":1,"5":1,"6":0,"7":0,"8":0,"9":0,"10":0,"11":0,"12":0,"13":0,"14":0,"15":0,"16":0,"17":1,"18":1},"f":{"0":0,"1":0},"b":{"0":[0],"1":[0]}}
,"Y:\\workspace\\learnproject\\ShnurAA_214371_RIOPK_Server\\src\\application\\use-cases\\users\\list-users.use-case.ts": {"path":"Y:\\workspace\\learnproject\\ShnurAA_214371_RIOPK_Server\\src\\application\\use-cases\\users\\list-users.use-case.ts","statementMap":{"0":{"start":{"line":2,"column":0},"end":{"line":2,"column":46}},"1":{"start":{"line":3,"column":0},"end":{"line":3,"column":null}},"2":{"start":{"line":8,"column":0},"end":{"line":8,"column":68}},"3":{"start":{"line":9,"column":0},"end":{"line":9,"column":52}},"4":{"start":{"line":10,"column":0},"end":{"line":10,"column":49}},"5":{"start":{"line":21,"column":7},"end":{"line":62,"column":null}},"6":{"start":{"line":24,"column":8},"end":{"line":25,"column":null}},"7":{"start":{"line":34,"column":8},"end":{"line":60,"column":9}},"8":{"start":{"line":36,"column":37},"end":{"line":36,"column":79}},"9":{"start":{"line":39,"column":29},"end":{"line":42,"column":null}},"10":{"start":{"line":40,"column":16},"end":{"line":42,"column":18}},"11":{"start":{"line":46,"column":12},"end":{"line":51,"column":14}},"12":{"start":{"line":53,"column":12},"end":{"line":53,"column":63}},"13":{"start":{"line":55,"column":12},"end":{"line":57,"column":13}},"14":{"start":{"line":56,"column":16},"end":{"line":56,"column":28}},"15":{"start":{"line":59,"column":12},"end":{"line":59,"column":80}},"16":{"start":{"line":21,"column":13},"end":{"line":21,"column":29}},"17":{"start":{"line":21,"column":13},"end":{"line":62,"column":null}}},"fnMap":{"0":{"name":"(anonymous_4)","decl":{"start":{"line":22,"column":4},"end":{"line":22,"column":null}},"loc":{"start":{"line":25,"column":47},"end":{"line":26,"column":8}}},"1":{"name":"(anonymous_5)","decl":{"start":{"line":33,"column":4},"end":{"line":33,"column":9}},"loc":{"start":{"line":33,"column":51},"end":{"line":61,"column":5}}},"2":{"name":"(anonymous_6)","decl":{"start":{"line":39,"column":39},"end":{"line":39,"column":40}},"loc":{"start":{"line":40,"column":16},"end":{"line":42,"column":18}}}},"branchMap":{"0":{"loc":{"start":{"line":33,"column":18},"end":{"line":33,"column":51}},"type":"default-arg","locations":[{"start":{"line":33,"column":49},"end":{"line":33,"column":51}}]},"1":{"loc":{"start":{"line":49,"column":24},"end":{"line":49,"column":43}},"type":"binary-expr","locations":[{"start":{"line":49,"column":24},"end":{"line":49,"column":38}},{"start":{"line":49,"column":42},"end":{"line":49,"column":43}}]},"2":{"loc":{"start":{"line":50,"column":23},"end":{"line":50,"column":42}},"type":"binary-expr","locations":[{"start":{"line":50,"column":23},"end":{"line":50,"column":36}},{"start":{"line":50,"column":40},"end":{"line":50,"column":42}}]},"3":{"loc":{"start":{"line":55,"column":12},"end":{"line":57,"column":13}},"type":"if","locations":[{"start":{"line":55,"column":12},"end":{"line":57,"column":13}}]}},"s":{"0":1,"1":1,"2":1,"3":1,"4":1,"5":1,"6":0,"7":0,"8":0,"9":0,"10":0,"11":0,"12":0,"13":0,"14":0,"15":0,"16":1,"17":1},"f":{"0":0,"1":0,"2":0},"b":{"0":[0],"1":[0,0],"2":[0,0],"3":[0]}}
,"Y:\\workspace\\learnproject\\ShnurAA_214371_RIOPK_Server\\src\\application\\use-cases\\users\\update-user.use-case.ts": {"path":"Y:\\workspace\\learnproject\\ShnurAA_214371_RIOPK_Server\\src\\application\\use-cases\\users\\update-user.use-case.ts","statementMap":{"0":{"start":{"line":2,"column":0},"end":{"line":2,"column":46}},"1":{"start":{"line":3,"column":0},"end":{"line":3,"column":null}},"2":{"start":{"line":8,"column":0},"end":{"line":8,"column":68}},"3":{"start":{"line":10,"column":0},"end":{"line":10,"column":52}},"4":{"start":{"line":11,"column":0},"end":{"line":11,"column":49}},"5":{"start":{"line":14,"column":7},"end":{"line":86,"column":null}},"6":{"start":{"line":16,"column":8},"end":{"line":17,"column":null}},"7":{"start":{"line":32,"column":43},"end":{"line":35,"column":10}},"8":{"start":{"line":38,"column":8},"end":{"line":42,"column":10}},"9":{"start":{"line":40,"column":16},"end":{"line":41,"column":62}},"10":{"start":{"line":45,"column":8},"end":{"line":55,"column":9}},"11":{"start":{"line":46,"column":12},"end":{"line":48,"column":14}},"12":{"start":{"line":50,"column":32},"end":{"line":50,"column":74}},"13":{"start":{"line":51,"column":12},"end":{"line":51,"column":42}},"14":{"start":{"line":51,"column":30},"end":{"line":51,"column":42}},"15":{"start":{"line":52,"column":12},"end":{"line":54,"column":15}},"16":{"start":{"line":57,"column":8},"end":{"line":84,"column":9}},"17":{"start":{"line":59,"column":32},"end":{"line":61,"column":null}},"18":{"start":{"line":64,"column":12},"end":{"line":66,"column":13}},"19":{"start":{"line":65,"column":16},"end":{"line":65,"column":28}},"20":{"start":{"line":69,"column":28},"end":{"line":71,"column":14}},"21":{"start":{"line":73,"column":12},"end":{"line":73,"column":27}},"22":{"start":{"line":75,"column":12},"end":{"line":78,"column":14}},"23":{"start":{"line":79,"column":12},"end":{"line":82,"column":13}},"24":{"start":{"line":81,"column":16},"end":{"line":81,"column":28}},"25":{"start":{"line":83,"column":12},"end":{"line":83,"column":72}},"26":{"start":{"line":14,"column":13},"end":{"line":14,"column":30}},"27":{"start":{"line":14,"column":13},"end":{"line":86,"column":null}}},"fnMap":{"0":{"name":"(anonymous_4)","decl":{"start":{"line":15,"column":4},"end":{"line":15,"column":null}},"loc":{"start":{"line":17,"column":47},"end":{"line":18,"column":8}}},"1":{"name":"(anonymous_5)","decl":{"start":{"line":26,"column":4},"end":{"line":26,"column":9}},"loc":{"start":{"line":28,"column":27},"end":{"line":85,"column":5}}},"2":{"name":"(anonymous_6)","decl":{"start":{"line":39,"column":12},"end":{"line":39,"column":13}},"loc":{"start":{"line":40,"column":16},"end":{"line":41,"column":62}}}},"branchMap":{"0":{"loc":{"start":{"line":40,"column":16},"end":{"line":41,"column":62}},"type":"binary-expr","locations":[{"start":{"line":40,"column":16},"end":{"line":40,"column":69}},{"start":{"line":41,"column":16},"end":{"line":41,"column":62}}]},"1":{"loc":{"start":{"line":45,"column":8},"end":{"line":55,"column":9}},"type":"if","locations":[{"start":{"line":45,"column":8},"end":{"line":55,"column":9}}]},"2":{"loc":{"start":{"line":51,"column":12},"end":{"line":51,"column":42}},"type":"if","locations":[{"start":{"line":51,"column":12},"end":{"line":51,"column":42}}]},"3":{"loc":{"start":{"line":64,"column":12},"end":{"line":66,"column":13}},"type":"if","locations":[{"start":{"line":64,"column":12},"end":{"line":66,"column":13}}]},"4":{"loc":{"start":{"line":79,"column":12},"end":{"line":82,"column":13}},"type":"if","locations":[{"start":{"line":79,"column":12},"end":{"line":82,"column":13}}]}},"s":{"0":1,"1":1,"2":1,"3":1,"4":1,"5":1,"6":0,"7":0,"8":0,"9":0,"10":0,"11":0,"12":0,"13":0,"14":0,"15":0,"16":0,"17":0,"18":0,"19":0,"20":0,"21":0,"22":0,"23":0,"24":0,"25":0,"26":1,"27":1},"f":{"0":0,"1":0,"2":0},"b":{"0":[0,0],"1":[0],"2":[0],"3":[0],"4":[0]}}
,"Y:\\workspace\\learnproject\\ShnurAA_214371_RIOPK_Server\\src\\domain\\entities\\customer.entity.ts": {"path":"Y:\\workspace\\learnproject\\ShnurAA_214371_RIOPK_Server\\src\\domain\\entities\\customer.entity.ts","statementMap":{"0":{"start":{"line":3,"column":20},"end":{"line":3,"column":null}},"1":{"start":{"line":4,"column":11},"end":{"line":4,"column":null}},"2":{"start":{"line":5,"column":11},"end":{"line":5,"column":null}},"3":{"start":{"line":6,"column":11},"end":{"line":6,"column":null}},"4":{"start":{"line":7,"column":11},"end":{"line":7,"column":31}},"5":{"start":{"line":8,"column":11},"end":{"line":8,"column":33}},"6":{"start":{"line":9,"column":20},"end":{"line":9,"column":null}},"7":{"start":{"line":10,"column":20},"end":{"line":10,"column":null}},"8":{"start":{"line":22,"column":8},"end":{"line":22,"column":27}},"9":{"start":{"line":23,"column":8},"end":{"line":23,"column":31}},"10":{"start":{"line":24,"column":8},"end":{"line":24,"column":29}},"11":{"start":{"line":25,"column":8},"end":{"line":25,"column":45}},"12":{"start":{"line":26,"column":8},"end":{"line":26,"column":41}},"13":{"start":{"line":27,"column":8},"end":{"line":27,"column":45}},"14":{"start":{"line":28,"column":8},"end":{"line":28,"column":41}},"15":{"start":{"line":29,"column":8},"end":{"line":29,"column":41}},"16":{"start":{"line":2,"column":0},"end":{"line":2,"column":13}}},"fnMap":{"0":{"name":"(anonymous_0)","decl":{"start":{"line":12,"column":4},"end":{"line":12,"column":16}},"loc":{"start":{"line":21,"column":5},"end":{"line":30,"column":5}}}},"branchMap":{},"s":{"0":0,"1":0,"2":0,"3":0,"4":0,"5":0,"6":0,"7":0,"8":0,"9":0,"10":0,"11":0,"12":0,"13":0,"14":0,"15":0,"16":0},"f":{"0":0},"b":{}}
,"Y:\\workspace\\learnproject\\ShnurAA_214371_RIOPK_Server\\src\\domain\\entities\\invoice.entity.ts": {"path":"Y:\\workspace\\learnproject\\ShnurAA_214371_RIOPK_Server\\src\\domain\\entities\\invoice.entity.ts","statementMap":{"0":{"start":{"line":7,"column":20},"end":{"line":7,"column":null}},"1":{"start":{"line":8,"column":11},"end":{"line":8,"column":null}},"2":{"start":{"line":9,"column":11},"end":{"line":9,"column":null}},"3":{"start":{"line":10,"column":11},"end":{"line":10,"column":32}},"4":{"start":{"line":11,"column":11},"end":{"line":11,"column":null}},"5":{"start":{"line":12,"column":11},"end":{"line":12,"column":null}},"6":{"start":{"line":13,"column":11},"end":{"line":13,"column":null}},"7":{"start":{"line":14,"column":11},"end":{"line":14,"column":null}},"8":{"start":{"line":15,"column":11},"end":{"line":15,"column":null}},"9":{"start":{"line":16,"column":20},"end":{"line":16,"column":null}},"10":{"start":{"line":17,"column":20},"end":{"line":17,"column":null}},"11":{"start":{"line":32,"column":8},"end":{"line":32,"column":27}},"12":{"start":{"line":33,"column":8},"end":{"line":33,"column":49}},"13":{"start":{"line":34,"column":8},"end":{"line":34,"column":43}},"14":{"start":{"line":35,"column":8},"end":{"line":35,"column":39}},"15":{"start":{"line":36,"column":8},"end":{"line":36,"column":41}},"16":{"start":{"line":37,"column":8},"end":{"line":37,"column":37}},"17":{"start":{"line":38,"column":8},"end":{"line":38,"column":45}},"18":{"start":{"line":39,"column":8},"end":{"line":39,"column":43}},"19":{"start":{"line":40,"column":8},"end":{"line":40,"column":35}},"20":{"start":{"line":41,"column":8},"end":{"line":41,"column":41}},"21":{"start":{"line":42,"column":8},"end":{"line":42,"column":41}},"22":{"start":{"line":46,"column":8},"end":{"line":46,"column":50}},"23":{"start":{"line":50,"column":8},"end":{"line":50,"column":68}},"24":{"start":{"line":6,"column":0},"end":{"line":6,"column":13}}},"fnMap":{"0":{"name":"(anonymous_0)","decl":{"start":{"line":19,"column":4},"end":{"line":19,"column":16}},"loc":{"start":{"line":31,"column":5},"end":{"line":43,"column":5}}},"1":{"name":"(anonymous_1)","decl":{"start":{"line":45,"column":4},"end":{"line":45,"column":8}},"loc":{"start":{"line":45,"column":25},"end":{"line":47,"column":5}}},"2":{"name":"(anonymous_2)","decl":{"start":{"line":49,"column":4},"end":{"line":49,"column":13}},"loc":{"start":{"line":49,"column":44},"end":{"line":51,"column":5}}}},"branchMap":{"0":{"loc":{"start":{"line":49,"column":14},"end":{"line":49,"column":44}},"type":"default-arg","locations":[{"start":{"line":49,"column":34},"end":{"line":49,"column":44}}]},"1":{"loc":{"start":{"line":50,"column":15},"end":{"line":50,"column":67}},"type":"binary-expr","locations":[{"start":{"line":50,"column":15},"end":{"line":50,"column":37}},{"start":{"line":50,"column":41},"end":{"line":50,"column":67}}]}},"s":{"0":0,"1":0,"2":0,"3":0,"4":0,"5":0,"6":0,"7":0,"8":0,"9":0,"10":0,"11":0,"12":0,"13":0,"14":0,"15":0,"16":0,"17":0,"18":0,"19":0,"20":0,"21":0,"22":0,"23":0,"24":0},"f":{"0":0,"1":0,"2":0},"b":{"0":[0],"1":[0,0]}}
,"Y:\\workspace\\learnproject\\ShnurAA_214371_RIOPK_Server\\src\\domain\\entities\\user.entity.ts": {"path":"Y:\\workspace\\learnproject\\ShnurAA_214371_RIOPK_Server\\src\\domain\\entities\\user.entity.ts","statementMap":{"0":{"start":{"line":5,"column":20},"end":{"line":5,"column":32}},"1":{"start":{"line":6,"column":11},"end":{"line":6,"column":null}},"2":{"start":{"line":7,"column":11},"end":{"line":7,"column":null}},"3":{"start":{"line":8,"column":11},"end":{"line":8,"column":33}},"4":{"start":{"line":9,"column":11},"end":{"line":9,"column":null}},"5":{"start":{"line":10,"column":20},"end":{"line":10,"column":null}},"6":{"start":{"line":11,"column":20},"end":{"line":11,"column":null}},"7":{"start":{"line":22,"column":8},"end":{"line":22,"column":27}},"8":{"start":{"line":23,"column":8},"end":{"line":23,"column":31}},"9":{"start":{"line":24,"column":8},"end":{"line":24,"column":33}},"10":{"start":{"line":25,"column":8},"end":{"line":25,"column":47}},"11":{"start":{"line":26,"column":8},"end":{"line":26,"column":33}},"12":{"start":{"line":27,"column":8},"end":{"line":27,"column":41}},"13":{"start":{"line":28,"column":8},"end":{"line":28,"column":41}},"14":{"start":{"line":4,"column":0},"end":{"line":4,"column":13}}},"fnMap":{"0":{"name":"(anonymous_0)","decl":{"start":{"line":13,"column":4},"end":{"line":13,"column":16}},"loc":{"start":{"line":21,"column":5},"end":{"line":29,"column":5}}}},"branchMap":{},"s":{"0":12,"1":12,"2":12,"3":12,"4":12,"5":12,"6":12,"7":12,"8":12,"9":12,"10":12,"11":12,"12":12,"13":12,"14":3},"f":{"0":12},"b":{}}
,"Y:\\workspace\\learnproject\\ShnurAA_214371_RIOPK_Server\\src\\domain\\repositories\\ICustomerRepository.ts": {"path":"Y:\\workspace\\learnproject\\ShnurAA_214371_RIOPK_Server\\src\\domain\\repositories\\ICustomerRepository.ts","statementMap":{"0":{"start":{"line":18,"column":13},"end":{"line":18,"column":69}}},"fnMap":{},"branchMap":{},"s":{"0":1},"f":{},"b":{}}
,"Y:\\workspace\\learnproject\\ShnurAA_214371_RIOPK_Server\\src\\domain\\repositories\\IInvoiceRepository.ts": {"path":"Y:\\workspace\\learnproject\\ShnurAA_214371_RIOPK_Server\\src\\domain\\repositories\\IInvoiceRepository.ts","statementMap":{"0":{"start":{"line":25,"column":13},"end":{"line":25,"column":67}}},"fnMap":{},"branchMap":{},"s":{"0":1},"f":{},"b":{}}
,"Y:\\workspace\\learnproject\\ShnurAA_214371_RIOPK_Server\\src\\domain\\repositories\\IUserRepository.ts": {"path":"Y:\\workspace\\learnproject\\ShnurAA_214371_RIOPK_Server\\src\\domain\\repositories\\IUserRepository.ts","statementMap":{"0":{"start":{"line":37,"column":13},"end":{"line":37,"column":61}}},"fnMap":{},"branchMap":{},"s":{"0":3},"f":{},"b":{}}
,"Y:\\workspace\\learnproject\\ShnurAA_214371_RIOPK_Server\\src\\infrastructure\\database\\mongoose\\connection.ts": {"path":"Y:\\workspace\\learnproject\\ShnurAA_214371_RIOPK_Server\\src\\infrastructure\\database\\mongoose\\connection.ts","statementMap":{"0":{"start":{"line":2,"column":0},"end":{"line":2,"column":32}},"1":{"start":{"line":3,"column":0},"end":{"line":3,"column":34}},"2":{"start":{"line":5,"column":18},"end":{"line":26,"column":1}},"3":{"start":{"line":6,"column":4},"end":{"line":25,"column":5}},"4":{"start":{"line":7,"column":8},"end":{"line":7,"column":42}},"5":{"start":{"line":8,"column":8},"end":{"line":10,"column":11}},"6":{"start":{"line":11,"column":8},"end":{"line":11,"column":54}},"7":{"start":{"line":14,"column":8},"end":{"line":17,"column":11}},"8":{"start":{"line":15,"column":12},"end":{"line":15,"column":62}},"9":{"start":{"line":16,"column":12},"end":{"line":16,"column":28}},"10":{"start":{"line":19,"column":8},"end":{"line":21,"column":11}},"11":{"start":{"line":20,"column":12},"end":{"line":20,"column":49}},"12":{"start":{"line":23,"column":8},"end":{"line":23,"column":60}},"13":{"start":{"line":24,"column":8},"end":{"line":24,"column":24}},"14":{"start":{"line":28,"column":0},"end":{"line":28,"column":25}}},"fnMap":{"0":{"name":"(anonymous_1)","decl":{"start":{"line":5,"column":18},"end":{"line":5,"column":23}},"loc":{"start":{"line":5,"column":44},"end":{"line":26,"column":1}}},"1":{"name":"(anonymous_2)","decl":{"start":{"line":14,"column":40},"end":{"line":14,"column":41}},"loc":{"start":{"line":14,"column":48},"end":{"line":17,"column":9}}},"2":{"name":"(anonymous_3)","decl":{"start":{"line":19,"column":47},"end":{"line":19,"column":50}},"loc":{"start":{"line":19,"column":52},"end":{"line":21,"column":9}}}},"branchMap":{},"s":{"0":0,"1":0,"2":0,"3":0,"4":0,"5":0,"6":0,"7":0,"8":0,"9":0,"10":0,"11":0,"12":0,"13":0,"14":0},"f":{"0":0,"1":0,"2":0},"b":{}}
,"Y:\\workspace\\learnproject\\ShnurAA_214371_RIOPK_Server\\src\\infrastructure\\database\\mongoose\\repositories\\customer.repository.ts": {"path":"Y:\\workspace\\learnproject\\ShnurAA_214371_RIOPK_Server\\src\\infrastructure\\database\\mongoose\\repositories\\customer.repository.ts","statementMap":{"0":{"start":{"line":2,"column":0},"end":{"line":2,"column":38}},"1":{"start":{"line":3,"column":0},"end":{"line":3,"column":71}},"2":{"start":{"line":4,"column":0},"end":{"line":4,"column":78}},"3":{"start":{"line":6,"column":0},"end":{"line":6,"column":67}},"4":{"start":{"line":7,"column":0},"end":{"line":7,"column":43}},"5":{"start":{"line":23,"column":7},"end":{"line":157,"column":null}},"6":{"start":{"line":30,"column":20},"end":{"line":30,"column":34}},"7":{"start":{"line":31,"column":8},"end":{"line":39,"column":11}},"8":{"start":{"line":49,"column":8},"end":{"line":51,"column":9}},"9":{"start":{"line":50,"column":12},"end":{"line":50,"column":24}},"10":{"start":{"line":52,"column":8},"end":{"line":59,"column":9}},"11":{"start":{"line":53,"column":24},"end":{"line":53,"column":63}},"12":{"start":{"line":54,"column":12},"end":{"line":54,"column":54}},"13":{"start":{"line":56,"column":12},"end":{"line":56,"column":72}},"14":{"start":{"line":58,"column":12},"end":{"line":58,"column":71}},"15":{"start":{"line":68,"column":8},"end":{"line":71,"column":9}},"16":{"start":{"line":70,"column":12},"end":{"line":70,"column":24}},"17":{"start":{"line":72,"column":8},"end":{"line":86,"column":9}},"18":{"start":{"line":73,"column":33},"end":{"line":73,"column":59}},"19":{"start":{"line":75,"column":24},"end":{"line":78,"column":21}},"20":{"start":{"line":79,"column":12},"end":{"line":79,"column":54}},"21":{"start":{"line":81,"column":12},"end":{"line":84,"column":14}},"22":{"start":{"line":85,"column":12},"end":{"line":85,"column":72}},"23":{"start":{"line":97,"column":8},"end":{"line":105,"column":9}},"24":{"start":{"line":98,"column":34},"end":{"line":98,"column":77}},"25":{"start":{"line":99,"column":12},"end":{"line":104,"column":13}},"26":{"start":{"line":100,"column":16},"end":{"line":102,"column":18}},"27":{"start":{"line":103,"column":16},"end":{"line":103,"column":37}},"28":{"start":{"line":107,"column":8},"end":{"line":155,"column":9}},"29":{"start":{"line":108,"column":35},"end":{"line":113,"column":14}},"30":{"start":{"line":115,"column":29},"end":{"line":115,"column":56}},"31":{"start":{"line":116,"column":12},"end":{"line":116,"column":46}},"32":{"start":{"line":119,"column":12},"end":{"line":134,"column":13}},"33":{"start":{"line":121,"column":16},"end":{"line":128,"column":17}},"34":{"start":{"line":123,"column":37},"end":{"line":125,"column":null}},"35":{"start":{"line":127,"column":20},"end":{"line":127,"column":50}},"36":{"start":{"line":127,"column":34},"end":{"line":127,"column":50}},"37":{"start":{"line":130,"column":16},"end":{"line":133,"column":18}},"38":{"start":{"line":136,"column":12},"end":{"line":148,"column":13}},"39":{"start":{"line":137,"column":33},"end":{"line":139,"column":31}},"40":{"start":{"line":138,"column":37},"end":{"line":138,"column":46}},"41":{"start":{"line":140,"column":16},"end":{"line":143,"column":18}},"42":{"start":{"line":144,"column":16},"end":{"line":147,"column":18}},"43":{"start":{"line":150,"column":12},"end":{"line":153,"column":14}},"44":{"start":{"line":154,"column":12},"end":{"line":154,"column":67}},"45":{"start":{"line":23,"column":13},"end":{"line":23,"column":36}},"46":{"start":{"line":23,"column":13},"end":{"line":157,"column":null}}},"fnMap":{"0":{"name":"(anonymous_10)","decl":{"start":{"line":29,"column":12},"end":{"line":29,"column":23}},"loc":{"start":{"line":29,"column":46},"end":{"line":40,"column":5}}},"1":{"name":"(anonymous_11)","decl":{"start":{"line":47,"column":4},"end":{"line":47,"column":9}},"loc":{"start":{"line":47,"column":29},"end":{"line":60,"column":5}}},"2":{"name":"(anonymous_12)","decl":{"start":{"line":67,"column":4},"end":{"line":67,"column":9}},"loc":{"start":{"line":67,"column":47},"end":{"line":87,"column":5}}},"3":{"name":"(anonymous_13)","decl":{"start":{"line":95,"column":4},"end":{"line":95,"column":9}},"loc":{"start":{"line":95,"column":41},"end":{"line":156,"column":5}}},"4":{"name":"(anonymous_14)","decl":{"start":{"line":138,"column":25},"end":{"line":138,"column":26}},"loc":{"start":{"line":138,"column":37},"end":{"line":138,"column":46}}}},"branchMap":{"0":{"loc":{"start":{"line":49,"column":8},"end":{"line":51,"column":9}},"type":"if","locations":[{"start":{"line":49,"column":8},"end":{"line":51,"column":9}}]},"1":{"loc":{"start":{"line":49,"column":12},"end":{"line":49,"column":49}},"type":"binary-expr","locations":[{"start":{"line":49,"column":12},"end":{"line":49,"column":15}},{"start":{"line":49,"column":19},"end":{"line":49,"column":49}}]},"2":{"loc":{"start":{"line":54,"column":19},"end":{"line":54,"column":53}},"type":"cond-expr","locations":[{"start":{"line":54,"column":25},"end":{"line":54,"column":46}},{"start":{"line":54,"column":49},"end":{"line":54,"column":53}}]},"3":{"loc":{"start":{"line":68,"column":8},"end":{"line":71,"column":9}},"type":"if","locations":[{"start":{"line":68,"column":8},"end":{"line":71,"column":9}}]},"4":{"loc":{"start":{"line":68,"column":12},"end":{"line":68,"column":60}},"type":"binary-expr","locations":[{"start":{"line":68,"column":12},"end":{"line":68,"column":16}},{"start":{"line":68,"column":20},"end":{"line":68,"column":60}}]},"5":{"loc":{"start":{"line":79,"column":19},"end":{"line":79,"column":53}},"type":"cond-expr","locations":[{"start":{"line":79,"column":25},"end":{"line":79,"column":46}},{"start":{"line":79,"column":49},"end":{"line":79,"column":53}}]},"6":{"loc":{"start":{"line":97,"column":8},"end":{"line":105,"column":9}},"type":"if","locations":[{"start":{"line":97,"column":8},"end":{"line":105,"column":9}}]},"7":{"loc":{"start":{"line":99,"column":12},"end":{"line":104,"column":13}},"type":"if","locations":[{"start":{"line":99,"column":12},"end":{"line":104,"column":13}}]},"8":{"loc":{"start":{"line":119,"column":12},"end":{"line":134,"column":13}},"type":"if","locations":[{"start":{"line":119,"column":12},"end":{"line":134,"column":13}}]},"9":{"loc":{"start":{"line":119,"column":16},"end":{"line":119,"column":61}},"type":"binary-expr","locations":[{"start":{"line":119,"column":16},"end":{"line":119,"column":36}},{"start":{"line":119,"column":40},"end":{"line":119,"column":61}}]},"10":{"loc":{"start":{"line":121,"column":16},"end":{"line":128,"column":17}},"type":"if","locations":[{"start":{"line":121,"column":16},"end":{"line":128,"column":17}}]},"11":{"loc":{"start":{"line":127,"column":20},"end":{"line":127,"column":50}},"type":"if","locations":[{"start":{"line":127,"column":20},"end":{"line":127,"column":50}}]},"12":{"loc":{"start":{"line":136,"column":12},"end":{"line":148,"column":13}},"type":"if","locations":[{"start":{"line":136,"column":12},"end":{"line":148,"column":13}}]}},"s":{"0":0,"1":0,"2":0,"3":0,"4":0,"5":0,"6":0,"7":0,"8":0,"9":0,"10":0,"11":0,"12":0,"13":0,"14":0,"15":0,"16":0,"17":0,"18":0,"19":0,"20":0,"21":0,"22":0,"23":0,"24":0,"25":0,"26":0,"27":0,"28":0,"29":0,"30":0,"31":0,"32":0,"33":0,"34":0,"35":0,"36":0,"37":0,"38":0,"39":0,"40":0,"41":0,"42":0,"43":0,"44":0,"45":0,"46":0},"f":{"0":0,"1":0,"2":0,"3":0,"4":0},"b":{"0":[0],"1":[0,0],"2":[0,0],"3":[0],"4":[0,0],"5":[0,0],"6":[0],"7":[0],"8":[0],"9":[0,0],"10":[0],"11":[0],"12":[0]}}
,"Y:\\workspace\\learnproject\\ShnurAA_214371_RIOPK_Server\\src\\infrastructure\\database\\mongoose\\repositories\\invoice.repository.ts": {"path":"Y:\\workspace\\learnproject\\ShnurAA_214371_RIOPK_Server\\src\\infrastructure\\database\\mongoose\\repositories\\invoice.repository.ts","statementMap":{"0":{"start":{"line":2,"column":0},"end":{"line":2,"column":38}},"1":{"start":{"line":3,"column":0},"end":{"line":3,"column":33}},"2":{"start":{"line":9,"column":0},"end":{"line":9,"column":null}},"3":{"start":{"line":13,"column":0},"end":{"line":13,"column":75}},"4":{"start":{"line":14,"column":0},"end":{"line":14,"column":67}},"5":{"start":{"line":36,"column":7},"end":{"line":426,"column":null}},"6":{"start":{"line":43,"column":20},"end":{"line":43,"column":34}},"7":{"start":{"line":44,"column":8},"end":{"line":55,"column":11}},"8":{"start":{"line":64,"column":8},"end":{"line":66,"column":9}},"9":{"start":{"line":65,"column":12},"end":{"line":65,"column":24}},"10":{"start":{"line":67,"column":8},"end":{"line":73,"column":9}},"11":{"start":{"line":68,"column":24},"end":{"line":68,"column":62}},"12":{"start":{"line":69,"column":12},"end":{"line":69,"column":54}},"13":{"start":{"line":71,"column":12},"end":{"line":71,"column":71}},"14":{"start":{"line":72,"column":12},"end":{"line":72,"column":69}},"15":{"start":{"line":86,"column":8},"end":{"line":96,"column":9}},"16":{"start":{"line":91,"column":12},"end":{"line":94,"column":14}},"17":{"start":{"line":95,"column":12},"end":{"line":95,"column":24}},"18":{"start":{"line":97,"column":8},"end":{"line":113,"column":9}},"19":{"start":{"line":98,"column":37},"end":{"line":98,"column":67}},"20":{"start":{"line":99,"column":24},"end":{"line":102,"column":21}},"21":{"start":{"line":103,"column":12},"end":{"line":103,"column":54}},"22":{"start":{"line":105,"column":12},"end":{"line":108,"column":14}},"23":{"start":{"line":109,"column":12},"end":{"line":112,"column":14}},"24":{"start":{"line":134,"column":25},"end":{"line":136,"column":null}},"25":{"start":{"line":138,"column":8},"end":{"line":143,"column":9}},"26":{"start":{"line":139,"column":12},"end":{"line":142,"column":14}},"27":{"start":{"line":145,"column":8},"end":{"line":176,"column":9}},"28":{"start":{"line":146,"column":37},"end":{"line":146,"column":72}},"29":{"start":{"line":147,"column":34},"end":{"line":155,"column":14}},"30":{"start":{"line":156,"column":29},"end":{"line":156,"column":55}},"31":{"start":{"line":157,"column":12},"end":{"line":157,"column":46}},"32":{"start":{"line":160,"column":12},"end":{"line":163,"column":14}},"33":{"start":{"line":165,"column":33},"end":{"line":167,"column":null}},"34":{"start":{"line":169,"column":12},"end":{"line":174,"column":13}},"35":{"start":{"line":170,"column":16},"end":{"line":173,"column":18}},"36":{"start":{"line":175,"column":12},"end":{"line":175,"column":65}},"37":{"start":{"line":188,"column":25},"end":{"line":346,"column":10}},"38":{"start":{"line":349,"column":8},"end":{"line":411,"column":9}},"39":{"start":{"line":350,"column":27},"end":{"line":350,"column":72}},"40":{"start":{"line":352,"column":12},"end":{"line":407,"column":13}},"41":{"start":{"line":353,"column":32},"end":{"line":353,"column":65}},"42":{"start":{"line":354,"column":48},"end":{"line":360,"column":18}},"43":{"start":{"line":361,"column":40},"end":{"line":362,"column":null}},"44":{"start":{"line":362,"column":27},"end":{"line":362,"column":35}},"45":{"start":{"line":365,"column":16},"end":{"line":373,"column":19}},"46":{"start":{"line":366,"column":20},"end":{"line":372,"column":21}},"47":{"start":{"line":367,"column":24},"end":{"line":371,"column":27}},"48":{"start":{"line":375,"column":16},"end":{"line":379,"column":18}},"49":{"start":{"line":377,"column":24},"end":{"line":378,"column":65}},"50":{"start":{"line":381,"column":16},"end":{"line":383,"column":18}},"51":{"start":{"line":384,"column":16},"end":{"line":386,"column":18}},"52":{"start":{"line":388,"column":16},"end":{"line":388,"column":31}},"53":{"start":{"line":391,"column":39},"end":{"line":397,"column":18}},"54":{"start":{"line":398,"column":16},"end":{"line":406,"column":18}},"55":{"start":{"line":401,"column":63},"end":{"line":405,"column":22}},"56":{"start":{"line":409,"column":12},"end":{"line":409,"column":80}},"57":{"start":{"line":410,"column":12},"end":{"line":410,"column":78}},"58":{"start":{"line":421,"column":8},"end":{"line":421,"column":55}},"59":{"start":{"line":424,"column":8},"end":{"line":424,"column":18}},"60":{"start":{"line":36,"column":13},"end":{"line":36,"column":35}},"61":{"start":{"line":36,"column":13},"end":{"line":426,"column":null}}},"fnMap":{"0":{"name":"(anonymous_1)","decl":{"start":{"line":42,"column":12},"end":{"line":42,"column":23}},"loc":{"start":{"line":42,"column":45},"end":{"line":56,"column":5}}},"1":{"name":"(anonymous_2)","decl":{"start":{"line":63,"column":4},"end":{"line":63,"column":9}},"loc":{"start":{"line":63,"column":29},"end":{"line":74,"column":5}}},"2":{"name":"(anonymous_3)","decl":{"start":{"line":82,"column":4},"end":{"line":82,"column":9}},"loc":{"start":{"line":84,"column":26},"end":{"line":114,"column":5}}},"3":{"name":"(anonymous_4)","decl":{"start":{"line":122,"column":4},"end":{"line":122,"column":9}},"loc":{"start":{"line":131,"column":9},"end":{"line":177,"column":5}}},"4":{"name":"(anonymous_5)","decl":{"start":{"line":184,"column":4},"end":{"line":184,"column":9}},"loc":{"start":{"line":185,"column":32},"end":{"line":412,"column":5}}},"5":{"name":"(anonymous_6)","decl":{"start":{"line":362,"column":20},"end":{"line":362,"column":21}},"loc":{"start":{"line":362,"column":27},"end":{"line":362,"column":35}}},"6":{"name":"(anonymous_7)","decl":{"start":{"line":365,"column":48},"end":{"line":365,"column":49}},"loc":{"start":{"line":365,"column":62},"end":{"line":373,"column":17}}},"7":{"name":"(anonymous_8)","decl":{"start":{"line":376,"column":20},"end":{"line":376,"column":21}},"loc":{"start":{"line":377,"column":24},"end":{"line":378,"column":65}}},"8":{"name":"(anonymous_9)","decl":{"start":{"line":401,"column":55},"end":{"line":401,"column":56}},"loc":{"start":{"line":401,"column":63},"end":{"line":405,"column":22}}},"9":{"name":"(anonymous_10)","decl":{"start":{"line":417,"column":4},"end":{"line":417,"column":9}},"loc":{"start":{"line":419,"column":30},"end":{"line":425,"column":5}}}},"branchMap":{"0":{"loc":{"start":{"line":64,"column":8},"end":{"line":66,"column":9}},"type":"if","locations":[{"start":{"line":64,"column":8},"end":{"line":66,"column":9}}]},"1":{"loc":{"start":{"line":64,"column":12},"end":{"line":64,"column":49}},"type":"binary-expr","locations":[{"start":{"line":64,"column":12},"end":{"line":64,"column":15}},{"start":{"line":64,"column":19},"end":{"line":64,"column":49}}]},"2":{"loc":{"start":{"line":69,"column":19},"end":{"line":69,"column":53}},"type":"cond-expr","locations":[{"start":{"line":69,"column":25},"end":{"line":69,"column":46}},{"start":{"line":69,"column":49},"end":{"line":69,"column":53}}]},"3":{"loc":{"start":{"line":86,"column":8},"end":{"line":96,"column":9}},"type":"if","locations":[{"start":{"line":86,"column":8},"end":{"line":96,"column":9}}]},"4":{"loc":{"start":{"line":87,"column":12},"end":{"line":89,"column":50}},"type":"binary-expr","locations":[{"start":{"line":87,"column":12},"end":{"line":87,"column":26}},{"start":{"line":88,"column":12},"end":{"line":88,"column":23}},{"start":{"line":89,"column":12},"end":{"line":89,"column":50}}]},"5":{"loc":{"start":{"line":103,"column":19},"end":{"line":103,"column":53}},"type":"cond-expr","locations":[{"start":{"line":103,"column":25},"end":{"line":103,"column":46}},{"start":{"line":103,"column":49},"end":{"line":103,"column":53}}]},"6":{"loc":{"start":{"line":138,"column":8},"end":{"line":143,"column":9}},"type":"if","locations":[{"start":{"line":138,"column":8},"end":{"line":143,"column":9}}]},"7":{"loc":{"start":{"line":153,"column":28},"end":{"line":153,"column":48}},"type":"binary-expr","locations":[{"start":{"line":153,"column":28},"end":{"line":153,"column":43}},{"start":{"line":153,"column":47},"end":{"line":153,"column":48}}]},"8":{"loc":{"start":{"line":154,"column":24},"end":{"line":154,"column":45}},"type":"binary-expr","locations":[{"start":{"line":154,"column":24},"end":{"line":154,"column":35}},{"start":{"line":154,"column":39},"end":{"line":154,"column":45}}]},"9":{"loc":{"start":{"line":169,"column":12},"end":{"line":174,"column":13}},"type":"if","locati
[...]
,"Y:\\workspace\\learnproject\\ShnurAA_214371_RIOPK_Server\\src\\infrastructure\\web\\express\\middlewares\\error.middleware.ts": {"path":"Y:\\workspace\\learnproject\\ShnurAA_214371_RIOPK_Server\\src\\infrastructure\\web\\express\\middlewares\\error.middleware.ts","statementMap":{"0":{"start":{"line":24,"column":0},"end":{"line":24,"column":16}},"1":{"start":{"line":4,"column":0},"end":{"line":4,"column":67}},"2":{"start":{"line":6,"column":0},"end":{"line":6,"column":37}},"3":{"start":{"line":12,"column":29},"end":{"line":12,"column":31}},"4":{"start":{"line":13,"column":4},"end":{"line":20,"column":7}},"5":{"start":{"line":14,"column":8},"end":{"line":16,"column":9}},"6":{"start":{"line":15,"column":12},"end":{"line":15,"column":71}},"7":{"start":{"line":17,"column":8},"end":{"line":19,"column":9}},"8":{"start":{"line":18,"column":12},"end":{"line":18,"column":75}},"9":{"start":{"line":21,"column":4},"end":{"line":21,"column":20}},"10":{"start":{"line":31,"column":4},"end":{"line":31,"column":57}},"11":{"start":{"line":33,"column":21},"end":{"line":33,"column":24}},"12":{"start":{"line":40,"column":8},"end":{"line":43,"column":6}},"13":{"start":{"line":45,"column":4},"end":{"line":83,"column":5}},"14":{"start":{"line":46,"column":8},"end":{"line":46,"column":36}},"15":{"start":{"line":47,"column":8},"end":{"line":47,"column":43}},"16":{"start":{"line":51,"column":32},"end":{"line":51,"column":57}},"17":{"start":{"line":52,"column":8},"end":{"line":66,"column":9}},"18":{"start":{"line":57,"column":12},"end":{"line":59,"column":14}},"19":{"start":{"line":61,"column":12},"end":{"line":61,"column":65}},"20":{"start":{"line":62,"column":12},"end":{"line":62,"column":41}},"21":{"start":{"line":65,"column":12},"end":{"line":65,"column":71}},"22":{"start":{"line":69,"column":8},"end":{"line":71,"column":9}},"23":{"start":{"line":70,"column":12},"end":{"line":70,"column":43}},"24":{"start":{"line":74,"column":8},"end":{"line":74,"column":38}},"25":{"start":{"line":75,"column":8},"end":{"line":78,"column":58}},"26":{"start":{"line":80,"column":8},"end":{"line":82,"column":9}},"27":{"start":{"line":81,"column":12},"end":{"line":81,"column":43}},"28":{"start":{"line":86,"column":4},"end":{"line":86,"column":46}}},"fnMap":{"0":{"name":"extractErrorMessages","decl":{"start":{"line":11,"column":9},"end":{"line":11,"column":29}},"loc":{"start":{"line":11,"column":55},"end":{"line":22,"column":1}}},"1":{"name":"(anonymous_2)","decl":{"start":{"line":13,"column":19},"end":{"line":13,"column":20}},"loc":{"start":{"line":13,"column":27},"end":{"line":20,"column":5}}},"2":{"name":"errorHandler","decl":{"start":{"line":24,"column":16},"end":{"line":24,"column":28}},"loc":{"start":{"line":29,"column":23},"end":{"line":87,"column":1}}}},"branchMap":{"0":{"loc":{"start":{"line":14,"column":8},"end":{"line":16,"column":9}},"type":"if","locations":[{"start":{"line":14,"column":8},"end":{"line":16,"column":9}}]},"1":{"loc":{"start":{"line":17,"column":8},"end":{"line":19,"column":9}},"type":"if","locations":[{"start":{"line":17,"column":8},"end":{"line":19,"column":9}}]},"2":{"loc":{"start":{"line":17,"column":12},"end":{"line":17,"column":51}},"type":"binary-expr","locations":[{"start":{"line":17,"column":12},"end":{"line":17,"column":24}},{"start":{"line":17,"column":28},"end":{"line":17,"column":51}}]},"3":{"loc":{"start":{"line":45,"column":4},"end":{"line":83,"column":5}},"type":"if","locations":[{"start":{"line":45,"column":4},"end":{"line":83,"column":5}},{"start":{"line":72,"column":11},"end":{"line":83,"column":5}}]},"4":{"loc":{"start":{"line":52,"column":8},"end":{"line":66,"column":9}},"type":"if","locations":[{"start":{"line":52,"column":8},"end":{"line":66,"column":9}},{"start":{"line":63,"column":15},"end":{"line":66,"column":9}}]},"5":{"loc":{"start":{"line":53,"column":12},"end":{"line":54,"column":59}},"type":"binary-expr","locations":[{"start":{"line":53,"column":12},"end":{"line":53,"column":44}},{"start":{"line":54,"column":12},"end":{"line":54,"column":59}}]},"6":{"loc":{"start":{"line":65,"column":34},"end":{"line":65,"column":70}},"type":"cond-expr","locations":[{"start":{"line":65,"column":54},"end":{"line":65,"column":61}},{"start":{"line":65,"column":64},"end":{"line":65,"column":70}}]},"7":{"loc":{"start":{"line":69,"column":8},"end":{"line":71,"column":9}},"type":"if","locations":[{"start":{"line":69,"column":8},"end":{"line":71,"column":9}}]},"8":{"loc":{"start":{"line":69,"column":12},"end":{"line":69,"column":75}},"type":"binary-expr","locations":[{"start":{"line":69,"column":12},"end":{"line":69,"column":40}},{"start":{"line":69,"column":44},"end":{"line":69,"column":62}},{"start":{"line":69,"column":66},"end":{"line":69,"column":75}}]},"9":{"loc":{"start":{"line":76,"column":12},"end":{"line":78,"column":57}},"type":"cond-expr","locations":[{"start":{"line":77,"column":18},"end":{"line":77,"column":41}},{"start":{"line":78,"column":18},"end":{"line":78,"column":57}}]},"10":{"loc":{"start":{"line":80,"column":8},"end":{"line":82,"column":9}},"type":"if","locations":[{"start":{"line":80,"column":8},"end":{"line":82,"column":9}}]},"11":{"loc":{"start":{"line":80,"column":12},"end":{"line":80,"column":52}},"type":"binary-expr","locations":[{"start":{"line":80,"column":12},"end":{"line":80,"column":39}},{"start":{"line":80,"column":43},"end":{"line":80,"column":52}}]}},"s":{"0":1,"1":1,"2":1,"3":4,"4":4,"5":4,"6":4,"7":4,"8":0,"9":4,"10":11,"11":11,"12":11,"13":11,"14":11,"15":11,"16":11,"17":11,"18":4,"19":4,"20":4,"21":7,"22":11,"23":0,"24":0,"25":0,"26":0,"27":0,"28":11},"f":{"0":4,"1":4,"2":11},"b":{"0":[4],"1":[0],"2":[4,4],"3":[11,0],"4":[4,7],"5":[11,4],"6":[0,7],"7":[0],"8":[11,0,0],"9":[0,0],"10":[0],"11":[0,0]}}
,"Y:\\workspace\\learnproject\\ShnurAA_214371_RIOPK_Server\\src\\infrastructure\\web\\express\\middlewares\\role.middleware.ts": {"path":"Y:\\workspace\\learnproject\\ShnurAA_214371_RIOPK_Server\\src\\infrastructure\\web\\express\\middlewares\\role.middleware.ts","statementMap":{"0":{"start":{"line":3,"column":0},"end":{"line":3,"column":67}},"1":{"start":{"line":14,"column":30},"end":{"line":65,"column":1}},"2":{"start":{"line":15,"column":4},"end":{"line":64,"column":6}},"3":{"start":{"line":17,"column":8},"end":{"line":29,"column":9}},"4":{"start":{"line":20,"column":12},"end":{"line":22,"column":14}},"5":{"start":{"line":23,"column":12},"end":{"line":28,"column":14}},"6":{"start":{"line":32,"column":8},"end":{"line":44,"column":9}},"7":{"start":{"line":33,"column":12},"end":{"line":36,"column":14}},"8":{"start":{"line":38,"column":12},"end":{"line":43,"column":14}},"9":{"start":{"line":47,"column":36},"end":{"line":47,"column":50}},"10":{"start":{"line":48,"column":30},"end":{"line":49,"column":null}},"11":{"start":{"line":49,"column":12},"end":{"line":49,"column":39}},"12":{"start":{"line":52,"column":8},"end":{"line":63,"column":9}},"13":{"start":{"line":54,"column":12},"end":{"line":54,"column":19}},"14":{"start":{"line":57,"column":12},"end":{"line":59,"column":14}},"15":{"start":{"line":60,"column":12},"end":{"line":62,"column":14}},"16":{"start":{"line":14,"column":13},"end":{"line":14,"column":30}}},"fnMap":{"0":{"name":"(anonymous_0)","decl":{"start":{"line":14,"column":30},"end":{"line":14,"column":31}},"loc":{"start":{"line":14,"column":57},"end":{"line":65,"column":1}}},"1":{"name":"(anonymous_1)","decl":{"start":{"line":15,"column":11},"end":{"line":15,"column":12}},"loc":{"start":{"line":15,"column":70},"end":{"line":64,"column":5}}},"2":{"name":"(anonymous_2)","decl":{"start":{"line":48,"column":45},"end":{"line":48,"column":46}},"loc":{"start":{"line":49,"column":12},"end":{"line":49,"column":39}}}},"branchMap":{"0":{"loc":{"start":{"line":17,"column":8},"end":{"line":29,"column":9}},"type":"if","locations":[{"start":{"line":17,"column":8},"end":{"line":29,"column":9}}]},"1":{"loc":{"start":{"line":32,"column":8},"end":{"line":44,"column":9}},"type":"if","locations":[{"start":{"line":32,"column":8},"end":{"line":44,"column":9}}]},"2":{"loc":{"start":{"line":32,"column":12},"end":{"line":32,"column":61}},"type":"binary-expr","locations":[{"start":{"line":32,"column":12},"end":{"line":32,"column":27}},{"start":{"line":32,"column":31},"end":{"line":32,"column":61}}]},"3":{"loc":{"start":{"line":52,"column":8},"end":{"line":63,"column":9}},"type":"if","locations":[{"start":{"line":52,"column":8},"end":{"line":63,"column":9}},{"start":{"line":55,"column":15},"end":{"line":63,"column":9}}]}},"s":{"0":1,"1":1,"2":2,"3":0,"4":0,"5":0,"6":0,"7":0,"8":0,"9":0,"10":0,"11":0,"12":0,"13":0,"14":0,"15":0,"16":1},"f":{"0":2,"1":0,"2":0},"b":{"0":[0],"1":[0],"2":[0,0],"3":[0,0]}}
,"Y:\\workspace\\learnproject\\ShnurAA_214371_RIOPK_Server\\src\\infrastructure\\web\\express\\middlewares\\upload.middleware.ts": {"path":"Y:\\workspace\\learnproject\\ShnurAA_214371_RIOPK_Server\\src\\infrastructure\\web\\express\\middlewares\\upload.middleware.ts","statementMap":{"0":{"start":{"line":2,"column":0},"end":{"line":2,"column":28}},"1":{"start":{"line":3,"column":0},"end":{"line":3,"column":24}},"2":{"start":{"line":4,"column":0},"end":{"line":4,"column":20}},"3":{"start":{"line":5,"column":0},"end":{"line":5,"column":67}},"4":{"start":{"line":11,"column":19},"end":{"line":11,"column":68}},"5":{"start":{"line":14,"column":0},"end":{"line":23,"column":1}},"6":{"start":{"line":15,"column":4},"end":{"line":22,"column":5}},"7":{"start":{"line":16,"column":8},"end":{"line":16,"column":54}},"8":{"start":{"line":17,"column":8},"end":{"line":17,"column":63}},"9":{"start":{"line":19,"column":8},"end":{"line":19,"column":65}},"10":{"start":{"line":21,"column":8},"end":{"line":21,"column":24}},"11":{"start":{"line":25,"column":16},"end":{"line":38,"column":2}},"12":{"start":{"line":28,"column":8},"end":{"line":28,"column":29}},"13":{"start":{"line":34,"column":29},"end":{"line":34,"column":79}},"14":{"start":{"line":35,"column":26},"end":{"line":35,"column":57}},"15":{"start":{"line":36,"column":8},"end":{"line":36,"column":66}},"16":{"start":{"line":42,"column":19},"end":{"line":63,"column":1}},"17":{"start":{"line":49,"column":4},"end":{"line":62,"column":5}},"18":{"start":{"line":53,"column":8},"end":{"line":53,"column":23}},"19":{"start":{"line":56,"column":8},"end":{"line":61,"column":10}},"20":{"start":{"line":67,"column":15},"end":{"line":73,"column":2}},"21":{"start":{"line":77,"column":13},"end":{"line":77,"column":54}}},"fnMap":{"0":{"name":"(anonymous_1)","decl":{"start":{"line":27,"column":17},"end":{"line":27,"column":18}},"loc":{"start":{"line":27,"column":37},"end":{"line":29,"column":5}}},"1":{"name":"(anonymous_2)","decl":{"start":{"line":31,"column":14},"end":{"line":31,"column":15}},"loc":{"start":{"line":31,"column":33},"end":{"line":37,"column":5}}},"2":{"name":"(anonymous_3)","decl":{"start":{"line":42,"column":19},"end":{"line":42,"column":null}},"loc":{"start":{"line":46,"column":4},"end":{"line":63,"column":1}}}},"branchMap":{"0":{"loc":{"start":{"line":14,"column":0},"end":{"line":23,"column":1}},"type":"if","locations":[{"start":{"line":14,"column":0},"end":{"line":23,"column":1}}]},"1":{"loc":{"start":{"line":49,"column":4},"end":{"line":62,"column":5}},"type":"if","locations":[{"start":{"line":49,"column":4},"end":{"line":62,"column":5}},{"start":{"line":54,"column":11},"end":{"line":62,"column":5}}]},"2":{"loc":{"start":{"line":50,"column":8},"end":{"line":51,"column":56}},"type":"binary-expr","locations":[{"start":{"line":50,"column":8},"end":{"line":50,"column":36}},{"start":{"line":51,"column":8},"end":{"line":51,"column":56}}]}},"s":{"0":1,"1":1,"2":1,"3":1,"4":1,"5":1,"6":0,"7":0,"8":0,"9":0,"10":0,"11":1,"12":0,"13":0,"14":0,"15":0,"16":1,"17":0,"18":0,"19":0,"20":1,"21":1},"f":{"0":0,"1":0,"2":0},"b":{"0":[0],"1":[0,0],"2":[0,0]}}
,"Y:\\workspace\\learnproject\\ShnurAA_214371_RIOPK_Server\\src\\infrastructure\\web\\express\\middlewares\\validation.middleware.ts": {"path":"Y:\\workspace\\learnproject\\ShnurAA_214371_RIOPK_Server\\src\\infrastructure\\web\\express\\middlewares\\validation.middleware.ts","statementMap":{"0":{"start":{"line":37,"column":0},"end":{"line":37,"column":16}},"1":{"start":{"line":3,"column":0},"end":{"line":3,"column":70}},"2":{"start":{"line":4,"column":0},"end":{"line":4,"column":60}},"3":{"start":{"line":5,"column":0},"end":{"line":5,"column":67}},"4":{"start":{"line":19,"column":4},"end":{"line":29,"column":20}},"5":{"start":{"line":21,"column":12},"end":{"line":23,"column":13}},"6":{"start":{"line":22,"column":16},"end":{"line":22,"column":65}},"7":{"start":{"line":24,"column":12},"end":{"line":26,"column":13}},"8":{"start":{"line":25,"column":16},"end":{"line":25,"column":92}},"9":{"start":{"line":27,"column":12},"end":{"line":27,"column":76}},"10":{"start":{"line":41,"column":4},"end":{"line":65,"column":6}},"11":{"start":{"line":42,"column":28},"end":{"line":42,"column":63}},"12":{"start":{"line":44,"column":23},"end":{"line":48,"column":10}},"13":{"start":{"line":50,"column":8},"end":{"line":61,"column":9}},"14":{"start":{"line":51,"column":33},"end":{"line":51,"column":71}},"15":{"start":{"line":53,"column":26},"end":{"line":55,"column":null}},"16":{"start":{"line":58,"column":12},"end":{"line":58,"column":44}},"17":{"start":{"line":60,"column":12},"end":{"line":60,"column":31}},"18":{"start":{"line":63,"column":8},"end":{"line":63,"column":31}},"19":{"start":{"line":64,"column":8},"end":{"line":64,"column":15}}},"fnMap":{"0":{"name":"formatValidationErrorsToString","decl":{"start":{"line":18,"column":9},"end":{"line":18,"column":39}},"loc":{"start":{"line":18,"column":65},"end":{"line":30,"column":1}}},"1":{"name":"(anonymous_1)","decl":{"start":{"line":20,"column":13},"end":{"line":20,"column":14}},"loc":{"start":{"line":20,"column":21},"end":{"line":28,"column":9}}},"2":{"name":"validationMiddleware","decl":{"start":{"line":37,"column":16},"end":{"line":37,"column":36}},"loc":{"start":{"line":39,"column":33},"end":{"line":66,"column":1}}},"3":{"name":"(anonymous_3)","decl":{"start":{"line":41,"column":11},"end":{"line":41,"column":16}},"loc":{"start":{"line":41,"column":70},"end":{"line":65,"column":5}}}},"branchMap":{"0":{"loc":{"start":{"line":21,"column":12},"end":{"line":23,"column":13}},"type":"if","locations":[{"start":{"line":21,"column":12},"end":{"line":23,"column":13}}]},"1":{"loc":{"start":{"line":24,"column":12},"end":{"line":26,"column":13}},"type":"if","locations":[{"start":{"line":24,"column":12},"end":{"line":26,"column":13}}]},"2":{"loc":{"start":{"line":24,"column":16},"end":{"line":24,"column":55}},"type":"binary-expr","locations":[{"start":{"line":24,"column":16},"end":{"line":24,"column":28}},{"start":{"line":24,"column":32},"end":{"line":24,"column":55}}]},"3":{"loc":{"start":{"line":39,"column":4},"end":{"line":39,"column":33}},"type":"default-arg","locations":[{"start":{"line":39,"column":28},"end":{"line":39,"column":33}}]},"4":{"loc":{"start":{"line":50,"column":8},"end":{"line":61,"column":9}},"type":"if","locations":[{"start":{"line":50,"column":8},"end":{"line":61,"column":9}}]}},"s":{"0":1,"1":1,"2":1,"3":1,"4":4,"5":4,"6":4,"7":0,"8":0,"9":0,"10":2,"11":13,"12":13,"13":13,"14":4,"15":4,"16":4,"17":4,"18":9,"19":9},"f":{"0":4,"1":4,"2":2,"3":13},"b":{"0":[4],"1":[0],"2":[0,0],"3":[2],"4":[4]}}
,"Y:\\workspace\\learnproject\\ShnurAA_214371_RIOPK_Server\\src\\infrastructure\\web\\express\\routes\\auth.routes.ts": {"path":"Y:\\workspace\\learnproject\\ShnurAA_214371_RIOPK_Server\\src\\infrastructure\\web\\express\\routes\\auth.routes.ts","statementMap":{"0":{"start":{"line":2,"column":0},"end":{"line":2,"column":33}},"1":{"start":{"line":3,"column":0},"end":{"line":3,"column":64}},"2":{"start":{"line":4,"column":0},"end":{"line":4,"column":64}},"3":{"start":{"line":5,"column":0},"end":{"line":5,"column":76}},"4":{"start":{"line":6,"column":0},"end":{"line":6,"column":86}},"5":{"start":{"line":7,"column":0},"end":{"line":7,"column":80}},"6":{"start":{"line":9,"column":15},"end":{"line":9,"column":23}},"7":{"start":{"line":10,"column":23},"end":{"line":10,"column":43}},"8":{"start":{"line":52,"column":0},"end":{"line":56,"column":2}},"9":{"start":{"line":98,"column":0},"end":{"line":98,"column":80}},"10":{"start":{"line":135,"column":0},"end":{"line":135,"column":56}},"11":{"start":{"line":137,"column":0},"end":{"line":137,"column":22}}},"fnMap":{},"branchMap":{},"s":{"0":1,"1":1,"2":1,"3":1,"4":1,"5":1,"6":1,"7":1,"8":1,"9":1,"10":1,"11":1},"f":{},"b":{}}
,"Y:\\workspace\\learnproject\\ShnurAA_214371_RIOPK_Server\\src\\infrastructure\\web\\express\\routes\\data-upload.routes.ts": {"path":"Y:\\workspace\\learnproject\\ShnurAA_214371_RIOPK_Server\\src\\infrastructure\\web\\express\\routes\\data-upload.routes.ts","statementMap":{"0":{"start":{"line":2,"column":0},"end":{"line":2,"column":33}},"1":{"start":{"line":3,"column":0},"end":{"line":3,"column":77}},"2":{"start":{"line":4,"column":0},"end":{"line":4,"column":64}},"3":{"start":{"line":5,"column":0},"end":{"line":5,"column":64}},"4":{"start":{"line":6,"column":0},"end":{"line":6,"column":68}},"5":{"start":{"line":8,"column":15},"end":{"line":8,"column":23}},"6":{"start":{"line":13,"column":29},"end":{"line":13,"column":55}},"7":{"start":{"line":19,"column":0},"end":{"line":19,"column":27}},"8":{"start":{"line":89,"column":0},"end":{"line":94,"column":2}},"9":{"start":{"line":101,"column":0},"end":{"line":101,"column":22}}},"fnMap":{},"branchMap":{},"s":{"0":1,"1":1,"2":1,"3":1,"4":1,"5":1,"6":1,"7":1,"8":1,"9":1},"f":{},"b":{}}
,"Y:\\workspace\\learnproject\\ShnurAA_214371_RIOPK_Server\\src\\infrastructure\\web\\express\\routes\\report.routes.ts": {"path":"Y:\\workspace\\learnproject\\ShnurAA_214371_RIOPK_Server\\src\\infrastructure\\web\\express\\routes\\report.routes.ts","statementMap":{"0":{"start":{"line":2,"column":0},"end":{"line":2,"column":33}},"1":{"start":{"line":3,"column":0},"end":{"line":3,"column":68}},"2":{"start":{"line":4,"column":0},"end":{"line":4,"column":64}},"3":{"start":{"line":6,"column":15},"end":{"line":6,"column":23}},"4":{"start":{"line":7,"column":25},"end":{"line":7,"column":47}},"5":{"start":{"line":10,"column":0},"end":{"line":10,"column":27}},"6":{"start":{"line":41,"column":0},"end":{"line":41,"column":71}},"7":{"start":{"line":45,"column":0},"end":{"line":45,"column":22}}},"fnMap":{},"branchMap":{},"s":{"0":1,"1":1,"2":1,"3":1,"4":1,"5":1,"6":1,"7":1},"f":{},"b":{}}
,"Y:\\workspace\\learnproject\\ShnurAA_214371_RIOPK_Server\\src\\infrastructure\\web\\express\\routes\\user.routes.ts": {"path":"Y:\\workspace\\learnproject\\ShnurAA_214371_RIOPK_Server\\src\\infrastructure\\web\\express\\routes\\user.routes.ts","statementMap":{"0":{"start":{"line":2,"column":0},"end":{"line":2,"column":33}},"1":{"start":{"line":3,"column":0},"end":{"line":3,"column":64}},"2":{"start":{"line":4,"column":0},"end":{"line":4,"column":64}},"3":{"start":{"line":5,"column":0},"end":{"line":5,"column":64}},"4":{"start":{"line":12,"column":15},"end":{"line":12,"column":23}},"5":{"start":{"line":13,"column":23},"end":{"line":13,"column":43}},"6":{"start":{"line":17,"column":0},"end":{"line":17,"column":27}},"7":{"start":{"line":18,"column":0},"end":{"line":18,"column":38}},"8":{"start":{"line":104,"column":0},"end":{"line":104,"column":44}},"9":{"start":{"line":149,"column":0},"end":{"line":149,"column":47}},"10":{"start":{"line":202,"column":0},"end":{"line":202,"column":46}},"11":{"start":{"line":243,"column":0},"end":{"line":243,"column":49}},"12":{"start":{"line":313,"column":0},"end":{"line":313,"column":22}}},"fnMap":{},"branchMap":{},"s":{"0":1,"1":1,"2":1,"3":1,"4":1,"5":1,"6":1,"7":1,"8":1,"9":1,"10":1,"11":1,"12":1},"f":{},"b":{}}
}
