TN:
SF:src\server.ts
FN:9,(anonymous_1)
FN:13,(anonymous_2)
FNF:2
FNH:0
FNDA:0,(anonymous_1)
FNDA:0,(anonymous_2)
DA:2,0
DA:3,0
DA:5,0
DA:6,0
DA:7,0
DA:9,0
DA:10,0
DA:11,0
DA:13,0
DA:14,0
DA:15,0
DA:18,0
DA:21,0
DA:22,0
DA:26,0
LF:15
LH:0
BRF:0
BRH:0
end_of_record
TN:
SF:src\swagger.config.ts
FN:12,getPackageVersion
FNF:1
FNH:1
FNDA:1,getPackageVersion
DA:2,1
DA:3,1
DA:4,1
DA:5,1
DA:13,1
DA:19,1
DA:22,1
DA:23,0
DA:26,0
DA:30,1
DA:32,1
DA:34,1
DA:36,0
DA:38,0
DA:43,1
DA:129,1
DA:131,1
DA:132,1
DA:135,0
DA:140,1
LF:20
LH:15
BRDA:22,0,0,0
BRDA:34,1,0,1
BRDA:34,1,1,0
BRF:3
BRH:1
end_of_record
TN:
SF:src\application\dtos\auth\login-response.dto.ts
FN:19,(anonymous_2)
FN:24,(anonymous_3)
FNF:2
FNH:2
FNDA:3,(anonymous_2)
FNDA:3,(anonymous_3)
DA:2,2
DA:3,2
DA:19,2
DA:21,5
DA:24,3
DA:25,5
LF:6
LH:6
BRF:0
BRH:0
end_of_record
TN:
SF:src\application\dtos\auth\login-user.dto.ts
FN:25,(anonymous_2)
FNF:1
FNH:1
FNDA:9,(anonymous_2)
DA:2,1
DA:25,1
DA:29,10
DA:33,10
LF:4
LH:4
BRF:0
BRH:0
end_of_record
TN:
SF:src\application\dtos\auth\register-user.dto.ts
FN:31,(anonymous_2)
FNF:1
FNH:1
FNDA:13,(anonymous_2)
DA:2,1
DA:31,1
DA:35,14
DA:39,14
DA:44,14
LF:5
LH:5
BRF:0
BRH:0
end_of_record
TN:
SF:src\application\dtos\auth\user-response.dto.ts
FN:44,(anonymous_2)
FNF:1
FNH:1
FNDA:13,(anonymous_2)
DA:3,3
DA:44,3
DA:46,16
DA:49,16
DA:51,16
DA:53,16
DA:55,16
DA:57,16
DA:59,16
LF:9
LH:9
BRF:0
BRH:0
end_of_record
TN:
SF:src\application\dtos\reports\dashboard-summary.dto.ts
FN:30,(anonymous_2)
FN:69,(anonymous_3)
FN:77,(anonymous_4)
FNF:3
FNH:0
FNDA:0,(anonymous_2)
FNDA:0,(anonymous_3)
FNDA:0,(anonymous_4)
DA:2,1
DA:33,1
DA:36,1
DA:39,1
DA:69,1
DA:71,1
DA:74,1
DA:77,0
DA:78,1
LF:9
LH:8
BRF:0
BRH:0
end_of_record
TN:
SF:src\application\dtos\users\update-user.dto.ts
FN:40,(anonymous_2)
FNF:1
FNH:0
FNDA:0,(anonymous_2)
DA:2,1
DA:13,1
DA:40,1
DA:44,1
DA:52,1
LF:5
LH:5
BRF:0
BRH:0
end_of_record
TN:
SF:src\application\errors\AppError.ts
FN:6,(anonymous_0)
FNF:1
FNH:1
FNDA:15,(anonymous_0)
DA:2,3
DA:3,15
DA:4,15
DA:11,15
DA:12,15
DA:13,15
DA:16,15
DA:19,15
LF:8
LH:8
BRDA:8,0,0,0
BRDA:9,1,0,15
BRF:2
BRH:1
end_of_record
TN:
SF:src\application\interfaces\IJwtService.ts
FNF:0
FNH:0
DA:17,3
LF:1
LH:1
BRF:0
BRH:0
end_of_record
TN:
SF:src\application\interfaces\IPasswordHasher.ts
FNF:0
FNH:0
DA:6,3
LF:1
LH:1
BRF:0
BRH:0
end_of_record
TN:
SF:src\application\use-cases\auth\login-user.use-case.ts
FN:24,(anonymous_4)
FN:39,(anonymous_5)
FNF:2
FNH:2
FNDA:7,(anonymous_4)
FNDA:7,(anonymous_5)
DA:2,2
DA:4,2
DA:5,2
DA:6,2
DA:10,2
DA:14,2
DA:19,2
DA:20,2
DA:23,2
DA:25,7
DA:27,7
DA:29,7
DA:41,7
DA:42,7
DA:44,2
DA:48,5
DA:52,5
DA:53,2
DA:57,3
DA:62,3
DA:66,3
DA:71,3
DA:76,3
DA:84,3
LF:24
LH:24
BRDA:42,0,0,2
BRDA:52,1,0,2
BRF:2
BRH:2
end_of_record
TN:
SF:src\application\use-cases\auth\register-user.use-case.ts
FN:19,(anonymous_4)
FN:32,(anonymous_5)
FNF:2
FNH:2
FNDA:7,(anonymous_4)
FNDA:8,(anonymous_5)
DA:2,2
DA:4,2
DA:5,2
DA:9,2
DA:13,2
DA:15,2
DA:18,2
DA:20,7
DA:22,7
DA:34,8
DA:35,8
DA:36,3
DA:43,5
DA:47,5
DA:56,5
DA:60,5
LF:16
LH:16
BRDA:35,0,0,3
BRF:1
BRH:1
end_of_record
TN:
SF:src\application\use-cases\data-uploads\process-invoice-upload.use-case.ts
FN:76,(anonymous_5)
FN:86,(anonymous_6)
FN:99,(anonymous_7)
FN:145,(anonymous_8)
FN:153,(anonymous_9)
FN:165,(anonymous_10)
FN:169,(anonymous_11)
FN:174,(anonymous_12)
FN:186,(anonymous_13)
FN:194,(anonymous_14)
FN:196,(anonymous_15)
FN:201,(anonymous_16)
FN:208,(anonymous_17)
FN:254,(anonymous_18)
FN:311,(anonymous_19)
FN:316,(anonymous_20)
FN:317,(anonymous_21)
FN:318,(anonymous_22)
FN:319,(anonymous_23)
FN:331,(anonymous_24)
FN:405,(anonymous_25)
FNF:21
FNH:0
FNDA:0,(anonymous_5)
FNDA:0,(anonymous_6)
FNDA:0,(anonymous_7)
FNDA:0,(anonymous_8)
FNDA:0,(anonymous_9)
FNDA:0,(anonymous_10)
FNDA:0,(anonymous_11)
FNDA:0,(anonymous_12)
FNDA:0,(anonymous_13)
FNDA:0,(anonymous_14)
FNDA:0,(anonymous_15)
FNDA:0,(anonymous_16)
FNDA:0,(anonymous_17)
FNDA:0,(anonymous_18)
FNDA:0,(anonymous_19)
FNDA:0,(anonymous_20)
FNDA:0,(anonymous_21)
FNDA:0,(anonymous_22)
FNDA:0,(anonymous_23)
FNDA:0,(anonymous_24)
FNDA:0,(anonymous_25)
DA:2,1
DA:3,1
DA:4,1
DA:5,1
DA:10,1
DA:19,1
DA:21,1
DA:68,1
DA:69,0
DA:70,0
DA:71,0
DA:72,0
DA:73,0
DA:74,0
DA:78,0
DA:80,0
DA:90,0
DA:91,0
DA:92,0
DA:95,0
DA:96,0
DA:97,0
DA:99,0
DA:100,0
DA:105,0
DA:106,0
DA:107,0
DA:109,0
DA:110,0
DA:112,0
DA:115,0
DA:117,0
DA:118,0
DA:119,0
DA:123,0
DA:124,0
DA:128,0
DA:131,0
DA:134,0
DA:135,0
DA:136,0
DA:137,0
DA:138,0
DA:140,0
DA:141,0
DA:147,0
DA:148,0
DA:149,0
DA:150,0
DA:151,0
DA:155,0
DA:169,0
DA:170,0
DA:175,0
DA:183,0
DA:184,0
DA:186,0
DA:188,0
DA:194,0
DA:195,0
DA:196,0
DA:199,0
DA:202,0
DA:212,0
DA:215,0
DA:222,0
DA:224,0
DA:230,0
DA:234,0
DA:235,0
DA:240,0
DA:250,0
DA:251,0
DA:256,0
DA:257,0
DA:258,0
DA:259,0
DA:260,0
DA:261,0
DA:262,0
DA:263,0
DA:265,0
DA:266,0
DA:267,0
DA:268,0
DA:269,0
DA:270,0
DA:271,0
DA:272,0
DA:273,0
DA:274,0
DA:276,0
DA:277,0
DA:278,0
DA:280,0
DA:281,0
DA:282,0
DA:284,0
DA:285,0
DA:286,0
DA:288,0
DA:289,0
DA:291,0
DA:292,0
DA:296,0
DA:297,0
DA:300,0
DA:313,0
DA:314,0
DA:315,0
DA:316,0
DA:317,0
DA:318,0
DA:319,0
DA:321,0
DA:322,0
DA:323,0
DA:324,0
DA:327,0
DA:337,0
DA:338,0
DA:342,0
DA:347,0
DA:349,0
DA:354,0
DA:355,0
DA:356,0
DA:360,0
DA:363,0
DA:368,0
DA:369,0
DA:372,0
DA:375,0
DA:380,0
DA:381,0
DA:382,0
DA:390,0
DA:391,0
DA:394,0
DA:398,0
DA:407,0
DA:408,0
DA:409,0
DA:410,0
DA:413,0
DA:414,0
DA:415,0
DA:416,0
DA:417,0
DA:418,0
LF:150
LH:8
BRDA:101,0,0,0
BRDA:101,0,1,0
BRDA:107,1,0,0
BRDA:107,1,1,0
BRDA:117,2,0,0
BRDA:117,2,1,0
BRDA:118,3,0,0
BRDA:135,4,0,0
BRDA:135,4,1,0
BRDA:136,5,0,0
BRDA:184,6,0,0
BRDA:185,7,0,0
BRDA:185,7,1,0
BRDA:196,8,0,0
BRDA:196,8,1,0
BRDA:222,9,0,0
BRDA:234,10,0,0
BRDA:265,11,0,0
BRDA:267,12,0,0
BRDA:269,13,0,0
BRDA:270,14,0,0
BRDA:272,15,0,0
BRDA:273,16,0,0
BRDA:276,17,0,0
BRDA:276,17,1,0
BRDA:277,18,0,0
BRDA:277,19,0,0
BRDA:277,19,1,0
BRDA:280,20,0,0
BRDA:280,20,1,0
BRDA:281,21,0,0
BRDA:281,22,0,0
BRDA:281,22,1,0
BRDA:285,23,0,0
BRDA:289,24,0,0
BRDA:291,25,0,0
BRDA:291,26,0,0
BRDA:291,26,1,0
BRDA:291,26,2,0
BRDA:296,27,0,0
BRDA:313,28,0,0
BRDA:324,29,0,0
BRDA:337,30,0,0
BRDA:354,31,0,0
BRDA:354,31,1,0
BRDA:355,32,0,0
BRDA:390,33,0,0
BRDA:399,34,0,0
BRDA:399,34,1,0
BRDA:408,35,0,0
BRDA:414,36,0,0
BRDA:414,36,1,0
BRDA:416,37,0,0
BRF:53
BRH:0
end_of_record
TN:
SF:src\application\use-cases\reports\get-dashboard-summary.use-case.ts
FN:12,(anonymous_4)
FN:17,(anonymous_5)
FNF:2
FNH:0
FNDA:0,(anonymous_4)
FNDA:0,(anonymous_5)
DA:2,1
DA:3,1
DA:7,1
DA:8,1
DA:11,1
DA:13,0
DA:18,0
DA:20,0
DA:24,0
LF:9
LH:5
BRF:0
BRH:0
end_of_record
TN:
SF:src\application\use-cases\users\delete-user.use-case.ts
FN:11,(anonymous_4)
FN:21,(anonymous_5)
FNF:2
FNH:0
FNDA:0,(anonymous_4)
FNDA:0,(anonymous_5)
DA:2,1
DA:3,1
DA:7,1
DA:10,1
DA:12,0
DA:22,0
DA:24,0
DA:25,0
DA:27,0
DA:31,0
DA:32,0
DA:34,0
LF:12
LH:4
BRDA:31,0,0,0
BRF:1
BRH:0
end_of_record
TN:
SF:src\application\use-cases\users\get-user-by-id.use-case.ts
FN:13,(anonymous_4)
FN:23,(anonymous_5)
FNF:2
FNH:0
FNDA:0,(anonymous_4)
FNDA:0,(anonymous_5)
DA:2,1
DA:3,1
DA:7,1
DA:8,1
DA:9,1
DA:12,1
DA:14,0
DA:24,0
DA:25,0
DA:27,0
DA:28,0
DA:32,0
DA:36,0
DA:38,0
DA:42,0
DA:43,0
DA:45,0
LF:17
LH:6
BRDA:27,0,0,0
BRDA:42,1,0,0
BRF:2
BRH:0
end_of_record
TN:
SF:src\application\use-cases\users\list-users.use-case.ts
FN:22,(anonymous_4)
FN:33,(anonymous_5)
FN:39,(anonymous_6)
FNF:3
FNH:0
FNDA:0,(anonymous_4)
FNDA:0,(anonymous_5)
FNDA:0,(anonymous_6)
DA:2,1
DA:3,1
DA:8,1
DA:9,1
DA:10,1
DA:21,1
DA:24,0
DA:34,0
DA:36,0
DA:39,0
DA:40,0
DA:46,0
DA:53,0
DA:55,0
DA:56,0
DA:59,0
LF:16
LH:6
BRDA:33,0,0,0
BRDA:49,1,0,0
BRDA:49,1,1,0
BRDA:50,2,0,0
BRDA:50,2,1,0
BRDA:55,3,0,0
BRF:6
BRH:0
end_of_record
TN:
SF:src\application\use-cases\users\update-user.use-case.ts
FN:15,(anonymous_4)
FN:26,(anonymous_5)
FN:39,(anonymous_6)
FNF:3
FNH:0
FNDA:0,(anonymous_4)
FNDA:0,(anonymous_5)
FNDA:0,(anonymous_6)
DA:2,1
DA:3,1
DA:8,1
DA:10,1
DA:11,1
DA:14,1
DA:16,0
DA:32,0
DA:38,0
DA:40,0
DA:45,0
DA:46,0
DA:50,0
DA:51,0
DA:52,0
DA:57,0
DA:59,0
DA:64,0
DA:65,0
DA:69,0
DA:73,0
DA:75,0
DA:79,0
DA:81,0
DA:83,0
LF:25
LH:6
BRDA:40,0,0,0
BRDA:40,0,1,0
BRDA:45,1,0,0
BRDA:51,2,0,0
BRDA:64,3,0,0
BRDA:79,4,0,0
BRF:6
BRH:0
end_of_record
TN:
SF:src\domain\entities\customer.entity.ts
FN:12,(anonymous_0)
FNF:1
FNH:0
FNDA:0,(anonymous_0)
DA:2,0
DA:3,0
DA:4,0
DA:5,0
DA:6,0
DA:7,0
DA:8,0
DA:9,0
DA:10,0
DA:22,0
DA:23,0
DA:24,0
DA:25,0
DA:26,0
DA:27,0
DA:28,0
DA:29,0
LF:17
LH:0
BRF:0
BRH:0
end_of_record
TN:
SF:src\domain\entities\invoice.entity.ts
FN:19,(anonymous_0)
FN:45,(anonymous_1)
FN:49,(anonymous_2)
FNF:3
FNH:0
FNDA:0,(anonymous_0)
FNDA:0,(anonymous_1)
FNDA:0,(anonymous_2)
DA:6,0
DA:7,0
DA:8,0
DA:9,0
DA:10,0
DA:11,0
DA:12,0
DA:13,0
DA:14,0
DA:15,0
DA:16,0
DA:17,0
DA:32,0
DA:33,0
DA:34,0
DA:35,0
DA:36,0
DA:37,0
DA:38,0
DA:39,0
DA:40,0
DA:41,0
DA:42,0
DA:46,0
DA:50,0
LF:25
LH:0
BRDA:49,0,0,0
BRDA:50,1,0,0
BRDA:50,1,1,0
BRF:3
BRH:0
end_of_record
TN:
SF:src\domain\entities\user.entity.ts
FN:13,(anonymous_0)
FNF:1
FNH:1
FNDA:12,(anonymous_0)
DA:4,3
DA:5,12
DA:6,12
DA:7,12
DA:8,12
DA:9,12
DA:10,12
DA:11,12
DA:22,12
DA:23,12
DA:24,12
DA:25,12
DA:26,12
DA:27,12
DA:28,12
LF:15
LH:15
BRF:0
BRH:0
end_of_record
TN:
SF:src\domain\repositories\ICustomerRepository.ts
FNF:0
FNH:0
DA:18,1
LF:1
LH:1
BRF:0
BRH:0
end_of_record
TN:
SF:src\domain\repositories\IInvoiceRepository.ts
FNF:0
FNH:0
DA:25,1
LF:1
LH:1
BRF:0
BRH:0
end_of_record
TN:
SF:src\domain\repositories\IUserRepository.ts
FNF:0
FNH:0
DA:37,3
LF:1
LH:1
BRF:0
BRH:0
end_of_record
TN:
SF:src\infrastructure\database\mongoose\connection.ts
FN:5,(anonymous_1)
FN:14,(anonymous_2)
FN:19,(anonymous_3)
FNF:3
FNH:0
FNDA:0,(anonymous_1)
FNDA:0,(anonymous_2)
FNDA:0,(anonymous_3)
DA:2,0
DA:3,0
DA:5,0
DA:6,0
DA:7,0
DA:8,0
DA:11,0
DA:14,0
DA:15,0
DA:16,0
DA:19,0
DA:20,0
DA:23,0
DA:24,0
DA:28,0
LF:15
LH:0
BRF:0
BRH:0
end_of_record
TN:
SF:src\infrastructure\database\mongoose\repositories\customer.repository.ts
FN:29,(anonymous_10)
FN:47,(anonymous_11)
FN:67,(anonymous_12)
FN:95,(anonymous_13)
FN:138,(anonymous_14)
FNF:5
FNH:0
FNDA:0,(anonymous_10)
FNDA:0,(anonymous_11)
FNDA:0,(anonymous_12)
FNDA:0,(anonymous_13)
FNDA:0,(anonymous_14)
DA:2,0
DA:3,0
DA:4,0
DA:6,0
DA:7,0
DA:23,0
DA:30,0
DA:31,0
DA:49,0
DA:50,0
DA:52,0
DA:53,0
DA:54,0
DA:56,0
DA:58,0
DA:68,0
DA:70,0
DA:72,0
DA:73,0
DA:75,0
DA:79,0
DA:81,0
DA:85,0
DA:97,0
DA:98,0
DA:99,0
DA:100,0
DA:103,0
DA:107,0
DA:108,0
DA:115,0
DA:116,0
DA:119,0
DA:121,0
DA:123,0
DA:127,0
DA:130,0
DA:136,0
DA:137,0
DA:138,0
DA:140,0
DA:144,0
DA:150,0
DA:154,0
LF:44
LH:0
BRDA:49,0,0,0
BRDA:49,1,0,0
BRDA:49,1,1,0
BRDA:54,2,0,0
BRDA:54,2,1,0
BRDA:68,3,0,0
BRDA:68,4,0,0
BRDA:68,4,1,0
BRDA:79,5,0,0
BRDA:79,5,1,0
BRDA:97,6,0,0
BRDA:99,7,0,0
BRDA:119,8,0,0
BRDA:119,9,0,0
BRDA:119,9,1,0
BRDA:121,10,0,0
BRDA:127,11,0,0
BRDA:136,12,0,0
BRF:18
BRH:0
end_of_record
TN:
SF:src\infrastructure\database\mongoose\repositories\invoice.repository.ts
FN:42,(anonymous_1)
FN:63,(anonymous_2)
FN:82,(anonymous_3)
FN:122,(anonymous_4)
FN:184,(anonymous_5)
FN:362,(anonymous_6)
FN:365,(anonymous_7)
FN:376,(anonymous_8)
FN:401,(anonymous_9)
FN:417,(anonymous_10)
FNF:10
FNH:0
FNDA:0,(anonymous_1)
FNDA:0,(anonymous_2)
FNDA:0,(anonymous_3)
FNDA:0,(anonymous_4)
FNDA:0,(anonymous_5)
FNDA:0,(anonymous_6)
FNDA:0,(anonymous_7)
FNDA:0,(anonymous_8)
FNDA:0,(anonymous_9)
FNDA:0,(anonymous_10)
DA:2,0
DA:3,0
DA:9,0
DA:13,0
DA:14,0
DA:36,0
DA:43,0
DA:44,0
DA:64,0
DA:65,0
DA:67,0
DA:68,0
DA:69,0
DA:71,0
DA:72,0
DA:86,0
DA:91,0
DA:95,0
DA:97,0
DA:98,0
DA:99,0
DA:103,0
DA:105,0
DA:109,0
DA:134,0
DA:138,0
DA:139,0
DA:145,0
DA:146,0
DA:147,0
DA:156,0
DA:157,0
DA:160,0
DA:165,0
DA:169,0
DA:170,0
DA:175,0
DA:188,0
DA:349,0
DA:350,0
DA:352,0
DA:353,0
DA:354,0
DA:361,0
DA:362,0
DA:365,0
DA:366,0
DA:367,0
DA:375,0
DA:377,0
DA:381,0
DA:384,0
DA:388,0
DA:391,0
DA:398,0
DA:401,0
DA:409,0
DA:410,0
DA:421,0
DA:424,0
LF:60
LH:0
BRDA:64,0,0,0
BRDA:64,1,0,0
BRDA:64,1,1,0
BRDA:69,2,0,0
BRDA:69,2,1,0
BRDA:86,3,0,0
BRDA:87,4,0,0
BRDA:87,4,1,0
BRDA:87,4,2,0
BRDA:103,5,0,0
BRDA:103,5,1,0
BRDA:138,6,0,0
BRDA:153,7,0,0
BRDA:153,7,1,0
BRDA:154,8,0,0
BRDA:154,8,1,0
BRDA:169,9,0,0
BRDA:185,10,0,0
BRDA:352,11,0,0
BRDA:352,11,1,0
BRDA:366,12,0,0
BRDA:419,13,0,0
BRF:22
BRH:0
end_of_record
TN:
SF:src\infrastructure\database\mongoose\repositories\user.repository.ts
FN:22,(anonymous_13)
FN:92,(anonymous_14)
FN:138,(anonymous_15)
FN:176,(anonymous_16)
FN:216,(anonymous_17)
FN:283,(anonymous_18)
FN:320,(anonymous_19)
FN:321,(anonymous_20)
FN:338,(anonymous_21)
FN:385,(anonymous_22)
FN:401,(anonymous_23)
FNF:11
FNH:5
FNDA:10,(anonymous_13)
FNDA:14,(anonymous_14)
FNDA:9,(anonymous_15)
FNDA:1,(anonymous_16)
FNDA:4,(anonymous_17)
FNDA:0,(anonymous_18)
FNDA:0,(anonymous_19)
FNDA:0,(anonymous_20)
FNDA:0,(anonymous_21)
FNDA:0,(anonymous_22)
FNDA:0,(anonymous_23)
DA:2,3
DA:3,3
DA:6,3
DA:11,3
DA:13,3
DA:15,3
DA:18,3
DA:19,10
DA:20,10
DA:23,10
DA:25,10
DA:26,10
DA:29,10
DA:33,10
DA:35,10
DA:38,10
DA:41,10
DA:46,10
DA:48,10
DA:49,10
DA:51,10
DA:56,0
DA:60,0
DA:65,0
DA:69,0
DA:76,0
DA:79,0
DA:85,10
DA:93,14
DA:94,5
DA:98,9
DA:103,9
DA:105,9
DA:114,0
DA:119,0
DA:126,9
DA:139,9
DA:140,9
DA:144,9
DA:145,0
DA:149,0
DA:155,9
DA:156,9
DA:160,9
DA:162,0
DA:167,0
DA:177,1
DA:178,1
DA:182,1
DA:183,0
DA:186,0
DA:189,1
DA:190,0
DA:193,0
DA:199,1
DA:200,1
DA:201,1
DA:203,0
DA:207,0
DA:217,4
DA:218,4
DA:222,4
DA:223,0
DA:226,0
DA:232,4
DA:234,4
DA:241,4
DA:243,4
DA:244,4
DA:246,0
DA:250,0
DA:256,4
DA:259,4
DA:261,0
DA:265,0
DA:267,0
DA:274,0
DA:286,0
DA:289,0
DA:290,0
DA:302,0
DA:304,0
DA:305,0
DA:307,0
DA:308,0
DA:319,0
DA:320,0
DA:321,0
DA:323,0
DA:325,0
DA:329,0
DA:339,0
DA:342,0
DA:343,0
DA:345,0
DA:346,0
DA:353,0
DA:354,0
DA:355,0
DA:357,0
DA:359,0
DA:360,0
DA:363,0
DA:364,0
DA:373,0
DA:374,0
DA:377,0
DA:379,0
DA:383,0
DA:384,0
DA:385,0
DA:387,0
DA:392,0
DA:402,0
DA:405,0
DA:406,0
DA:408,0
DA:409,0
DA:416,0
DA:417,0
DA:418,0
DA:420,0
DA:424,0
LF:123
LH:51
BRDA:33,0,0,10
BRDA:33,0,1,0
BRDA:33,1,0,10
BRDA:33,1,1,10
BRDA:48,2,0,10
BRDA:48,2,1,0
BRDA:93,3,0,5
BRDA:98,4,0,4
BRDA:98,4,1,5
BRDA:103,5,0,9
BRDA:103,5,1,5
BRDA:105,6,0,0
BRDA:106,7,0,9
BRDA:106,7,1,9
BRDA:106,7,2,9
BRDA:106,7,3,9
BRDA:106,7,4,9
BRDA:106,7,5,9
BRDA:106,7,6,9
BRDA:115,8,0,0
BRDA:115,8,1,0
BRDA:141,9,0,9
BRDA:141,9,1,9
BRDA:144,10,0,0
BRDA:144,11,0,9
BRDA:144,11,1,9
BRDA:146,12,0,0
BRDA:146,12,1,0
BRDA:163,13,0,0
BRDA:163,13,1,0
BRDA:179,14,0,1
BRDA:179,14,1,1
BRDA:182,15,0,0
BRDA:184,16,0,0
BRDA:184,16,1,0
BRDA:189,17,0,0
BRDA:189,18,0,1
BRDA:189,18,1,1
BRDA:191,19,0,0
BRDA:191,19,1,0
BRDA:204,20,0,0
BRDA:204,20,1,0
BRDA:219,21,0,4
BRDA:219,21,1,4
BRDA:222,22,0,0
BRDA:222,23,0,4
BRDA:222,23,1,4
BRDA:224,24,0,0
BRDA:224,24,1,0
BRDA:244,25,0,0
BRDA:247,26,0,0
BRDA:247,26,1,0
BRDA:257,27,0,4
BRDA:257,27,1,4
BRDA:262,28,0,0
BRDA:262,28,1,0
BRDA:265,29,0,0
BRDA:265,30,0,0
BRDA:265,30,1,0
BRDA:284,31,0,0
BRDA:289,32,0,0
BRDA:289,33,0,0
BRDA:289,33,1,0
BRDA:298,34,0,0
BRDA:299,35,0,0
BRDA:300,36,0,0
BRDA:301,37,0,0
BRDA:305,38,0,0
BRDA:305,38,1,0
BRDA:326,39,0,0
BRDA:326,39,1,0
BRDA:342,40,0,0
BRDA:345,41,0,0
BRDA:345,42,0,0
BRDA:345,42,1,0
BRDA:354,43,0,0
BRDA:355,44,0,0
BRDA:357,45,0,0
BRDA:373,46,0,0
BRDA:380,47,0,0
BRDA:380,47,1,0
BRDA:383,48,0,0
BRDA:405,49,0,0
BRDA:408,50,0,0
BRDA:408,51,0,0
BRDA:408,51,1,0
BRDA:421,52,0,0
BRDA:421,52,1,0
BRF:88
BRH:30
end_of_record
TN:
SF:src\infrastructure\database\mongoose\schemas\customer.schema.ts
FN:27,(anonymous_0)
FN:36,(anonymous_1)
FNF:2
FNH:0
FNDA:0,(anonymous_0)
FNDA:0,(anonymous_1)
DA:2,0
DA:12,0
DA:28,0
DA:29,0
DA:30,0
DA:31,0
DA:32,0
DA:37,0
DA:38,0
DA:39,0
DA:40,0
DA:41,0
DA:48,0
DA:50,0
LF:14
LH:0
BRDA:29,0,0,0
BRDA:38,1,0,0
BRF:2
BRH:0
end_of_record
TN:
SF:src\infrastructure\database\mongoose\schemas\invoice.schema.ts
FN:44,(anonymous_0)
FN:56,(anonymous_1)
FNF:2
FNH:0
FNDA:0,(anonymous_0)
FNDA:0,(anonymous_1)
DA:2,0
DA:20,0
DA:45,0
DA:47,0
DA:48,0
DA:50,0
DA:51,0
DA:52,0
DA:57,0
DA:59,0
DA:60,0
DA:62,0
DA:63,0
DA:64,0
DA:70,0
LF:15
LH:0
BRDA:47,0,0,0
BRDA:59,1,0,0
BRF:2
BRH:0
end_of_record
TN:
SF:src\infrastructure\database\mongoose\schemas\user.schema.ts
FN:31,(anonymous_0)
FN:41,(anonymous_1)
FNF:2
FNH:1
FNDA:0,(anonymous_0)
FNDA:4,(anonymous_1)
DA:2,3
DA:9,3
DA:32,0
DA:33,0
DA:34,0
DA:36,0
DA:42,4
DA:43,4
DA:44,4
DA:45,4
DA:54,3
LF:11
LH:7
BRF:0
BRH:0
end_of_record
TN:
SF:src\infrastructure\di\container.config.ts
FNF:0
FNH:0
DA:2,0
DA:3,0
DA:7,0
DA:11,0
DA:15,0
DA:19,0
DA:23,0
DA:35,0
DA:37,0
DA:38,0
DA:39,0
DA:41,0
DA:42,0
DA:45,0
DA:46,0
DA:47,0
DA:48,0
DA:56,0
DA:62,0
DA:67,0
DA:75,0
DA:80,0
DA:85,0
DA:93,0
DA:96,0
DA:99,0
DA:102,0
DA:115,0
LF:28
LH:0
BRF:0
BRH:0
end_of_record
TN:
SF:src\infrastructure\services\bcrypt.password-hasher.ts
FN:7,(anonymous_10)
FN:10,(anonymous_11)
FN:14,(anonymous_12)
FNF:3
FNH:3
FNDA:9,(anonymous_10)
FNDA:4,(anonymous_11)
FNDA:3,(anonymous_12)
DA:2,3
DA:3,3
DA:7,3
DA:8,9
DA:11,4
DA:15,3
LF:6
LH:6
BRF:0
BRH:0
end_of_record
TN:
SF:src\infrastructure\services\jsonwebtoken.service.ts
FN:13,(anonymous_11)
FN:18,(anonymous_12)
FN:43,(anonymous_13)
FN:47,(anonymous_14)
FN:54,(anonymous_15)
FN:74,(anonymous_16)
FN:75,(anonymous_17)
FN:80,(anonymous_18)
FN:105,(anonymous_19)
FNF:9
FNH:9
FNDA:8,(anonymous_11)
FNDA:2,(anonymous_12)
FNDA:2,(anonymous_13)
FNDA:2,(anonymous_14)
FNDA:2,(anonymous_15)
FNDA:4,(anonymous_16)
FNDA:4,(anonymous_17)
FNDA:4,(anonymous_18)
FNDA:1,(anonymous_19)
DA:2,3
DA:3,3
DA:4,3
DA:5,3
DA:10,3
DA:13,3
DA:14,8
DA:15,8
DA:19,2
DA:20,2
DA:22,2
DA:23,0
DA:26,0
DA:32,2
DA:33,2
DA:35,0
DA:36,0
DA:47,2
DA:48,2
DA:53,2
DA:54,2
DA:55,2
DA:56,0
DA:63,2
DA:75,4
DA:76,4
DA:80,4
DA:81,4
DA:84,3
DA:89,1
DA:93,1
DA:95,1
DA:96,1
DA:97,1
DA:98,1
DA:100,1
DA:105,1
DA:110,1
DA:116,1
DA:119,0
DA:123,0
DA:127,0
DA:131,0
LF:43
LH:34
BRDA:15,0,0,8
BRDA:15,0,1,0
BRDA:22,1,0,0
BRDA:22,2,0,2
BRDA:22,2,1,2
BRDA:37,3,0,0
BRDA:37,3,1,0
BRDA:55,4,0,0
BRDA:55,4,1,2
BRDA:55,5,0,2
BRDA:55,5,1,2
BRDA:58,6,0,0
BRDA:58,6,1,0
BRDA:81,7,0,3
BRDA:81,8,0,4
BRDA:81,8,1,1
BRDA:89,9,0,1
BRDA:89,9,1,0
BRDA:89,10,0,1
BRDA:89,10,1,1
BRDA:100,11,0,1
BRDA:100,11,1,0
BRDA:101,12,0,1
BRDA:101,12,1,1
BRDA:101,12,2,1
BRDA:101,12,3,1
BRDA:101,12,4,1
BRDA:113,13,0,1
BRDA:113,13,1,0
BRDA:114,14,0,1
BRDA:114,14,1,0
BRF:31
BRH:20
end_of_record
TN:
SF:src\infrastructure\web\express\app.ts
FN:32,(anonymous_1)
FN:40,(anonymous_2)
FNF:2
FNH:0
FNDA:0,(anonymous_1)
FNDA:0,(anonymous_2)
DA:2,1
DA:3,1
DA:4,1
DA:5,1
DA:6,1
DA:7,1
DA:8,1
DA:9,1
DA:10,1
DA:11,1
DA:13,1
DA:14,1
DA:18,1
DA:19,1
DA:20,1
DA:23,1
DA:24,1
DA:25,1
DA:26,1
DA:27,1
DA:28,0
DA:32,1
DA:33,0
DA:37,1
DA:40,1
DA:42,0
DA:46,1
DA:48,1
LF:28
LH:25
BRDA:27,0,0,0
BRF:1
BRH:0
end_of_record
TN:
SF:src\infrastructure\web\express\controllers\auth.controller.ts
FN:22,(anonymous_0)
FN:58,(anonymous_1)
FN:89,(anonymous_2)
FNF:3
FNH:3
FNDA:5,(anonymous_0)
FNDA:4,(anonymous_1)
FNDA:1,(anonymous_2)
DA:3,1
DA:4,1
DA:5,1
DA:6,1
DA:7,1
DA:8,1
DA:9,1
DA:10,1
DA:11,1
DA:12,1
DA:18,1
DA:28,5
DA:31,5
DA:32,5
DA:34,5
DA:38,0
DA:41,5
DA:44,5
DA:48,4
DA:51,1
DA:64,4
DA:67,4
DA:68,4
DA:69,4
DA:70,0
DA:73,4
DA:75,4
DA:78,2
DA:81,2
DA:96,1
DA:98,1
DA:101,0
DA:104,0
DA:112,1
DA:115,1
DA:117,1
DA:119,1
DA:121,0
DA:124,0
DA:128,1
DA:132,1
DA:134,0
DA:138,0
LF:43
LH:35
BRDA:34,0,0,0
BRDA:69,1,0,0
BRDA:98,2,0,0
BRDA:119,3,0,0
BRF:4
BRH:0
end_of_record
TN:
SF:src\infrastructure\web\express\controllers\data-upload.controller.ts
FN:8,(anonymous_0)
FNF:1
FNH:0
FNDA:0,(anonymous_0)
DA:3,1
DA:4,1
DA:5,1
DA:7,1
DA:14,0
DA:16,0
DA:25,0
DA:26,0
DA:28,0
DA:31,0
DA:40,0
DA:41,0
DA:43,0
DA:46,0
DA:54,0
DA:56,0
DA:61,0
DA:67,0
DA:74,0
DA:78,0
LF:20
LH:4
BRDA:14,0,0,0
BRDA:26,1,0,0
BRDA:41,2,0,0
BRF:3
BRH:0
end_of_record
TN:
SF:src\infrastructure\web\express\controllers\report.controller.ts
FN:7,(anonymous_0)
FNF:1
FNH:0
FNDA:0,(anonymous_0)
DA:3,1
DA:4,1
DA:6,1
DA:12,0
DA:13,0
DA:16,0
DA:17,0
DA:19,0
LF:8
LH:3
BRF:0
BRH:0
end_of_record
TN:
SF:src\infrastructure\web\express\controllers\user.controller.ts
FN:16,(anonymous_0)
FN:43,(anonymous_1)
FN:62,(anonymous_2)
FN:98,(anonymous_3)
FNF:4
FNH:0
FNDA:0,(anonymous_0)
FNDA:0,(anonymous_1)
FNDA:0,(anonymous_2)
FNDA:0,(anonymous_3)
DA:3,1
DA:4,1
DA:5,1
DA:6,1
DA:7,1
DA:8,1
DA:9,1
DA:10,1
DA:11,1
DA:14,1
DA:21,0
DA:23,0
DA:34,0
DA:35,0
DA:36,0
DA:38,0
DA:48,0
DA:49,0
DA:50,0
DA:51,0
DA:52,0
DA:53,0
DA:55,0
DA:57,0
DA:67,0
DA:68,0
DA:69,0
DA:72,0
DA:73,0
DA:76,0
DA:79,0
DA:80,0
DA:85,0
DA:86,0
DA:91,0
DA:93,0
DA:103,0
DA:104,0
DA:107,0
DA:108,0
DA:111,0
DA:112,0
DA:114,0
DA:115,0
DA:118,0
DA:120,0
LF:46
LH:10
BRDA:24,0,0,0
BRDA:24,0,1,0
BRDA:27,1,0,0
BRDA:27,1,1,0
BRDA:52,2,0,0
BRDA:73,3,0,0
BRDA:85,4,0,0
BRDA:107,5,0,0
BRDA:114,6,0,0
BRF:9
BRH:0
end_of_record
TN:
SF:src\infrastructure\web\express\middlewares\auth.middleware.ts
FN:11,(anonymous_0)
FNF:1
FNH:1
FNDA:5,(anonymous_0)
DA:3,1
DA:4,1
DA:9,1
DA:11,1
DA:16,5
DA:18,5
DA:19,1
DA:24,4
DA:25,4
DA:26,0
DA:31,4
DA:32,4
DA:34,4
DA:37,4
DA:39,3
DA:42,3
DA:52,1
DA:57,1
DA:61,1
DA:63,0
DA:67,0
LF:21
LH:18
BRDA:18,0,0,1
BRDA:18,1,0,5
BRDA:18,1,1,4
BRDA:25,2,0,0
BRDA:37,3,0,3
BRDA:37,4,0,4
BRDA:37,4,1,1
BRDA:37,4,2,1
BRDA:69,5,0,0
BRDA:69,5,1,0
BRF:10
BRH:7
end_of_record
TN:
SF:src\infrastructure\web\express\middlewares\error.middleware.ts
FN:11,extractErrorMessages
FN:13,(anonymous_2)
FN:24,errorHandler
FNF:3
FNH:3
FNDA:4,extractErrorMessages
FNDA:4,(anonymous_2)
FNDA:11,errorHandler
DA:4,1
DA:6,1
DA:12,4
DA:13,4
DA:14,4
DA:15,4
DA:17,4
DA:18,0
DA:21,4
DA:24,1
DA:31,11
DA:33,11
DA:40,11
DA:45,11
DA:46,11
DA:47,11
DA:51,11
DA:52,11
DA:57,4
DA:61,4
DA:62,4
DA:65,7
DA:69,11
DA:70,0
DA:74,0
DA:75,0
DA:80,0
DA:81,0
DA:86,11
LF:29
LH:23
BRDA:14,0,0,4
BRDA:17,1,0,0
BRDA:17,2,0,4
BRDA:17,2,1,4
BRDA:45,3,0,11
BRDA:45,3,1,0
BRDA:52,4,0,4
BRDA:52,4,1,7
BRDA:53,5,0,11
BRDA:53,5,1,4
BRDA:65,6,0,0
BRDA:65,6,1,7
BRDA:69,7,0,0
BRDA:69,8,0,11
BRDA:69,8,1,0
BRDA:69,8,2,0
BRDA:76,9,0,0
BRDA:76,9,1,0
BRDA:80,10,0,0
BRDA:80,11,0,0
BRDA:80,11,1,0
BRF:21
BRH:10
end_of_record
TN:
SF:src\infrastructure\web\express\middlewares\role.middleware.ts
FN:14,(anonymous_0)
FN:15,(anonymous_1)
FN:48,(anonymous_2)
FNF:3
FNH:1
FNDA:2,(anonymous_0)
FNDA:0,(anonymous_1)
FNDA:0,(anonymous_2)
DA:3,1
DA:14,1
DA:15,2
DA:17,0
DA:20,0
DA:23,0
DA:32,0
DA:33,0
DA:38,0
DA:47,0
DA:48,0
DA:49,0
DA:52,0
DA:54,0
DA:57,0
DA:60,0
LF:16
LH:3
BRDA:17,0,0,0
BRDA:32,1,0,0
BRDA:32,2,0,0
BRDA:32,2,1,0
BRDA:52,3,0,0
BRDA:52,3,1,0
BRF:6
BRH:0
end_of_record
TN:
SF:src\infrastructure\web\express\middlewares\upload.middleware.ts
FN:27,(anonymous_1)
FN:31,(anonymous_2)
FN:42,(anonymous_3)
FNF:3
FNH:0
FNDA:0,(anonymous_1)
FNDA:0,(anonymous_2)
FNDA:0,(anonymous_3)
DA:2,1
DA:3,1
DA:4,1
DA:5,1
DA:11,1
DA:14,1
DA:15,0
DA:16,0
DA:17,0
DA:19,0
DA:21,0
DA:25,1
DA:28,0
DA:34,0
DA:35,0
DA:36,0
DA:42,1
DA:49,0
DA:53,0
DA:56,0
DA:67,1
DA:77,1
LF:22
LH:10
BRDA:14,0,0,0
BRDA:49,1,0,0
BRDA:49,1,1,0
BRDA:50,2,0,0
BRDA:50,2,1,0
BRF:5
BRH:0
end_of_record
TN:
SF:src\infrastructure\web\express\middlewares\validation.middleware.ts
FN:18,formatValidationErrorsToString
FN:20,(anonymous_1)
FN:37,validationMiddleware
FN:41,(anonymous_3)
FNF:4
FNH:4
FNDA:4,formatValidationErrorsToString
FNDA:4,(anonymous_1)
FNDA:2,validationMiddleware
FNDA:13,(anonymous_3)
DA:3,1
DA:4,1
DA:5,1
DA:19,4
DA:21,4
DA:22,4
DA:24,0
DA:25,0
DA:27,0
DA:37,1
DA:41,2
DA:42,13
DA:44,13
DA:50,13
DA:51,4
DA:53,4
DA:58,4
DA:60,4
DA:63,9
DA:64,9
LF:20
LH:17
BRDA:21,0,0,4
BRDA:24,1,0,0
BRDA:24,2,0,0
BRDA:24,2,1,0
BRDA:39,3,0,2
BRDA:50,4,0,4
BRF:6
BRH:3
end_of_record
TN:
SF:src\infrastructure\web\express\routes\auth.routes.ts
FNF:0
FNH:0
DA:2,1
DA:3,1
DA:4,1
DA:5,1
DA:6,1
DA:7,1
DA:9,1
DA:10,1
DA:52,1
DA:98,1
DA:135,1
DA:137,1
LF:12
LH:12
BRF:0
BRH:0
end_of_record
TN:
SF:src\infrastructure\web\express\routes\data-upload.routes.ts
FNF:0
FNH:0
DA:2,1
DA:3,1
DA:4,1
DA:5,1
DA:6,1
DA:8,1
DA:13,1
DA:19,1
DA:89,1
DA:101,1
LF:10
LH:10
BRF:0
BRH:0
end_of_record
TN:
SF:src\infrastructure\web\express\routes\report.routes.ts
FNF:0
FNH:0
DA:2,1
DA:3,1
DA:4,1
DA:6,1
DA:7,1
DA:10,1
DA:41,1
DA:45,1
LF:8
LH:8
BRF:0
BRH:0
end_of_record
TN:
SF:src\infrastructure\web\express\routes\user.routes.ts
FNF:0
FNH:0
DA:2,1
DA:3,1
DA:4,1
DA:5,1
DA:12,1
DA:13,1
DA:17,1
DA:18,1
DA:104,1
DA:149,1
DA:202,1
DA:243,1
DA:313,1
LF:13
LH:13
BRF:0
BRH:0
end_of_record
