TN:
SF:src\server.ts
FN:9,(anonymous_1)
FN:13,(anonymous_2)
FNF:2
FNH:0
FNDA:0,(anonymous_1)
FNDA:0,(anonymous_2)
DA:2,0
DA:3,0
DA:5,0
DA:6,0
DA:7,0
DA:9,0
DA:10,0
DA:11,0
DA:13,0
DA:14,0
DA:15,0
DA:18,0
DA:21,0
DA:22,0
DA:26,0
LF:15
LH:0
BRF:0
BRH:0
end_of_record
TN:
SF:src\swagger.config.ts
FN:12,getPackageVersion
FNF:1
FNH:1
FNDA:1,getPackageVersion
DA:2,1
DA:3,1
DA:4,1
DA:5,1
DA:13,1
DA:19,1
DA:22,1
DA:23,0
DA:26,0
DA:30,1
DA:32,1
DA:34,1
DA:36,0
DA:38,0
DA:43,1
DA:129,1
DA:131,1
DA:132,1
DA:135,0
DA:140,1
LF:20
LH:15
BRDA:22,0,0,0
BRDA:34,1,0,1
BRDA:34,1,1,0
BRF:3
BRH:1
end_of_record
TN:
SF:src\application\dtos\auth\login-response.dto.ts
FN:19,(anonymous_2)
FN:24,(anonymous_3)
FNF:2
FNH:2
FNDA:3,(anonymous_2)
FNDA:3,(anonymous_3)
DA:2,2
DA:3,2
DA:19,2
DA:21,5
DA:24,3
DA:25,5
LF:6
LH:6
BRF:0
BRH:0
end_of_record
TN:
SF:src\application\dtos\auth\login-user.dto.ts
FN:25,(anonymous_2)
FNF:1
FNH:1
FNDA:9,(anonymous_2)
DA:2,1
DA:25,1
DA:29,10
DA:33,10
LF:4
LH:4
BRF:0
BRH:0
end_of_record
TN:
SF:src\application\dtos\auth\register-user.dto.ts
FN:31,(anonymous_2)
FNF:1
FNH:1
FNDA:13,(anonymous_2)
DA:2,1
DA:31,1
DA:35,14
DA:39,14
DA:44,14
LF:5
LH:5
BRF:0
BRH:0
end_of_record
TN:
SF:src\application\dtos\auth\user-response.dto.ts
FN:44,(anonymous_2)
FNF:1
FNH:1
FNDA:13,(anonymous_2)
DA:3,3
DA:44,3
DA:46,16
DA:49,16
DA:51,16
DA:53,16
DA:55,16
DA:57,16
DA:59,16
LF:9
LH:9
BRF:0
BRH:0
end_of_record
TN:
SF:src\application\dtos\customers\customer-response.dto.ts
FN:46,(anonymous_2)
FNF:1
FNH:0
FNDA:0,(anonymous_2)
DA:2,1
DA:46,1
DA:52,1
DA:59,1
DA:66,1
DA:73,1
DA:79,1
DA:85,1
LF:8
LH:8
BRF:0
BRH:0
end_of_record
TN:
SF:src\application\dtos\customers\list-customers-response.dto.ts
FN:36,(anonymous_2)
FN:41,(anonymous_3)
FNF:2
FNH:0
FNDA:0,(anonymous_2)
FNDA:0,(anonymous_3)
DA:2,1
DA:3,1
DA:36,1
DA:41,0
DA:42,1
DA:48,1
DA:54,1
DA:60,1
LF:8
LH:7
BRF:0
BRH:0
end_of_record
TN:
SF:src\application\dtos\customers\update-customer.dto.ts
FN:27,(anonymous_2)
FNF:1
FNH:0
FNDA:0,(anonymous_2)
DA:2,1
DA:27,1
DA:38,1
DA:49,1
LF:4
LH:4
BRF:0
BRH:0
end_of_record
TN:
SF:src\application\dtos\reports\customers-overdue-filters.dto.ts
FN:6,(anonymous_0)
FNF:1
FNH:1
FNDA:1,(anonymous_0)
DA:6,1
DA:7,1
DA:8,1
DA:9,1
DA:10,1
DA:11,1
LF:6
LH:6
BRDA:6,0,0,1
BRDA:6,0,1,1
BRF:2
BRH:2
end_of_record
TN:
SF:src\application\dtos\reports\dashboard-summary.dto.ts
FN:30,(anonymous_2)
FN:99,(anonymous_3)
FN:122,(anonymous_4)
FNF:3
FNH:0
FNDA:0,(anonymous_2)
FNDA:0,(anonymous_3)
FNDA:0,(anonymous_4)
DA:2,1
DA:33,1
DA:36,1
DA:39,1
DA:99,1
DA:101,1
DA:104,1
DA:107,1
DA:110,1
DA:113,1
DA:116,1
DA:119,1
DA:122,0
DA:123,1
LF:14
LH:13
BRF:0
BRH:0
end_of_record
TN:
SF:src\application\dtos\users\update-user.dto.ts
FN:40,(anonymous_2)
FNF:1
FNH:0
FNDA:0,(anonymous_2)
DA:2,1
DA:13,1
DA:40,1
DA:44,1
DA:52,1
LF:5
LH:5
BRF:0
BRH:0
end_of_record
TN:
SF:src\application\errors\AppError.ts
FN:6,(anonymous_0)
FNF:1
FNH:1
FNDA:15,(anonymous_0)
DA:2,3
DA:3,15
DA:4,15
DA:11,15
DA:12,15
DA:13,15
DA:16,15
DA:19,15
LF:8
LH:8
BRDA:8,0,0,0
BRDA:9,1,0,15
BRF:2
BRH:1
end_of_record
TN:
SF:src\application\interfaces\IJwtService.ts
FNF:0
FNH:0
DA:17,3
LF:1
LH:1
BRF:0
BRH:0
end_of_record
TN:
SF:src\application\interfaces\IPasswordHasher.ts
FNF:0
FNH:0
DA:6,3
LF:1
LH:1
BRF:0
BRH:0
end_of_record
TN:
SF:src\application\use-cases\auth\login-user.use-case.ts
FN:24,(anonymous_4)
FN:39,(anonymous_5)
FNF:2
FNH:2
FNDA:7,(anonymous_4)
FNDA:7,(anonymous_5)
DA:2,2
DA:4,2
DA:5,2
DA:6,2
DA:10,2
DA:14,2
DA:19,2
DA:20,2
DA:23,2
DA:25,7
DA:27,7
DA:29,7
DA:41,7
DA:42,7
DA:44,2
DA:48,5
DA:52,5
DA:53,2
DA:57,3
DA:62,3
DA:66,3
DA:71,3
DA:76,3
DA:84,3
LF:24
LH:24
BRDA:42,0,0,2
BRDA:52,1,0,2
BRF:2
BRH:2
end_of_record
TN:
SF:src\application\use-cases\auth\register-user.use-case.ts
FN:19,(anonymous_4)
FN:32,(anonymous_5)
FNF:2
FNH:2
FNDA:7,(anonymous_4)
FNDA:8,(anonymous_5)
DA:2,2
DA:4,2
DA:5,2
DA:9,2
DA:13,2
DA:15,2
DA:18,2
DA:20,7
DA:22,7
DA:34,8
DA:35,8
DA:36,3
DA:43,5
DA:47,5
DA:56,5
DA:60,5
LF:16
LH:16
BRDA:35,0,0,3
BRF:1
BRH:1
end_of_record
TN:
SF:src\application\use-cases\customers\delete-customer.use-case.ts
FN:13,(anonymous_4)
FN:26,(anonymous_5)
FNF:2
FNH:0
FNDA:0,(anonymous_4)
FNDA:0,(anonymous_5)
DA:2,1
DA:3,1
DA:7,1
DA:12,1
DA:14,0
DA:31,0
DA:32,0
DA:44,0
DA:46,0
DA:48,0
DA:50,0
DA:53,0
DA:55,0
DA:59,0
DA:60,0
DA:62,0
LF:16
LH:4
BRDA:31,0,0,0
BRDA:48,1,0,0
BRDA:59,2,0,0
BRF:3
BRH:0
end_of_record
TN:
SF:src\application\use-cases\customers\get-customer-by-id.use-case.ts
FN:13,(anonymous_4)
FN:24,(anonymous_5)
FNF:2
FNH:0
FNDA:0,(anonymous_4)
FNDA:0,(anonymous_5)
DA:2,1
DA:3,1
DA:7,1
DA:8,1
DA:9,1
DA:12,1
DA:14,0
DA:25,0
DA:26,0
DA:28,0
DA:29,0
DA:32,0
DA:36,0
DA:40,0
DA:41,0
DA:43,0
LF:16
LH:6
BRDA:28,0,0,0
BRDA:40,1,0,0
BRF:2
BRH:0
end_of_record
TN:
SF:src\application\use-cases\customers\list-customers.use-case.ts
FN:15,(anonymous_4)
FN:26,(anonymous_5)
FN:37,(anonymous_6)
FNF:3
FNH:0
FNDA:0,(anonymous_4)
FNDA:0,(anonymous_5)
FNDA:0,(anonymous_6)
DA:2,1
DA:3,1
DA:8,1
DA:9,1
DA:10,1
DA:11,1
DA:14,1
DA:16,0
DA:32,0
DA:35,0
DA:37,0
DA:38,0
DA:43,0
DA:50,0
DA:51,0
DA:52,0
DA:54,0
LF:17
LH:7
BRDA:46,0,0,0
BRDA:46,0,1,0
BRDA:47,1,0,0
BRDA:47,1,1,0
BRDA:51,2,0,0
BRF:5
BRH:0
end_of_record
TN:
SF:src\application\use-cases\customers\update-customer.use-case.ts
FN:15,(anonymous_4)
FN:29,(anonymous_5)
FN:36,(anonymous_6)
FNF:3
FNH:0
FNDA:0,(anonymous_4)
FNDA:0,(anonymous_5)
FNDA:0,(anonymous_6)
DA:2,1
DA:3,1
DA:8,1
DA:9,1
DA:10,1
DA:14,1
DA:16,0
DA:35,0
DA:36,0
DA:37,0
DA:43,0
DA:45,0
DA:50,0
DA:52,0
DA:55,0
DA:59,0
DA:63,0
DA:64,0
DA:66,0
LF:19
LH:6
BRDA:36,0,0,0
BRDA:50,1,0,0
BRDA:63,2,0,0
BRF:3
BRH:0
end_of_record
TN:
SF:src\application\use-cases\data-uploads\process-1c-invoice-upload.use-case.ts
FN:70,(anonymous_5)
FN:77,(anonymous_6)
FN:89,(anonymous_7)
FN:133,(anonymous_8)
FN:141,(anonymous_9)
FN:153,(anonymous_10)
FN:156,(anonymous_11)
FN:161,(anonymous_12)
FN:175,(anonymous_13)
FN:184,(anonymous_14)
FN:186,(anonymous_15)
FN:191,(anonymous_16)
FN:198,(anonymous_17)
FN:275,(anonymous_18)
FN:381,(anonymous_19)
FN:386,(anonymous_20)
FN:387,(anonymous_21)
FN:388,(anonymous_22)
FN:389,(anonymous_23)
FN:411,(anonymous_24)
FN:431,(anonymous_25)
FN:494,(anonymous_26)
FNF:22
FNH:0
FNDA:0,(anonymous_5)
FNDA:0,(anonymous_6)
FNDA:0,(anonymous_7)
FNDA:0,(anonymous_8)
FNDA:0,(anonymous_9)
FNDA:0,(anonymous_10)
FNDA:0,(anonymous_11)
FNDA:0,(anonymous_12)
FNDA:0,(anonymous_13)
FNDA:0,(anonymous_14)
FNDA:0,(anonymous_15)
FNDA:0,(anonymous_16)
FNDA:0,(anonymous_17)
FNDA:0,(anonymous_18)
FNDA:0,(anonymous_19)
FNDA:0,(anonymous_20)
FNDA:0,(anonymous_21)
FNDA:0,(anonymous_22)
FNDA:0,(anonymous_23)
FNDA:0,(anonymous_24)
FNDA:0,(anonymous_25)
FNDA:0,(anonymous_26)
DA:2,1
DA:3,1
DA:4,1
DA:5,1
DA:9,1
DA:13,1
DA:18,1
DA:20,1
DA:21,1
DA:62,1
DA:63,0
DA:64,0
DA:65,0
DA:66,0
DA:67,0
DA:68,0
DA:71,0
DA:73,0
DA:81,0
DA:82,0
DA:83,0
DA:85,0
DA:86,0
DA:87,0
DA:89,0
DA:90,0
DA:95,0
DA:96,0
DA:97,0
DA:99,0
DA:100,0
DA:101,0
DA:103,0
DA:104,0
DA:105,0
DA:107,0
DA:111,0
DA:112,0
DA:116,0
DA:119,0
DA:121,0
DA:122,0
DA:123,0
DA:125,0
DA:126,0
DA:128,0
DA:129,0
DA:134,0
DA:135,0
DA:136,0
DA:137,0
DA:138,0
DA:142,0
DA:156,0
DA:157,0
DA:162,0
DA:171,0
DA:173,0
DA:175,0
DA:177,0
DA:184,0
DA:185,0
DA:186,0
DA:189,0
DA:192,0
DA:202,0
DA:205,0
DA:211,0
DA:212,0
DA:219,0
DA:224,0
DA:226,0
DA:227,0
DA:232,0
DA:235,0
DA:237,0
DA:241,0
DA:242,0
DA:250,0
DA:253,0
DA:271,0
DA:272,0
DA:279,0
DA:282,0
DA:283,0
DA:284,0
DA:285,0
DA:286,0
DA:287,0
DA:288,0
DA:289,0
DA:290,0
DA:291,0
DA:292,0
DA:293,0
DA:294,0
DA:297,0
DA:298,0
DA:299,0
DA:300,0
DA:301,0
DA:302,0
DA:303,0
DA:304,0
DA:307,0
DA:308,0
DA:309,0
DA:312,0
DA:313,0
DA:314,0
DA:317,0
DA:318,0
DA:319,0
DA:323,0
DA:324,0
DA:325,0
DA:328,0
DA:329,0
DA:330,0
DA:333,0
DA:334,0
DA:335,0
DA:338,0
DA:343,0
DA:346,0
DA:347,0
DA:348,0
DA:349,0
DA:350,0
DA:354,0
DA:356,0
DA:357,0
DA:362,0
DA:382,0
DA:384,0
DA:385,0
DA:386,0
DA:387,0
DA:388,0
DA:389,0
DA:392,0
DA:393,0
DA:394,0
DA:395,0
DA:397,0
DA:403,0
DA:412,0
DA:413,0
DA:416,0
DA:417,0
DA:418,0
DA:421,0
DA:422,0
DA:425,0
DA:428,0
DA:436,0
DA:437,0
DA:440,0
DA:445,0
DA:446,0
DA:448,0
DA:449,0
DA:450,0
DA:454,0
DA:456,0
DA:461,0
DA:462,0
DA:465,0
DA:468,0
DA:474,0
DA:475,0
DA:476,0
DA:481,0
DA:482,0
DA:485,0
DA:488,0
DA:495,0
DA:496,0
DA:497,0
DA:498,0
DA:501,0
DA:502,0
DA:503,0
DA:504,0
DA:505,0
DA:507,0
LF:186
LH:10
BRDA:91,0,0,0
BRDA:91,0,1,0
BRDA:97,1,0,0
BRDA:97,1,1,0
BRDA:104,2,0,0
BRDA:104,2,1,0
BRDA:105,3,0,0
BRDA:122,4,0,0
BRDA:122,4,1,0
BRDA:123,5,0,0
BRDA:173,6,0,0
BRDA:174,7,0,0
BRDA:174,7,1,0
BRDA:186,8,0,0
BRDA:186,8,1,0
BRDA:211,9,0,0
BRDA:224,10,0,0
BRDA:226,11,0,0
BRDA:226,11,1,0
BRDA:230,12,0,0
BRDA:230,12,1,0
BRDA:246,13,0,0
BRDA:246,13,1,0
BRDA:263,14,0,0
BRDA:263,14,1,0
BRDA:297,15,0,0
BRDA:298,16,0,0
BRDA:299,17,0,0
BRDA:300,18,0,0
BRDA:301,19,0,0
BRDA:303,20,0,0
BRDA:304,21,0,0
BRDA:307,22,0,0
BRDA:307,22,1,0
BRDA:308,23,0,0
BRDA:308,24,0,0
BRDA:308,24,1,0
BRDA:312,25,0,0
BRDA:312,25,1,0
BRDA:313,26,0,0
BRDA:313,27,0,0
BRDA:313,27,1,0
BRDA:317,28,0,0
BRDA:317,28,1,0
BRDA:318,29,0,0
BRDA:318,30,0,0
BRDA:318,30,1,0
BRDA:324,31,0,0
BRDA:329,32,0,0
BRDA:334,33,0,0
BRDA:338,34,0,0
BRDA:338,34,1,0
BRDA:339,35,0,0
BRDA:339,35,1,0
BRDA:347,36,0,0
BRDA:347,36,1,0
BRDA:349,37,0,0
BRDA:349,38,0,0
BRDA:349,38,1,0
BRDA:356,39,0,0
BRDA:382,40,0,0
BRDA:395,41,0,0
BRDA:416,42,0,0
BRDA:421,43,0,0
BRDA:436,44,0,0
BRDA:448,45,0,0
BRDA:448,45,1,0
BRDA:449,46,0,0
BRDA:481,47,0,0
BRDA:489,48,0,0
BRDA:489,48,1,0
BRDA:496,49,0,0
BRDA:502,50,0,0
BRDA:502,50,1,0
BRDA:504,51,0,0
BRF:75
BRH:0
end_of_record
TN:
SF:src\application\use-cases\data-uploads\process-invoice-upload.use-case.ts
FN:79,(anonymous_5)
FN:89,(anonymous_6)
FN:102,(anonymous_7)
FN:148,(anonymous_8)
FN:156,(anonymous_9)
FN:168,(anonymous_10)
FN:172,(anonymous_11)
FN:177,(anonymous_12)
FN:189,(anonymous_13)
FN:197,(anonymous_14)
FN:199,(anonymous_15)
FN:204,(anonymous_16)
FN:211,(anonymous_17)
FN:264,(anonymous_18)
FN:321,(anonymous_19)
FN:326,(anonymous_20)
FN:327,(anonymous_21)
FN:328,(anonymous_22)
FN:329,(anonymous_23)
FN:348,(anonymous_24)
FN:369,(anonymous_25)
FN:441,(anonymous_26)
FNF:22
FNH:0
FNDA:0,(anonymous_5)
FNDA:0,(anonymous_6)
FNDA:0,(anonymous_7)
FNDA:0,(anonymous_8)
FNDA:0,(anonymous_9)
FNDA:0,(anonymous_10)
FNDA:0,(anonymous_11)
FNDA:0,(anonymous_12)
FNDA:0,(anonymous_13)
FNDA:0,(anonymous_14)
FNDA:0,(anonymous_15)
FNDA:0,(anonymous_16)
FNDA:0,(anonymous_17)
FNDA:0,(anonymous_18)
FNDA:0,(anonymous_19)
FNDA:0,(anonymous_20)
FNDA:0,(anonymous_21)
FNDA:0,(anonymous_22)
FNDA:0,(anonymous_23)
FNDA:0,(anonymous_24)
FNDA:0,(anonymous_25)
FNDA:0,(anonymous_26)
DA:2,1
DA:3,1
DA:4,1
DA:5,1
DA:10,1
DA:19,1
DA:21,1
DA:71,1
DA:72,0
DA:73,0
DA:74,0
DA:75,0
DA:76,0
DA:77,0
DA:81,0
DA:83,0
DA:93,0
DA:94,0
DA:95,0
DA:98,0
DA:99,0
DA:100,0
DA:102,0
DA:103,0
DA:108,0
DA:109,0
DA:110,0
DA:112,0
DA:113,0
DA:115,0
DA:118,0
DA:120,0
DA:121,0
DA:122,0
DA:126,0
DA:127,0
DA:131,0
DA:134,0
DA:137,0
DA:138,0
DA:139,0
DA:140,0
DA:141,0
DA:143,0
DA:144,0
DA:150,0
DA:151,0
DA:152,0
DA:153,0
DA:154,0
DA:158,0
DA:172,0
DA:173,0
DA:178,0
DA:186,0
DA:187,0
DA:189,0
DA:191,0
DA:197,0
DA:198,0
DA:199,0
DA:202,0
DA:205,0
DA:215,0
DA:218,0
DA:225,0
DA:227,0
DA:233,0
DA:237,0
DA:238,0
DA:244,0
DA:249,0
DA:260,0
DA:261,0
DA:266,0
DA:267,0
DA:268,0
DA:269,0
DA:270,0
DA:271,0
DA:272,0
DA:273,0
DA:275,0
DA:276,0
DA:277,0
DA:278,0
DA:279,0
DA:280,0
DA:281,0
DA:282,0
DA:283,0
DA:284,0
DA:286,0
DA:287,0
DA:288,0
DA:290,0
DA:291,0
DA:292,0
DA:294,0
DA:295,0
DA:296,0
DA:298,0
DA:299,0
DA:301,0
DA:302,0
DA:306,0
DA:307,0
DA:310,0
DA:323,0
DA:324,0
DA:325,0
DA:326,0
DA:327,0
DA:328,0
DA:329,0
DA:331,0
DA:332,0
DA:333,0
DA:334,0
DA:336,0
DA:340,0
DA:349,0
DA:350,0
DA:353,0
DA:354,0
DA:355,0
DA:358,0
DA:359,0
DA:362,0
DA:365,0
DA:375,0
DA:376,0
DA:380,0
DA:385,0
DA:387,0
DA:391,0
DA:392,0
DA:393,0
DA:397,0
DA:400,0
DA:405,0
DA:406,0
DA:409,0
DA:412,0
DA:417,0
DA:418,0
DA:419,0
DA:426,0
DA:427,0
DA:430,0
DA:434,0
DA:443,0
DA:444,0
DA:445,0
DA:446,0
DA:449,0
DA:450,0
DA:451,0
DA:452,0
DA:453,0
DA:454,0
LF:161
LH:8
BRDA:104,0,0,0
BRDA:104,0,1,0
BRDA:110,1,0,0
BRDA:110,1,1,0
BRDA:120,2,0,0
BRDA:120,2,1,0
BRDA:121,3,0,0
BRDA:138,4,0,0
BRDA:138,4,1,0
BRDA:139,5,0,0
BRDA:187,6,0,0
BRDA:188,7,0,0
BRDA:188,7,1,0
BRDA:199,8,0,0
BRDA:199,8,1,0
BRDA:225,9,0,0
BRDA:237,10,0,0
BRDA:275,11,0,0
BRDA:277,12,0,0
BRDA:279,13,0,0
BRDA:280,14,0,0
BRDA:282,15,0,0
BRDA:283,16,0,0
BRDA:286,17,0,0
BRDA:286,17,1,0
BRDA:287,18,0,0
BRDA:287,19,0,0
BRDA:287,19,1,0
BRDA:290,20,0,0
BRDA:290,20,1,0
BRDA:291,21,0,0
BRDA:291,22,0,0
BRDA:291,22,1,0
BRDA:295,23,0,0
BRDA:299,24,0,0
BRDA:301,25,0,0
BRDA:301,26,0,0
BRDA:301,26,1,0
BRDA:301,26,2,0
BRDA:306,27,0,0
BRDA:323,28,0,0
BRDA:334,29,0,0
BRDA:353,30,0,0
BRDA:358,31,0,0
BRDA:375,32,0,0
BRDA:391,33,0,0
BRDA:391,33,1,0
BRDA:392,34,0,0
BRDA:426,35,0,0
BRDA:435,36,0,0
BRDA:435,36,1,0
BRDA:444,37,0,0
BRDA:450,38,0,0
BRDA:450,38,1,0
BRDA:452,39,0,0
BRF:55
BRH:0
end_of_record
TN:
SF:src\application\use-cases\data-uploads\service-type.mapper.ts
FN:28,(anonymous_0)
FN:40,(anonymous_1)
FN:56,(anonymous_2)
FNF:3
FNH:0
FNDA:0,(anonymous_0)
FNDA:0,(anonymous_1)
FNDA:0,(anonymous_2)
DA:7,1
DA:8,1
DA:29,0
DA:31,0
DA:32,0
DA:34,0
DA:35,0
DA:39,0
DA:40,0
DA:43,0
DA:44,0
DA:47,0
DA:50,0
DA:57,0
LF:14
LH:2
BRDA:29,0,0,0
BRDA:34,1,0,0
BRDA:43,2,0,0
BRF:3
BRH:0
end_of_record
TN:
SF:src\application\use-cases\reports\apply-payment.use-case.ts
FN:27,(anonymous_4)
FN:32,(anonymous_5)
FNF:2
FNH:0
FNDA:0,(anonymous_4)
FNDA:0,(anonymous_5)
DA:2,1
DA:3,1
DA:8,1
DA:26,1
DA:28,0
DA:33,0
DA:36,0
DA:37,0
DA:41,0
DA:42,0
DA:43,0
DA:47,0
DA:48,0
DA:49,0
DA:56,0
DA:57,0
DA:63,0
DA:64,0
DA:67,0
LF:19
LH:4
BRDA:36,0,0,0
BRDA:42,1,0,0
BRDA:48,2,0,0
BRDA:56,3,0,0
BRDA:56,3,1,0
BRDA:63,4,0,0
BRF:6
BRH:0
end_of_record
TN:
SF:src\application\use-cases\reports\get-customers-overdue.use-case.ts
FN:22,(anonymous_4)
FN:27,(anonymous_5)
FNF:2
FNH:0
FNDA:0,(anonymous_4)
FNDA:0,(anonymous_5)
DA:2,1
DA:3,1
DA:21,1
DA:23,0
DA:30,0
DA:33,0
DA:34,0
DA:35,0
DA:36,0
DA:38,0
DA:49,0
LF:11
LH:3
BRDA:28,0,0,0
BRDA:33,1,0,0
BRDA:33,1,1,0
BRDA:34,2,0,0
BRDA:34,2,1,0
BRDA:35,3,0,0
BRDA:35,3,1,0
BRDA:36,4,0,0
BRDA:36,4,1,0
BRF:9
BRH:0
end_of_record
TN:
SF:src\application\use-cases\reports\get-dashboard-summary.use-case.ts
FN:12,(anonymous_4)
FN:17,(anonymous_5)
FNF:2
FNH:0
FNDA:0,(anonymous_4)
FNDA:0,(anonymous_5)
DA:2,1
DA:3,1
DA:7,1
DA:8,1
DA:11,1
DA:13,0
DA:18,0
DA:20,0
DA:24,0
LF:9
LH:5
BRF:0
BRH:0
end_of_record
TN:
SF:src\application\use-cases\reports\get-top-debtors.use-case.ts
FN:33,(anonymous_4)
FN:38,(anonymous_5)
FNF:2
FNH:0
FNDA:0,(anonymous_4)
FNDA:0,(anonymous_5)
DA:2,1
DA:3,1
DA:32,1
DA:34,0
DA:39,0
DA:40,0
DA:42,0
DA:47,0
LF:8
LH:3
BRDA:38,0,0,0
BRDA:39,1,0,0
BRDA:39,1,1,0
BRDA:40,2,0,0
BRDA:40,2,1,0
BRF:5
BRH:0
end_of_record
TN:
SF:src\application\use-cases\reports\list-invoices.use-case.ts
FN:51,(anonymous_4)
FN:56,(anonymous_5)
FNF:2
FNH:0
FNDA:0,(anonymous_4)
FNDA:0,(anonymous_5)
DA:2,1
DA:3,1
DA:50,1
DA:52,0
DA:58,0
DA:59,0
DA:60,0
DA:61,0
DA:63,0
DA:71,0
LF:10
LH:3
BRDA:58,0,0,0
BRDA:58,0,1,0
BRDA:59,1,0,0
BRDA:59,1,1,0
BRDA:60,2,0,0
BRDA:60,2,1,0
BRDA:61,3,0,0
BRDA:61,3,1,0
BRF:8
BRH:0
end_of_record
TN:
SF:src\application\use-cases\users\delete-user.use-case.ts
FN:11,(anonymous_4)
FN:21,(anonymous_5)
FNF:2
FNH:0
FNDA:0,(anonymous_4)
FNDA:0,(anonymous_5)
DA:2,1
DA:3,1
DA:7,1
DA:10,1
DA:12,0
DA:22,0
DA:24,0
DA:25,0
DA:27,0
DA:31,0
DA:32,0
DA:34,0
LF:12
LH:4
BRDA:31,0,0,0
BRF:1
BRH:0
end_of_record
TN:
SF:src\application\use-cases\users\get-user-by-id.use-case.ts
FN:13,(anonymous_4)
FN:23,(anonymous_5)
FNF:2
FNH:0
FNDA:0,(anonymous_4)
FNDA:0,(anonymous_5)
DA:2,1
DA:3,1
DA:7,1
DA:8,1
DA:9,1
DA:12,1
DA:14,0
DA:24,0
DA:25,0
DA:27,0
DA:28,0
DA:32,0
DA:36,0
DA:38,0
DA:42,0
DA:43,0
DA:45,0
LF:17
LH:6
BRDA:27,0,0,0
BRDA:42,1,0,0
BRF:2
BRH:0
end_of_record
TN:
SF:src\application\use-cases\users\list-users.use-case.ts
FN:22,(anonymous_4)
FN:33,(anonymous_5)
FN:39,(anonymous_6)
FNF:3
FNH:0
FNDA:0,(anonymous_4)
FNDA:0,(anonymous_5)
FNDA:0,(anonymous_6)
DA:2,1
DA:3,1
DA:8,1
DA:9,1
DA:10,1
DA:21,1
DA:24,0
DA:34,0
DA:36,0
DA:39,0
DA:40,0
DA:46,0
DA:53,0
DA:55,0
DA:56,0
DA:59,0
LF:16
LH:6
BRDA:33,0,0,0
BRDA:49,1,0,0
BRDA:49,1,1,0
BRDA:50,2,0,0
BRDA:50,2,1,0
BRDA:55,3,0,0
BRF:6
BRH:0
end_of_record
TN:
SF:src\application\use-cases\users\update-user.use-case.ts
FN:15,(anonymous_4)
FN:26,(anonymous_5)
FN:39,(anonymous_6)
FNF:3
FNH:0
FNDA:0,(anonymous_4)
FNDA:0,(anonymous_5)
FNDA:0,(anonymous_6)
DA:2,1
DA:3,1
DA:8,1
DA:10,1
DA:11,1
DA:14,1
DA:16,0
DA:32,0
DA:38,0
DA:40,0
DA:45,0
DA:46,0
DA:50,0
DA:51,0
DA:52,0
DA:57,0
DA:59,0
DA:64,0
DA:65,0
DA:69,0
DA:73,0
DA:75,0
DA:79,0
DA:81,0
DA:83,0
LF:25
LH:6
BRDA:40,0,0,0
BRDA:40,0,1,0
BRDA:45,1,0,0
BRDA:51,2,0,0
BRDA:64,3,0,0
BRDA:79,4,0,0
BRF:6
BRH:0
end_of_record
TN:
SF:src\domain\entities\customer.entity.ts
FN:12,(anonymous_0)
FNF:1
FNH:0
FNDA:0,(anonymous_0)
DA:2,0
DA:3,0
DA:4,0
DA:5,0
DA:6,0
DA:7,0
DA:8,0
DA:9,0
DA:10,0
DA:22,0
DA:23,0
DA:24,0
DA:25,0
DA:26,0
DA:27,0
DA:28,0
DA:29,0
LF:17
LH:0
BRF:0
BRH:0
end_of_record
TN:
SF:src\domain\entities\invoice.entity.ts
FN:65,(anonymous_0)
FN:112,(anonymous_1)
FN:116,(anonymous_2)
FN:121,(anonymous_3)
FN:128,(anonymous_4)
FN:145,(anonymous_5)
FNF:6
FNH:0
FNDA:0,(anonymous_0)
FNDA:0,(anonymous_1)
FNDA:0,(anonymous_2)
FNDA:0,(anonymous_3)
FNDA:0,(anonymous_4)
FNDA:0,(anonymous_5)
DA:26,1
DA:27,0
DA:28,0
DA:29,0
DA:30,0
DA:33,0
DA:34,0
DA:37,0
DA:38,0
DA:41,0
DA:42,0
DA:45,0
DA:46,0
DA:49,0
DA:50,0
DA:53,0
DA:54,0
DA:57,0
DA:58,0
DA:59,0
DA:62,0
DA:63,0
DA:88,0
DA:89,0
DA:90,0
DA:91,0
DA:92,0
DA:93,0
DA:94,0
DA:95,0
DA:96,0
DA:97,0
DA:98,0
DA:99,0
DA:100,0
DA:101,0
DA:102,0
DA:103,0
DA:104,0
DA:105,0
DA:106,0
DA:107,0
DA:108,0
DA:113,0
DA:117,0
DA:122,0
DA:123,0
DA:124,0
DA:129,0
DA:131,0
DA:133,0
DA:135,0
DA:136,0
DA:137,0
DA:138,0
DA:139,0
DA:141,0
DA:146,0
DA:147,0
DA:150,0
DA:151,0
DA:154,0
DA:155,0
DA:157,0
DA:158,0
DA:159,0
LF:66
LH:1
BRDA:116,0,0,0
BRDA:117,1,0,0
BRDA:117,1,1,0
BRDA:121,2,0,0
BRDA:122,3,0,0
BRDA:128,4,0,0
BRDA:129,5,0,0
BRDA:131,6,0,0
BRDA:135,7,0,0
BRDA:135,8,0,0
BRDA:135,8,1,0
BRDA:136,9,0,0
BRDA:136,10,0,0
BRDA:136,10,1,0
BRDA:137,11,0,0
BRDA:137,12,0,0
BRDA:137,12,1,0
BRDA:138,13,0,0
BRDA:138,14,0,0
BRDA:138,14,1,0
BRDA:139,15,0,0
BRDA:145,16,0,0
BRDA:146,17,0,0
BRDA:150,18,0,0
BRDA:157,19,0,0
BRF:25
BRH:0
end_of_record
TN:
SF:src\domain\entities\user.entity.ts
FN:13,(anonymous_0)
FNF:1
FNH:1
FNDA:12,(anonymous_0)
DA:4,3
DA:5,12
DA:6,12
DA:7,12
DA:8,12
DA:9,12
DA:10,12
DA:11,12
DA:22,12
DA:23,12
DA:24,12
DA:25,12
DA:26,12
DA:27,12
DA:28,12
LF:15
LH:15
BRF:0
BRH:0
end_of_record
TN:
SF:src\domain\repositories\ICustomerRepository.ts
FNF:0
FNH:0
DA:48,1
LF:1
LH:1
BRF:0
BRH:0
end_of_record
TN:
SF:src\domain\repositories\IInvoiceRepository.ts
FNF:0
FNH:0
DA:30,1
LF:1
LH:1
BRF:0
BRH:0
end_of_record
TN:
SF:src\domain\repositories\IUserRepository.ts
FNF:0
FNH:0
DA:59,3
LF:1
LH:1
BRF:0
BRH:0
end_of_record
TN:
SF:src\domain\repositories\MongoUserRepository.ts
FN:14,(anonymous_2)
FN:52,(anonymous_3)
FN:81,(anonymous_4)
FN:96,(anonymous_5)
FN:113,(anonymous_6)
FN:153,(anonymous_7)
FN:154,(anonymous_8)
FN:164,(anonymous_9)
FN:202,(anonymous_10)
FN:214,(anonymous_11)
FNF:10
FNH:0
FNDA:0,(anonymous_2)
FNDA:0,(anonymous_3)
FNDA:0,(anonymous_4)
FNDA:0,(anonymous_5)
FNDA:0,(anonymous_6)
FNDA:0,(anonymous_7)
FNDA:0,(anonymous_8)
FNDA:0,(anonymous_9)
FNDA:0,(anonymous_10)
FNDA:0,(anonymous_11)
DA:3,0
DA:4,0
DA:6,0
DA:7,0
DA:8,0
DA:12,0
DA:15,0
DA:16,0
DA:21,0
DA:26,0
DA:35,0
DA:37,0
DA:40,0
DA:53,0
DA:54,0
DA:61,0
DA:62,0
DA:64,0
DA:66,0
DA:68,0
DA:69,0
DA:71,0
DA:77,0
DA:82,0
DA:84,0
DA:89,0
DA:91,0
DA:92,0
DA:97,0
DA:98,0
DA:100,0
DA:102,0
DA:105,0
DA:107,0
DA:108,0
DA:122,0
DA:124,0
DA:125,0
DA:127,0
DA:129,0
DA:130,0
DA:133,0
DA:134,0
DA:135,0
DA:138,0
DA:140,0
DA:141,0
DA:152,0
DA:153,0
DA:154,0
DA:156,0
DA:158,0
DA:159,0
DA:165,0
DA:166,0
DA:169,0
DA:170,0
DA:171,0
DA:173,0
DA:174,0
DA:181,0
DA:182,0
DA:185,0
DA:188,0
DA:189,0
DA:197,0
DA:199,0
DA:200,0
DA:201,0
DA:202,0
DA:204,0
DA:209,0
DA:215,0
DA:216,0
DA:218,0
DA:219,0
DA:221,0
DA:223,0
DA:224,0
LF:79
LH:0
BRDA:15,0,0,0
BRDA:21,1,0,0
BRDA:21,1,1,0
BRDA:26,2,0,0
BRDA:27,3,0,0
BRDA:27,3,1,0
BRDA:27,3,2,0
BRDA:27,3,3,0
BRDA:27,3,4,0
BRDA:27,3,5,0
BRDA:27,3,6,0
BRDA:62,4,0,0
BRDA:69,5,0,0
BRDA:69,6,0,0
BRDA:69,6,1,0
BRDA:97,7,0,0
BRDA:117,8,0,0
BRDA:118,9,0,0
BRDA:119,10,0,0
BRDA:120,11,0,0
BRDA:125,12,0,0
BRDA:129,13,0,0
BRDA:135,14,0,0
BRDA:135,14,1,0
BRDA:138,15,0,0
BRDA:138,15,1,0
BRDA:165,16,0,0
BRDA:170,17,0,0
BRDA:173,18,0,0
BRDA:181,19,0,0
BRDA:200,20,0,0
BRDA:215,21,0,0
BRF:32
BRH:0
end_of_record
TN:
SF:src\infrastructure\database\mongoose\connection.ts
FN:5,(anonymous_1)
FN:14,(anonymous_2)
FN:19,(anonymous_3)
FNF:3
FNH:0
FNDA:0,(anonymous_1)
FNDA:0,(anonymous_2)
FNDA:0,(anonymous_3)
DA:2,0
DA:3,0
DA:5,0
DA:6,0
DA:7,0
DA:8,0
DA:11,0
DA:14,0
DA:15,0
DA:16,0
DA:19,0
DA:20,0
DA:23,0
DA:24,0
DA:28,0
LF:15
LH:0
BRF:0
BRH:0
end_of_record
TN:
SF:src\infrastructure\database\mongoose\repositories\customer.repository.ts
FN:17,(anonymous_2)
FN:31,(anonymous_3)
FN:48,(anonymous_4)
FN:62,(anonymous_5)
FN:107,(anonymous_6)
FN:120,(anonymous_7)
FN:156,(anonymous_8)
FN:157,(anonymous_9)
FN:170,(anonymous_10)
FN:216,(anonymous_11)
FN:238,(anonymous_12)
FNF:11
FNH:0
FNDA:0,(anonymous_2)
FNDA:0,(anonymous_3)
FNDA:0,(anonymous_4)
FNDA:0,(anonymous_5)
FNDA:0,(anonymous_6)
FNDA:0,(anonymous_7)
FNDA:0,(anonymous_8)
FNDA:0,(anonymous_9)
FNDA:0,(anonymous_10)
FNDA:0,(anonymous_11)
FNDA:0,(anonymous_12)
DA:2,0
DA:3,0
DA:4,0
DA:5,0
DA:12,0
DA:15,0
DA:18,0
DA:19,0
DA:32,0
DA:33,0
DA:34,0
DA:36,0
DA:38,0
DA:39,0
DA:41,0
DA:43,0
DA:49,0
DA:50,0
DA:52,0
DA:54,0
DA:55,0
DA:57,0
DA:58,0
DA:64,0
DA:65,0
DA:66,0
DA:70,0
DA:78,0
DA:79,0
DA:85,0
DA:87,0
DA:88,0
DA:90,0
DA:95,0
DA:98,0
DA:99,0
DA:105,0
DA:106,0
DA:107,0
DA:109,0
DA:115,0
DA:116,0
DA:130,0
DA:133,0
DA:137,0
DA:139,0
DA:140,0
DA:141,0
DA:143,0
DA:144,0
DA:155,0
DA:156,0
DA:157,0
DA:159,0
DA:161,0
DA:162,0
DA:174,0
DA:175,0
DA:176,0
DA:180,0
DA:181,0
DA:182,0
DA:189,0
DA:190,0
DA:195,0
DA:196,0
DA:199,0
DA:202,0
DA:203,0
DA:211,0
DA:213,0
DA:214,0
DA:215,0
DA:216,0
DA:218,0
DA:224,0
DA:225,0
DA:230,0
DA:239,0
DA:240,0
DA:241,0
DA:243,0
DA:244,0
DA:246,0
DA:248,0
DA:249,0
LF:86
LH:0
BRDA:18,0,0,0
BRDA:32,1,0,0
BRDA:49,2,0,0
BRDA:64,3,0,0
BRDA:66,4,0,0
BRDA:88,5,0,0
BRDA:98,6,0,0
BRDA:98,7,0,0
BRDA:98,7,1,0
BRDA:105,8,0,0
BRDA:125,9,0,0
BRDA:126,10,0,0
BRDA:127,11,0,0
BRDA:128,12,0,0
BRDA:140,13,0,0
BRDA:140,13,1,0
BRDA:141,14,0,0
BRDA:141,14,1,0
BRDA:174,15,0,0
BRDA:181,16,0,0
BRDA:189,17,0,0
BRDA:191,18,0,0
BRDA:191,18,1,0
BRDA:195,19,0,0
BRDA:214,20,0,0
BRDA:224,21,0,0
BRDA:224,22,0,0
BRDA:224,22,1,0
BRDA:239,23,0,0
BRF:29
BRH:0
end_of_record
TN:
SF:src\infrastructure\database\mongoose\repositories\invoice.repository.ts
FN:99,(anonymous_1)
FN:130,(anonymous_2)
FN:141,(anonymous_3)
FN:196,(anonymous_4)
FN:215,(anonymous_5)
FN:255,(anonymous_6)
FN:321,(anonymous_7)
FN:522,(anonymous_8)
FN:525,(anonymous_9)
FN:536,(anonymous_10)
FN:593,(anonymous_11)
FN:611,(anonymous_12)
FN:758,(anonymous_13)
FN:779,(anonymous_14)
FN:878,(anonymous_15)
FN:899,(anonymous_16)
FN:942,(anonymous_17)
FN:1037,(anonymous_18)
FN:1053,(anonymous_19)
FNF:19
FNH:0
FNDA:0,(anonymous_1)
FNDA:0,(anonymous_2)
FNDA:0,(anonymous_3)
FNDA:0,(anonymous_4)
FNDA:0,(anonymous_5)
FNDA:0,(anonymous_6)
FNDA:0,(anonymous_7)
FNDA:0,(anonymous_8)
FNDA:0,(anonymous_9)
FNDA:0,(anonymous_10)
FNDA:0,(anonymous_11)
FNDA:0,(anonymous_12)
FNDA:0,(anonymous_13)
FNDA:0,(anonymous_14)
FNDA:0,(anonymous_15)
FNDA:0,(anonymous_16)
FNDA:0,(anonymous_17)
FNDA:0,(anonymous_18)
FNDA:0,(anonymous_19)
DA:2,0
DA:3,0
DA:9,0
DA:13,0
DA:14,0
DA:93,0
DA:103,0
DA:106,0
DA:133,0
DA:134,0
DA:140,0
DA:141,0
DA:142,0
DA:143,0
DA:144,0
DA:145,0
DA:146,0
DA:148,0
DA:149,0
DA:151,0
DA:152,0
DA:154,0
DA:155,0
DA:156,0
DA:159,0
DA:163,0
DA:164,0
DA:165,0
DA:168,0
DA:169,0
DA:170,0
DA:173,0
DA:177,0
DA:178,0
DA:179,0
DA:180,0
DA:184,0
DA:185,0
DA:186,0
DA:188,0
DA:197,0
DA:198,0
DA:200,0
DA:201,0
DA:202,0
DA:204,0
DA:205,0
DA:219,0
DA:224,0
DA:228,0
DA:230,0
DA:231,0
DA:232,0
DA:236,0
DA:238,0
DA:242,0
DA:270,0
DA:274,0
DA:275,0
DA:281,0
DA:282,0
DA:283,0
DA:293,0
DA:294,0
DA:297,0
DA:302,0
DA:306,0
DA:307,0
DA:312,0
DA:325,0
DA:509,0
DA:510,0
DA:512,0
DA:513,0
DA:514,0
DA:521,0
DA:522,0
DA:525,0
DA:526,0
DA:527,0
DA:535,0
DA:537,0
DA:542,0
DA:545,0
DA:548,0
DA:552,0
DA:560,0
DA:564,0
DA:575,0
DA:578,0
DA:585,0
DA:593,0
DA:601,0
DA:602,0
DA:614,0
DA:621,0
DA:623,0
DA:624,0
DA:627,0
DA:629,0
DA:630,0
DA:633,0
DA:634,0
DA:637,0
DA:638,0
DA:641,0
DA:642,0
DA:645,0
DA:646,0
DA:647,0
DA:653,0
DA:654,0
DA:658,0
DA:680,0
DA:681,0
DA:682,0
DA:684,0
DA:685,0
DA:687,0
DA:688,0
DA:692,0
DA:694,0
DA:695,0
DA:696,0
DA:697,0
DA:699,0
DA:706,0
DA:707,0
DA:708,0
DA:711,0
DA:712,0
DA:713,0
DA:716,0
DA:717,0
DA:718,0
DA:719,0
DA:721,0
DA:722,0
DA:726,0
DA:727,0
DA:731,0
DA:732,0
DA:735,0
DA:738,0
DA:739,0
DA:740,0
DA:743,0
DA:746,0
DA:755,0
DA:758,0
DA:759,0
DA:762,0
DA:769,0
DA:770,0
DA:780,0
DA:787,0
DA:790,0
DA:792,0
DA:793,0
DA:796,0
DA:797,0
DA:800,0
DA:801,0
DA:804,0
DA:805,0
DA:808,0
DA:809,0
DA:810,0
DA:814,0
DA:815,0
DA:816,0
DA:817,0
DA:819,0
DA:827,0
DA:828,0
DA:829,0
DA:833,0
DA:834,0
DA:839,0
DA:840,0
DA:847,0
DA:848,0
DA:849,0
DA:850,0
DA:852,0
DA:853,0
DA:858,0
DA:860,0
DA:864,0
DA:865,0
DA:868,0
DA:878,0
DA:880,0
DA:887,0
DA:888,0
DA:904,0
DA:905,0
DA:908,0
DA:909,0
DA:910,0
DA:913,0
DA:914,0
DA:915,0
DA:919,0
DA:920,0
DA:921,0
DA:922,0
DA:923,0
DA:925,0
DA:928,0
DA:929,0
DA:931,0
DA:932,0
DA:946,0
DA:947,0
DA:1026,0
DA:1027,0
DA:1029,0
DA:1030,0
DA:1041,0
DA:1044,0
DA:1057,0
DA:1064,0
DA:1066,0
DA:1149,0
DA:1152,0
DA:1153,0
DA:1154,0
DA:1158,0
DA:1159,0
DA:1160,0
DA:1164,0
DA:1169,0
DA:1173,0
DA:1174,0
DA:1175,0
DA:1178,0
DA:1179,0
DA:1183,0
DA:1256,0
DA:1257,0
DA:1263,0
DA:1311,0
DA:1329,0
DA:1330,0
DA:1333,0
DA:1336,0
DA:1337,0
DA:1338,0
DA:1339,0
DA:1342,0
DA:1347,0
DA:1350,0
DA:1375,0
DA:1380,0
DA:1421,0
DA:1426,0
DA:1446,0
DA:1454,0
DA:1455,0
LF:260
LH:0
BRDA:103,0,0,0
BRDA:103,0,1,0
BRDA:103,1,0,0
BRDA:103,1,1,0
BRDA:133,2,0,0
BRDA:142,3,0,0
BRDA:143,4,0,0
BRDA:144,5,0,0
BRDA:145,6,0,0
BRDA:148,7,0,0
BRDA:151,8,0,0
BRDA:154,9,0,0
BRDA:156,10,0,0
BRDA:156,10,1,0
BRDA:163,11,0,0
BRDA:163,11,1,0
BRDA:164,12,0,0
BRDA:169,13,0,0
BRDA:173,14,0,0
BRDA:174,15,0,0
BRDA:174,15,1,0
BRDA:179,16,0,0
BRDA:197,17,0,0
BRDA:197,18,0,0
BRDA:197,18,1,0
BRDA:202,19,0,0
BRDA:202,19,1,0
BRDA:219,20,0,0
BRDA:220,21,0,0
BRDA:220,21,1,0
BRDA:220,21,2,0
BRDA:236,22,0,0
BRDA:236,22,1,0
BRDA:274,23,0,0
BRDA:289,24,0,0
BRDA:289,24,1,0
BRDA:290,25,0,0
BRDA:290,25,1,0
BRDA:291,26,0,0
BRDA:291,26,1,0
BRDA:306,27,0,0
BRDA:322,28,0,0
BRDA:512,29,0,0
BRDA:512,29,1,0
BRDA:521,30,0,0
BRDA:521,30,1,0
BRDA:526,31,0,0
BRDA:543,32,0,0
BRDA:543,32,1,0
BRDA:546,33,0,0
BRDA:546,33,1,0
BRDA:552,34,0,0
BRDA:552,34,1,0
BRDA:561,35,0,0
BRDA:561,35,1,0
BRDA:570,36,0,0
BRDA:570,36,1,0
BRDA:571,37,0,0
BRDA:571,37,1,0
BRDA:616,38,0,0
BRDA:617,39,0,0
BRDA:618,40,0,0
BRDA:619,41,0,0
BRDA:620,42,0,0
BRDA:629,43,0,0
BRDA:633,44,0,0
BRDA:637,45,0,0
BRDA:641,46,0,0
BRDA:645,47,0,0
BRDA:646,48,0,0
BRDA:653,49,0,0
BRDA:681,50,0,0
BRDA:684,51,0,0
BRDA:687,52,0,0
BRDA:694,53,0,0
BRDA:695,54,0,0
BRDA:695,54,1,0
BRDA:706,55,0,0
BRDA:707,56,0,0
BRDA:707,56,1,0
BRDA:711,57,0,0
BRDA:712,58,0,0
BRDA:712,58,1,0
BRDA:716,59,0,0
BRDA:716,60,0,0
BRDA:716,60,1,0
BRDA:717,61,0,0
BRDA:717,61,1,0
BRDA:718,62,0,0
BRDA:721,63,0,0
BRDA:726,64,0,0
BRDA:735,65,0,0
BRDA:735,65,1,0
BRDA:739,66,0,0
BRDA:739,66,1,0
BRDA:782,67,0,0
BRDA:783,68,0,0
BRDA:784,69,0,0
BRDA:785,70,0,0
BRDA:786,71,0,0
BRDA:792,72,0,0
BRDA:796,73,0,0
BRDA:800,74,0,0
BRDA:804,75,0,0
BRDA:808,76,0,0
BRDA:809,77,0,0
BRDA:814,78,0,0
BRDA:815,79,0,0
BRDA:815,79,1,0
BRDA:827,80,0,0
BRDA:827,81,0,0
BRDA:827,81,1,0
BRDA:828,82,0,0
BRDA:828,82,1,0
BRDA:833,83,0,0
BRDA:839,84,0,0
BRDA:847,85,0,0
BRDA:847,86,0,0
BRDA:847,86,1,0
BRDA:849,87,0,0
BRDA:852,88,0,0
BRDA:858,89,0,0
BRDA:858,90,0,0
BRDA:858,90,1,0
BRDA:865,91,0,0
BRDA:865,91,1,0
BRDA:904,92,0,0
BRDA:904,93,0,0
BRDA:904,93,1,0
BRDA:910,94,0,0
BRDA:914,95,0,0
BRDA:919,96,0,0
BRDA:919,96,1,0
BRDA:922,97,0,0
BRDA:922,97,1,0
BRDA:944,98,0,0
BRDA:1039,99,0,0
BRDA:1055,100,0,0
BRDA:1059,101,0,0
BRDA:1060,102,0,0
BRDA:1061,103,0,0
BRDA:1062,104,0,0
BRDA:1063,105,0,0
BRDA:1152,106,0,0
BRDA:1153,107,0,0
BRDA:1153,107,1,0
BRDA:1158,108,0,0
BRDA:1159,109,0,0
BRDA:1159,109,1,0
BRDA:1164,110,0,0
BRDA:1165,111,0,0
BRDA:1165,111,1,0
BRDA:1165,111,2,0
BRDA:1173,112,0,0
BRDA:1174,113,0,0
BRDA:1174,113,1,0
BRDA:1178,114,0,0
BRDA:1256,115,0,0
BRDA:1333,116,0,0
BRDA:1333,116,1,0
BRDA:1337,117,0,0
BRDA:1337,117,1,0
BRDA:1338,118,0,0
BRDA:1338,118,1,0
BRDA:1339,119,0,0
BRDA:1343,120,0,0
BRDA:1343,120,1,0
BRDA:1426,121,0,0
BRDA:1426,121,1,0
BRF:169
BRH:0
end_of_record
TN:
SF:src\infrastructure\database\mongoose\repositories\user.repository.ts
FN:22,(anonymous_13)
FN:92,(anonymous_14)
FN:138,(anonymous_15)
FN:176,(anonymous_16)
FN:216,(anonymous_17)
FN:283,(anonymous_18)
FN:320,(anonymous_19)
FN:321,(anonymous_20)
FN:338,(anonymous_21)
FN:385,(anonymous_22)
FN:401,(anonymous_23)
FNF:11
FNH:5
FNDA:10,(anonymous_13)
FNDA:14,(anonymous_14)
FNDA:9,(anonymous_15)
FNDA:1,(anonymous_16)
FNDA:4,(anonymous_17)
FNDA:0,(anonymous_18)
FNDA:0,(anonymous_19)
FNDA:0,(anonymous_20)
FNDA:0,(anonymous_21)
FNDA:0,(anonymous_22)
FNDA:0,(anonymous_23)
DA:2,3
DA:3,3
DA:6,3
DA:11,3
DA:13,3
DA:15,3
DA:18,3
DA:19,10
DA:20,10
DA:23,10
DA:25,10
DA:26,10
DA:29,10
DA:33,10
DA:35,10
DA:38,10
DA:41,10
DA:46,10
DA:48,10
DA:49,10
DA:51,10
DA:56,0
DA:60,0
DA:65,0
DA:69,0
DA:76,0
DA:79,0
DA:85,10
DA:93,14
DA:94,5
DA:98,9
DA:103,9
DA:105,9
DA:114,0
DA:119,0
DA:126,9
DA:139,9
DA:140,9
DA:144,9
DA:145,0
DA:149,0
DA:155,9
DA:156,9
DA:160,9
DA:162,0
DA:167,0
DA:177,1
DA:178,1
DA:182,1
DA:183,0
DA:186,0
DA:189,1
DA:190,0
DA:193,0
DA:199,1
DA:200,1
DA:201,1
DA:203,0
DA:207,0
DA:217,4
DA:218,4
DA:222,4
DA:223,0
DA:226,0
DA:232,4
DA:234,4
DA:241,4
DA:243,4
DA:244,4
DA:246,0
DA:250,0
DA:256,4
DA:259,4
DA:261,0
DA:265,0
DA:267,0
DA:274,0
DA:286,0
DA:289,0
DA:290,0
DA:302,0
DA:304,0
DA:305,0
DA:307,0
DA:308,0
DA:319,0
DA:320,0
DA:321,0
DA:323,0
DA:325,0
DA:329,0
DA:339,0
DA:342,0
DA:343,0
DA:345,0
DA:346,0
DA:353,0
DA:354,0
DA:355,0
DA:357,0
DA:359,0
DA:360,0
DA:363,0
DA:364,0
DA:373,0
DA:374,0
DA:377,0
DA:379,0
DA:383,0
DA:384,0
DA:385,0
DA:387,0
DA:392,0
DA:402,0
DA:405,0
DA:406,0
DA:408,0
DA:409,0
DA:416,0
DA:417,0
DA:418,0
DA:420,0
DA:424,0
LF:123
LH:51
BRDA:33,0,0,10
BRDA:33,0,1,0
BRDA:33,1,0,10
BRDA:33,1,1,10
BRDA:48,2,0,10
BRDA:48,2,1,0
BRDA:93,3,0,5
BRDA:98,4,0,4
BRDA:98,4,1,5
BRDA:103,5,0,9
BRDA:103,5,1,5
BRDA:105,6,0,0
BRDA:106,7,0,9
BRDA:106,7,1,9
BRDA:106,7,2,9
BRDA:106,7,3,9
BRDA:106,7,4,9
BRDA:106,7,5,9
BRDA:106,7,6,9
BRDA:115,8,0,0
BRDA:115,8,1,0
BRDA:141,9,0,9
BRDA:141,9,1,9
BRDA:144,10,0,0
BRDA:144,11,0,9
BRDA:144,11,1,9
BRDA:146,12,0,0
BRDA:146,12,1,0
BRDA:163,13,0,0
BRDA:163,13,1,0
BRDA:179,14,0,1
BRDA:179,14,1,1
BRDA:182,15,0,0
BRDA:184,16,0,0
BRDA:184,16,1,0
BRDA:189,17,0,0
BRDA:189,18,0,1
BRDA:189,18,1,1
BRDA:191,19,0,0
BRDA:191,19,1,0
BRDA:204,20,0,0
BRDA:204,20,1,0
BRDA:219,21,0,4
BRDA:219,21,1,4
BRDA:222,22,0,0
BRDA:222,23,0,4
BRDA:222,23,1,4
BRDA:224,24,0,0
BRDA:224,24,1,0
BRDA:244,25,0,0
BRDA:247,26,0,0
BRDA:247,26,1,0
BRDA:257,27,0,4
BRDA:257,27,1,4
BRDA:262,28,0,0
BRDA:262,28,1,0
BRDA:265,29,0,0
BRDA:265,30,0,0
BRDA:265,30,1,0
BRDA:284,31,0,0
BRDA:289,32,0,0
BRDA:289,33,0,0
BRDA:289,33,1,0
BRDA:298,34,0,0
BRDA:299,35,0,0
BRDA:300,36,0,0
BRDA:301,37,0,0
BRDA:305,38,0,0
BRDA:305,38,1,0
BRDA:326,39,0,0
BRDA:326,39,1,0
BRDA:342,40,0,0
BRDA:345,41,0,0
BRDA:345,42,0,0
BRDA:345,42,1,0
BRDA:354,43,0,0
BRDA:355,44,0,0
BRDA:357,45,0,0
BRDA:373,46,0,0
BRDA:380,47,0,0
BRDA:380,47,1,0
BRDA:383,48,0,0
BRDA:405,49,0,0
BRDA:408,50,0,0
BRDA:408,51,0,0
BRDA:408,51,1,0
BRDA:421,52,0,0
BRDA:421,52,1,0
BRF:88
BRH:30
end_of_record
TN:
SF:src\infrastructure\database\mongoose\schemas\customer.schema.ts
FN:27,(anonymous_0)
FN:36,(anonymous_1)
FNF:2
FNH:0
FNDA:0,(anonymous_0)
FNDA:0,(anonymous_1)
DA:2,0
DA:12,0
DA:28,0
DA:29,0
DA:30,0
DA:31,0
DA:32,0
DA:37,0
DA:38,0
DA:39,0
DA:40,0
DA:41,0
DA:48,0
DA:50,0
LF:14
LH:0
BRDA:29,0,0,0
BRDA:31,1,0,0
BRDA:38,2,0,0
BRDA:40,3,0,0
BRF:4
BRH:0
end_of_record
TN:
SF:src\infrastructure\database\mongoose\schemas\invoice.schema.ts
FN:99,(anonymous_0)
FN:110,(anonymous_1)
FNF:2
FNH:0
FNDA:0,(anonymous_0)
FNDA:0,(anonymous_1)
DA:2,0
DA:28,0
DA:100,0
DA:101,0
DA:102,0
DA:104,0
DA:105,0
DA:106,0
DA:111,0
DA:112,0
DA:113,0
DA:115,0
DA:116,0
DA:117,0
DA:124,0
DA:127,0
DA:129,0
LF:17
LH:0
BRDA:101,0,0,0
BRDA:105,1,0,0
BRDA:112,2,0,0
BRDA:116,3,0,0
BRF:4
BRH:0
end_of_record
TN:
SF:src\infrastructure\database\mongoose\schemas\user.schema.ts
FN:31,(anonymous_0)
FN:41,(anonymous_1)
FNF:2
FNH:1
FNDA:0,(anonymous_0)
FNDA:4,(anonymous_1)
DA:2,3
DA:9,3
DA:32,0
DA:33,0
DA:34,0
DA:36,0
DA:42,4
DA:43,4
DA:44,4
DA:45,4
DA:54,3
LF:11
LH:7
BRDA:34,0,0,0
BRDA:44,1,0,4
BRF:2
BRH:1
end_of_record
TN:
SF:src\infrastructure\di\container.config.ts
FNF:0
FNH:0
DA:2,0
DA:3,0
DA:7,0
DA:11,0
DA:15,0
DA:19,0
DA:23,0
DA:35,0
DA:37,0
DA:38,0
DA:39,0
DA:41,0
DA:42,0
DA:45,0
DA:46,0
DA:47,0
DA:48,0
DA:49,0
DA:50,0
DA:51,0
DA:52,0
DA:60,0
DA:66,0
DA:71,0
DA:79,0
DA:84,0
DA:89,0
DA:97,0
DA:100,0
DA:103,0
DA:106,0
DA:109,0
DA:112,0
DA:115,0
DA:118,0
DA:134,0
LF:36
LH:0
BRF:0
BRH:0
end_of_record
TN:
SF:src\infrastructure\services\bcrypt.password-hasher.ts
FN:7,(anonymous_10)
FN:10,(anonymous_11)
FN:14,(anonymous_12)
FNF:3
FNH:3
FNDA:9,(anonymous_10)
FNDA:4,(anonymous_11)
FNDA:3,(anonymous_12)
DA:2,3
DA:3,3
DA:7,3
DA:8,9
DA:11,4
DA:15,3
LF:6
LH:6
BRF:0
BRH:0
end_of_record
TN:
SF:src\infrastructure\services\jsonwebtoken.service.ts
FN:13,(anonymous_11)
FN:18,(anonymous_12)
FN:43,(anonymous_13)
FN:47,(anonymous_14)
FN:54,(anonymous_15)
FN:74,(anonymous_16)
FN:75,(anonymous_17)
FN:80,(anonymous_18)
FN:105,(anonymous_19)
FNF:9
FNH:9
FNDA:8,(anonymous_11)
FNDA:2,(anonymous_12)
FNDA:2,(anonymous_13)
FNDA:2,(anonymous_14)
FNDA:2,(anonymous_15)
FNDA:4,(anonymous_16)
FNDA:4,(anonymous_17)
FNDA:4,(anonymous_18)
FNDA:1,(anonymous_19)
DA:2,3
DA:3,3
DA:4,3
DA:5,3
DA:10,3
DA:13,3
DA:14,8
DA:15,8
DA:19,2
DA:20,2
DA:22,2
DA:23,0
DA:26,0
DA:32,2
DA:33,2
DA:35,0
DA:36,0
DA:47,2
DA:48,2
DA:53,2
DA:54,2
DA:55,2
DA:56,0
DA:63,2
DA:75,4
DA:76,4
DA:80,4
DA:81,4
DA:84,3
DA:89,1
DA:93,1
DA:95,1
DA:96,1
DA:97,1
DA:98,1
DA:100,1
DA:105,1
DA:110,1
DA:116,1
DA:119,0
DA:123,0
DA:127,0
DA:131,0
LF:43
LH:34
BRDA:15,0,0,8
BRDA:15,0,1,0
BRDA:22,1,0,0
BRDA:22,2,0,2
BRDA:22,2,1,2
BRDA:37,3,0,0
BRDA:37,3,1,0
BRDA:55,4,0,0
BRDA:55,4,1,2
BRDA:55,5,0,2
BRDA:55,5,1,2
BRDA:58,6,0,0
BRDA:58,6,1,0
BRDA:81,7,0,3
BRDA:81,8,0,4
BRDA:81,8,1,1
BRDA:89,9,0,1
BRDA:89,9,1,0
BRDA:89,10,0,1
BRDA:89,10,1,1
BRDA:100,11,0,1
BRDA:100,11,1,0
BRDA:101,12,0,1
BRDA:101,12,1,1
BRDA:101,12,2,1
BRDA:101,12,3,1
BRDA:101,12,4,1
BRDA:113,13,0,1
BRDA:113,13,1,0
BRDA:114,14,0,1
BRDA:114,14,1,0
BRF:31
BRH:20
end_of_record
TN:
SF:src\infrastructure\web\express\app.ts
FN:32,(anonymous_1)
FN:40,(anonymous_2)
FNF:2
FNH:0
FNDA:0,(anonymous_1)
FNDA:0,(anonymous_2)
DA:2,1
DA:3,1
DA:4,1
DA:5,1
DA:6,1
DA:7,1
DA:8,1
DA:9,1
DA:10,1
DA:11,1
DA:13,1
DA:14,1
DA:18,1
DA:19,1
DA:20,1
DA:23,1
DA:24,1
DA:25,1
DA:26,1
DA:27,1
DA:28,0
DA:32,1
DA:33,0
DA:37,1
DA:40,1
DA:42,0
DA:46,1
DA:48,1
LF:28
LH:25
BRDA:27,0,0,0
BRF:1
BRH:0
end_of_record
TN:
SF:src\infrastructure\web\express\controllers\auth.controller.ts
FN:22,(anonymous_0)
FN:58,(anonymous_1)
FN:89,(anonymous_2)
FNF:3
FNH:3
FNDA:5,(anonymous_0)
FNDA:4,(anonymous_1)
FNDA:1,(anonymous_2)
DA:3,1
DA:4,1
DA:5,1
DA:6,1
DA:7,1
DA:8,1
DA:9,1
DA:10,1
DA:11,1
DA:12,1
DA:18,1
DA:28,5
DA:31,5
DA:32,5
DA:34,5
DA:38,0
DA:41,5
DA:44,5
DA:48,4
DA:51,1
DA:64,4
DA:67,4
DA:68,4
DA:69,4
DA:70,0
DA:73,4
DA:75,4
DA:78,2
DA:81,2
DA:96,1
DA:98,1
DA:101,0
DA:104,0
DA:112,1
DA:115,1
DA:117,1
DA:119,1
DA:121,0
DA:124,0
DA:128,1
DA:132,1
DA:134,0
DA:138,0
LF:43
LH:35
BRDA:34,0,0,0
BRDA:69,1,0,0
BRDA:98,2,0,0
BRDA:119,3,0,0
BRF:4
BRH:0
end_of_record
TN:
SF:src\infrastructure\web\express\controllers\customer.controller.ts
FN:17,(anonymous_0)
FN:50,(anonymous_1)
FN:73,(anonymous_2)
FN:112,(anonymous_3)
FNF:4
FNH:0
FNDA:0,(anonymous_0)
FNDA:0,(anonymous_1)
FNDA:0,(anonymous_2)
FNDA:0,(anonymous_3)
DA:3,1
DA:4,1
DA:5,1
DA:6,1
DA:7,1
DA:8,1
DA:9,1
DA:10,1
DA:11,1
DA:15,1
DA:22,0
DA:27,0
DA:40,0
DA:42,0
DA:43,0
DA:45,0
DA:55,0
DA:56,0
DA:58,0
DA:62,0
DA:66,0
DA:68,0
DA:78,0
DA:79,0
DA:81,0
DA:82,0
DA:83,0
DA:85,0
DA:86,0
DA:87,0
DA:89,0
DA:92,0
DA:96,0
DA:105,0
DA:107,0
DA:117,0
DA:118,0
DA:120,0
DA:121,0
DA:122,0
DA:124,0
DA:128,0
DA:133,0
DA:135,0
LF:44
LH:10
BRDA:29,0,0,0
BRDA:29,0,1,0
BRDA:32,1,0,0
BRDA:32,1,1,0
BRDA:82,2,0,0
BRDA:87,3,0,0
BRDA:121,4,0,0
BRF:7
BRH:0
end_of_record
TN:
SF:src\infrastructure\web\express\controllers\data-upload.controller.ts
FN:9,(anonymous_0)
FN:83,(anonymous_1)
FNF:2
FNH:0
FNDA:0,(anonymous_0)
FNDA:0,(anonymous_1)
DA:3,1
DA:4,1
DA:5,1
DA:6,1
DA:8,1
DA:15,0
DA:17,0
DA:26,0
DA:27,0
DA:29,0
DA:32,0
DA:41,0
DA:42,0
DA:44,0
DA:47,0
DA:55,0
DA:57,0
DA:62,0
DA:68,0
DA:75,0
DA:79,0
DA:89,0
DA:90,0
DA:99,0
DA:100,0
DA:101,0
DA:104,0
DA:113,0
DA:114,0
DA:115,0
DA:118,0
DA:126,0
DA:128,0
DA:133,0
DA:139,0
DA:145,0
DA:149,0
LF:37
LH:5
BRDA:15,0,0,0
BRDA:27,1,0,0
BRDA:42,2,0,0
BRDA:89,3,0,0
BRDA:100,4,0,0
BRDA:114,5,0,0
BRF:6
BRH:0
end_of_record
TN:
SF:src\infrastructure\web\express\controllers\report.controller.ts
FN:12,(anonymous_0)
FN:28,(anonymous_1)
FN:45,(anonymous_2)
FN:103,(anonymous_3)
FN:124,(anonymous_4)
FNF:5
FNH:0
FNDA:0,(anonymous_0)
FNDA:0,(anonymous_1)
FNDA:0,(anonymous_2)
FNDA:0,(anonymous_3)
FNDA:0,(anonymous_4)
DA:3,1
DA:4,1
DA:5,1
DA:6,1
DA:7,1
DA:8,1
DA:9,1
DA:11,1
DA:17,0
DA:18,0
DA:21,0
DA:22,0
DA:24,0
DA:33,0
DA:34,0
DA:35,0
DA:38,0
DA:39,0
DA:41,0
DA:50,0
DA:51,0
DA:54,0
DA:55,0
DA:56,0
DA:57,0
DA:58,0
DA:59,0
DA:60,0
DA:61,0
DA:62,0
DA:63,0
DA:64,0
DA:65,0
DA:66,0
DA:67,0
DA:68,0
DA:69,0
DA:70,0
DA:71,0
DA:72,0
DA:73,0
DA:74,0
DA:75,0
DA:78,0
DA:79,0
DA:83,0
DA:84,0
DA:85,0
DA:87,0
DA:89,0
DA:97,0
DA:99,0
DA:108,0
DA:109,0
DA:110,0
DA:112,0
DA:118,0
DA:120,0
DA:129,0
DA:130,0
DA:135,0
DA:137,0
DA:138,0
DA:139,0
DA:145,0
DA:170,0
DA:173,0
DA:174,0
DA:175,0
DA:180,0
DA:182,0
DA:188,0
DA:189,0
DA:194,0
DA:195,0
DA:200,0
DA:201,0
DA:206,0
DA:207,0
DA:210,0
DA:211,0
DA:212,0
DA:218,0
DA:220,0
DA:228,0
DA:230,0
LF:86
LH:8
BRDA:34,0,0,0
BRDA:34,0,1,0
BRDA:55,1,0,0
BRDA:56,2,0,0
BRDA:58,3,0,0
BRDA:60,4,0,0
BRDA:62,5,0,0
BRDA:64,6,0,0
BRDA:66,7,0,0
BRDA:68,8,0,0
BRDA:70,9,0,0
BRDA:72,10,0,0
BRDA:74,11,0,0
BRDA:78,12,0,0
BRDA:83,13,0,0
BRDA:83,13,1,0
BRDA:84,14,0,0
BRDA:84,14,1,0
BRDA:85,15,0,0
BRDA:85,15,1,0
BRDA:87,16,0,0
BRDA:87,16,1,0
BRDA:115,17,0,0
BRDA:115,17,1,0
BRDA:137,18,0,0
BRDA:170,19,0,0
BRDA:170,19,1,0
BRDA:173,20,0,0
BRDA:173,20,1,0
BRDA:175,21,0,0
BRDA:175,21,1,0
BRDA:188,22,0,0
BRDA:194,23,0,0
BRDA:200,24,0,0
BRDA:206,25,0,0
BRDA:210,26,0,0
BRDA:210,26,1,0
BRDA:211,27,0,0
BRDA:211,27,1,0
BRDA:212,28,0,0
BRDA:212,28,1,0
BRDA:218,29,0,0
BRDA:218,29,1,0
BRF:43
BRH:0
end_of_record
TN:
SF:src\infrastructure\web\express\controllers\user.controller.ts
FN:16,(anonymous_0)
FN:43,(anonymous_1)
FN:62,(anonymous_2)
FN:98,(anonymous_3)
FNF:4
FNH:0
FNDA:0,(anonymous_0)
FNDA:0,(anonymous_1)
FNDA:0,(anonymous_2)
FNDA:0,(anonymous_3)
DA:3,1
DA:4,1
DA:5,1
DA:6,1
DA:7,1
DA:8,1
DA:9,1
DA:10,1
DA:11,1
DA:14,1
DA:21,0
DA:23,0
DA:34,0
DA:35,0
DA:36,0
DA:38,0
DA:48,0
DA:49,0
DA:50,0
DA:51,0
DA:52,0
DA:53,0
DA:55,0
DA:57,0
DA:67,0
DA:68,0
DA:69,0
DA:72,0
DA:73,0
DA:76,0
DA:79,0
DA:80,0
DA:85,0
DA:86,0
DA:91,0
DA:93,0
DA:103,0
DA:104,0
DA:107,0
DA:108,0
DA:111,0
DA:112,0
DA:114,0
DA:115,0
DA:118,0
DA:120,0
LF:46
LH:10
BRDA:24,0,0,0
BRDA:24,0,1,0
BRDA:27,1,0,0
BRDA:27,1,1,0
BRDA:52,2,0,0
BRDA:73,3,0,0
BRDA:85,4,0,0
BRDA:107,5,0,0
BRDA:114,6,0,0
BRF:9
BRH:0
end_of_record
TN:
SF:src\infrastructure\web\express\middlewares\auth.middleware.ts
FN:11,(anonymous_0)
FNF:1
FNH:1
FNDA:5,(anonymous_0)
DA:3,1
DA:4,1
DA:9,1
DA:11,1
DA:16,5
DA:18,5
DA:19,1
DA:24,4
DA:25,4
DA:26,0
DA:31,4
DA:32,4
DA:34,4
DA:37,4
DA:39,3
DA:42,3
DA:52,1
DA:57,1
DA:61,1
DA:63,0
DA:67,0
LF:21
LH:18
BRDA:18,0,0,1
BRDA:18,1,0,5
BRDA:18,1,1,4
BRDA:25,2,0,0
BRDA:37,3,0,3
BRDA:37,4,0,4
BRDA:37,4,1,1
BRDA:37,4,2,1
BRDA:69,5,0,0
BRDA:69,5,1,0
BRF:10
BRH:7
end_of_record
TN:
SF:src\infrastructure\web\express\middlewares\error.middleware.ts
FN:11,extractErrorMessages
FN:13,(anonymous_2)
FN:24,errorHandler
FNF:3
FNH:3
FNDA:4,extractErrorMessages
FNDA:4,(anonymous_2)
FNDA:11,errorHandler
DA:4,1
DA:6,1
DA:12,4
DA:13,4
DA:14,4
DA:15,4
DA:17,4
DA:18,0
DA:21,4
DA:24,1
DA:31,11
DA:33,11
DA:40,11
DA:45,11
DA:46,11
DA:47,11
DA:51,11
DA:52,11
DA:57,4
DA:61,4
DA:62,4
DA:65,7
DA:69,11
DA:70,0
DA:74,0
DA:75,0
DA:80,0
DA:81,0
DA:86,11
LF:29
LH:23
BRDA:14,0,0,4
BRDA:17,1,0,0
BRDA:17,2,0,4
BRDA:17,2,1,4
BRDA:45,3,0,11
BRDA:45,3,1,0
BRDA:52,4,0,4
BRDA:52,4,1,7
BRDA:53,5,0,11
BRDA:53,5,1,4
BRDA:65,6,0,0
BRDA:65,6,1,7
BRDA:69,7,0,0
BRDA:69,8,0,11
BRDA:69,8,1,0
BRDA:69,8,2,0
BRDA:76,9,0,0
BRDA:76,9,1,0
BRDA:80,10,0,0
BRDA:80,11,0,0
BRDA:80,11,1,0
BRF:21
BRH:10
end_of_record
TN:
SF:src\infrastructure\web\express\middlewares\role.middleware.ts
FN:14,(anonymous_0)
FN:15,(anonymous_1)
FN:48,(anonymous_2)
FNF:3
FNH:1
FNDA:7,(anonymous_0)
FNDA:0,(anonymous_1)
FNDA:0,(anonymous_2)
DA:3,1
DA:14,1
DA:15,7
DA:17,0
DA:20,0
DA:23,0
DA:32,0
DA:33,0
DA:38,0
DA:47,0
DA:48,0
DA:49,0
DA:52,0
DA:54,0
DA:57,0
DA:60,0
LF:16
LH:3
BRDA:17,0,0,0
BRDA:32,1,0,0
BRDA:32,2,0,0
BRDA:32,2,1,0
BRDA:52,3,0,0
BRDA:52,3,1,0
BRF:6
BRH:0
end_of_record
TN:
SF:src\infrastructure\web\express\middlewares\upload.middleware.ts
FN:27,(anonymous_1)
FN:31,(anonymous_2)
FN:42,(anonymous_3)
FNF:3
FNH:0
FNDA:0,(anonymous_1)
FNDA:0,(anonymous_2)
FNDA:0,(anonymous_3)
DA:2,1
DA:3,1
DA:4,1
DA:5,1
DA:11,1
DA:14,1
DA:15,0
DA:16,0
DA:17,0
DA:19,0
DA:21,0
DA:25,1
DA:28,0
DA:34,0
DA:35,0
DA:36,0
DA:42,1
DA:49,0
DA:53,0
DA:56,0
DA:67,1
DA:77,1
LF:22
LH:10
BRDA:14,0,0,0
BRDA:49,1,0,0
BRDA:49,1,1,0
BRDA:50,2,0,0
BRDA:50,2,1,0
BRF:5
BRH:0
end_of_record
TN:
SF:src\infrastructure\web\express\middlewares\validation.middleware.ts
FN:18,formatValidationErrorsToString
FN:20,(anonymous_1)
FN:37,validationMiddleware
FN:41,(anonymous_3)
FNF:4
FNH:4
FNDA:4,formatValidationErrorsToString
FNDA:4,(anonymous_1)
FNDA:2,validationMiddleware
FNDA:13,(anonymous_3)
DA:3,1
DA:4,1
DA:5,1
DA:19,4
DA:21,4
DA:22,4
DA:24,0
DA:25,0
DA:27,0
DA:37,1
DA:41,2
DA:42,13
DA:44,13
DA:50,13
DA:51,4
DA:53,4
DA:58,4
DA:60,4
DA:63,9
DA:64,9
LF:20
LH:17
BRDA:21,0,0,4
BRDA:24,1,0,0
BRDA:24,2,0,0
BRDA:24,2,1,0
BRDA:39,3,0,2
BRDA:50,4,0,4
BRF:6
BRH:3
end_of_record
TN:
SF:src\infrastructure\web\express\routes\auth.routes.ts
FNF:0
FNH:0
DA:2,1
DA:3,1
DA:4,1
DA:5,1
DA:6,1
DA:7,1
DA:9,1
DA:10,1
DA:52,1
DA:98,1
DA:135,1
DA:137,1
LF:12
LH:12
BRF:0
BRH:0
end_of_record
TN:
SF:src\infrastructure\web\express\routes\customer.routes.ts
FNF:0
FNH:0
DA:2,1
DA:3,1
DA:4,1
DA:5,1
DA:9,1
DA:10,1
DA:13,1
DA:42,1
DA:75,1
DA:112,1
DA:148,1
DA:154,1
LF:12
LH:12
BRF:0
BRH:0
end_of_record
TN:
SF:src\infrastructure\web\express\routes\data-upload.routes.ts
FNF:0
FNH:0
DA:2,1
DA:3,1
DA:4,1
DA:5,1
DA:6,1
DA:8,1
DA:13,1
DA:19,1
DA:89,1
DA:163,1
DA:175,1
LF:11
LH:11
BRF:0
BRH:0
end_of_record
TN:
SF:src\infrastructure\web\express\routes\report.routes.ts
FNF:0
FNH:0
DA:2,1
DA:3,1
DA:4,1
DA:6,1
DA:7,1
DA:10,1
DA:33,1
DA:59,1
DA:191,1
DA:273,1
DA:314,1
DA:316,1
LF:12
LH:12
BRF:0
BRH:0
end_of_record
TN:
SF:src\infrastructure\web\express\routes\user.routes.ts
FNF:0
FNH:0
DA:2,1
DA:3,1
DA:4,1
DA:5,1
DA:12,1
DA:13,1
DA:17,1
DA:18,1
DA:104,1
DA:149,1
DA:202,1
DA:243,1
DA:313,1
LF:13
LH:13
BRF:0
BRH:0
end_of_record
